nohup: 忽略输入
2025-01-21 21:29:57.299758: I tensorflow/core/util/port.cc:110] oneDNN custom operations are on. You may see slightly different numerical results due to floating-point round-off errors from different computation orders. To turn them off, set the environment variable `TF_ENABLE_ONEDNN_OPTS=0`.
2025-01-21 21:29:57.349754: I tensorflow/core/platform/cpu_feature_guard.cc:182] This TensorFlow binary is optimized to use available CPU instructions in performance-critical operations.
To enable the following instructions: AVX2 AVX512F AVX512_VNNI FMA, in other operations, rebuild TensorFlow with the appropriate compiler flags.
2025-01-21 21:29:58.068864: W tensorflow/compiler/tf2tensorrt/utils/py_utils.cc:38] TF-TRT Warning: Could not find TensorRT
Namespace(add_num_times=2, alpha=0.4, anneal_cap=0.2, bert_mask_prob=0.3, best_metric='NDCG@10', block_num=2, cand_num=100, ch=True, context_window=2, dataset_path='data/KuaiRand/kuai.csv', decay_step=5, device='cpu', dilations=[1, 4], dropout=0.3, early_stop=True, embedding_size=32, epochs=100, eval=True, factor_num=128, gamma=0.5, hidden_size=128, hidden_size_list=[128, 128], init_method='default', is_mp=False, is_parallel=False, is_pretrain=1, item_min=10, k=20, kd=False, kernel_size=3, l2_emb=0.0, latent_dim=128, lifelong_eval=True, ll_max_itemnum=0, local_rank=None, loss_type='BPR', lr=0.0001, max_len=20, mess_dropout=0.1, metric_ks=[5, 20], model_name='hinet', mtl_task_num=6, negsample_savefolder='./data/neg_data/', negsample_size=99, node_dropout=0.1, num_embedding=1, num_gpu=1, num_groups=4, num_heads=4, num_items=1, num_labels=1, num_ng=4, num_users=1, optimizer='default', pad_token=0, pretrain_path='', prun_rate=0, re_epochs=20, reg_1=0.0, reg_2=0.0, rho=0.5, sample='random', sample_method='high-pop', sample_ratio=0.3, save_path='./checkpoint/', seed=100, source_path='', target_path='', task=-1, task1_out=0, task2_out=0, task3_out=0, task4_out=0, task_name='mtl', task_num=4, temp=7, test_batch_size=4096, test_method='ufo', test_size=0.1, total_anneal_steps=1000, train_batch_size=4096, user_profile='gender', val_batch_size=4096, val_method='ufo', val_size=0.1111, valid_rate=100, weight_decay=0.0)
digit_columns: ['show_user_num', 'play_user_num', 'complete_play_user_num', 'valid_play_user_num'] to index
  0%|          | 0/4 [00:00<?, ?it/s] 25%|██▌       | 1/4 [00:00<00:00,  6.03it/s] 50%|█████     | 2/4 [00:00<00:00,  6.37it/s] 75%|███████▌  | 3/4 [00:00<00:00,  6.20it/s]100%|██████████| 4/4 [00:00<00:00,  6.32it/s]100%|██████████| 4/4 [00:00<00:00,  6.28it/s]
categorical_columns: ['user_id', 'video_id', 'follow_user_num_range', 'tab', 'fans_user_num_range', 'friend_user_num_range', 'author_id', 'video_type', 'music_type', 'show_user_num', 'play_user_num', 'complete_play_user_num', 'valid_play_user_num'] to index
  0%|          | 0/13 [00:00<?, ?it/s] 15%|█▌        | 2/13 [00:00<00:01,  9.69it/s] 23%|██▎       | 3/13 [00:00<00:01,  6.09it/s] 38%|███▊      | 5/13 [00:00<00:01,  6.65it/s] 46%|████▌     | 6/13 [00:00<00:01,  6.18it/s] 54%|█████▍    | 7/13 [00:01<00:00,  6.21it/s] 62%|██████▏   | 8/13 [00:01<00:00,  5.99it/s] 77%|███████▋  | 10/13 [00:01<00:00,  8.38it/s] 92%|█████████▏| 12/13 [00:01<00:00,  9.98it/s]100%|██████████| 13/13 [00:01<00:00,  8.11it/s]
0it [00:00, ?it/s]19it [00:00, 191.30it/s]
Epoch 1 train loss is 4.351, total scene, click auc is 0.505, like auc is 0.502, follow auc is 0.504, 5s auc is 0.507, 10s auc is 0.505, 18s auc is 0.506
Epoch 1 val loss is 4.042, total scene, click auc is 0.545, like auc is 0.492, follow auc is 0.458, 5s auc is 0.549, 10s auc is 0.537, 18s auc is 0.543
Epoch 1 val loss is 4.351, scene 1, click auc is 0.510, like auc is 0.489, follow auc is 0.778, 5s auc is 0.498, 10s auc is 0.501, 18s auc is 0.504
Epoch 1 val loss is 4.351, scene 2, click auc is 0.516, like auc is 0.490, follow auc is 0.454, 5s auc is 0.513, 10s auc is 0.514, 18s auc is 0.522
Epoch 1 val loss is 4.351, scene 3, click auc is 0.505, like auc is 0.453, follow auc is 0.471, 5s auc is 0.512, 10s auc is 0.508, 18s auc is 0.507
Epoch 1 val loss is 4.351, scene 4, click auc is 0.517, like auc is 0.526, follow auc is 0.466, 5s auc is 0.511, 10s auc is 0.507, 18s auc is 0.507
Epoch 2 train loss is 2.810, total scene, click auc is 0.541, like auc is 0.517, follow auc is 0.528, 5s auc is 0.549, 10s auc is 0.541, 18s auc is 0.539
Epoch 2 val loss is 2.762, total scene, click auc is 0.553, like auc is 0.516, follow auc is 0.519, 5s auc is 0.559, 10s auc is 0.553, 18s auc is 0.554
Epoch 2 val loss is 2.810, scene 1, click auc is 0.491, like auc is 0.493, follow auc is 0.474, 5s auc is 0.499, 10s auc is 0.497, 18s auc is 0.506
Epoch 2 val loss is 2.810, scene 2, click auc is 0.520, like auc is 0.484, follow auc is 0.489, 5s auc is 0.516, 10s auc is 0.522, 18s auc is 0.530
Epoch 2 val loss is 2.810, scene 3, click auc is 0.519, like auc is 0.432, follow auc is 0.499, 5s auc is 0.529, 10s auc is 0.514, 18s auc is 0.521
Epoch 2 val loss is 2.810, scene 4, click auc is 0.500, like auc is 0.491, follow auc is 0.700, 5s auc is 0.503, 10s auc is 0.503, 18s auc is 0.503
Epoch 3 train loss is 2.763, total scene, click auc is 0.549, like auc is 0.527, follow auc is 0.551, 5s auc is 0.556, 10s auc is 0.551, 18s auc is 0.551
Epoch 3 val loss is 2.758, total scene, click auc is 0.559, like auc is 0.517, follow auc is 0.524, 5s auc is 0.562, 10s auc is 0.559, 18s auc is 0.557
Epoch 3 val loss is 2.763, scene 1, click auc is 0.509, like auc is 0.455, follow auc is 0.394, 5s auc is 0.491, 10s auc is 0.495, 18s auc is 0.504
Epoch 3 val loss is 2.763, scene 2, click auc is 0.523, like auc is 0.483, follow auc is 0.505, 5s auc is 0.519, 10s auc is 0.527, 18s auc is 0.532
Epoch 3 val loss is 2.763, scene 3, click auc is 0.531, like auc is 0.529, follow auc is 0.530, 5s auc is 0.538, 10s auc is 0.533, 18s auc is 0.545
Epoch 3 val loss is 2.763, scene 4, click auc is 0.519, like auc is 0.480, follow auc is 0.592, 5s auc is 0.518, 10s auc is 0.513, 18s auc is 0.513
Epoch 4 train loss is 2.758, total scene, click auc is 0.558, like auc is 0.529, follow auc is 0.549, 5s auc is 0.564, 10s auc is 0.557, 18s auc is 0.557
Epoch 4 val loss is 2.752, total scene, click auc is 0.568, like auc is 0.519, follow auc is 0.543, 5s auc is 0.574, 10s auc is 0.563, 18s auc is 0.564
Epoch 4 val loss is 2.758, scene 1, click auc is 0.503, like auc is 0.442, follow auc is 0.338, 5s auc is 0.500, 10s auc is 0.510, 18s auc is 0.518
Epoch 4 val loss is 2.758, scene 2, click auc is 0.525, like auc is 0.482, follow auc is 0.531, 5s auc is 0.520, 10s auc is 0.526, 18s auc is 0.534
Epoch 4 val loss is 2.758, scene 3, click auc is 0.532, like auc is 0.486, follow auc is 0.407, 5s auc is 0.536, 10s auc is 0.524, 18s auc is 0.533
Epoch 4 val loss is 2.758, scene 4, click auc is 0.517, like auc is 0.495, follow auc is 0.617, 5s auc is 0.512, 10s auc is 0.512, 18s auc is 0.512
Epoch 5 train loss is 2.752, total scene, click auc is 0.566, like auc is 0.527, follow auc is 0.549, 5s auc is 0.572, 10s auc is 0.565, 18s auc is 0.564
Epoch 5 val loss is 2.747, total scene, click auc is 0.574, like auc is 0.522, follow auc is 0.529, 5s auc is 0.580, 10s auc is 0.571, 18s auc is 0.568
Epoch 5 val loss is 2.752, scene 1, click auc is 0.511, like auc is 0.491, follow auc is 0.794, 5s auc is 0.512, 10s auc is 0.513, 18s auc is 0.522
Epoch 5 val loss is 2.752, scene 2, click auc is 0.529, like auc is 0.485, follow auc is 0.501, 5s auc is 0.526, 10s auc is 0.531, 18s auc is 0.537
Epoch 5 val loss is 2.752, scene 3, click auc is 0.543, like auc is 0.506, follow auc is 0.495, 5s auc is 0.540, 10s auc is 0.538, 18s auc is 0.537
Epoch 5 val loss is 2.752, scene 4, click auc is 0.523, like auc is 0.471, follow auc is 0.622, 5s auc is 0.518, 10s auc is 0.515, 18s auc is 0.515
Epoch 6 train loss is 2.746, total scene, click auc is 0.574, like auc is 0.530, follow auc is 0.556, 5s auc is 0.580, 10s auc is 0.572, 18s auc is 0.571
Epoch 6 val loss is 2.741, total scene, click auc is 0.582, like auc is 0.520, follow auc is 0.543, 5s auc is 0.589, 10s auc is 0.579, 18s auc is 0.576
Epoch 6 val loss is 2.746, scene 1, click auc is 0.509, like auc is 0.456, follow auc is 0.818, 5s auc is 0.504, 10s auc is 0.501, 18s auc is 0.509
Epoch 6 val loss is 2.746, scene 2, click auc is 0.532, like auc is 0.483, follow auc is 0.527, 5s auc is 0.529, 10s auc is 0.534, 18s auc is 0.542
Epoch 6 val loss is 2.746, scene 3, click auc is 0.540, like auc is 0.431, follow auc is 0.429, 5s auc is 0.542, 10s auc is 0.543, 18s auc is 0.532
Epoch 6 val loss is 2.746, scene 4, click auc is 0.535, like auc is 0.496, follow auc is 0.491, 5s auc is 0.533, 10s auc is 0.531, 18s auc is 0.531
Epoch 7 train loss is 2.736, total scene, click auc is 0.583, like auc is 0.529, follow auc is 0.557, 5s auc is 0.590, 10s auc is 0.582, 18s auc is 0.580
Epoch 7 val loss is 2.729, total scene, click auc is 0.590, like auc is 0.522, follow auc is 0.550, 5s auc is 0.597, 10s auc is 0.587, 18s auc is 0.586
Epoch 7 val loss is 2.736, scene 1, click auc is 0.514, like auc is 0.498, follow auc is 0.721, 5s auc is 0.516, 10s auc is 0.519, 18s auc is 0.533
Epoch 7 val loss is 2.736, scene 2, click auc is 0.540, like auc is 0.482, follow auc is 0.530, 5s auc is 0.535, 10s auc is 0.542, 18s auc is 0.550
Epoch 7 val loss is 2.736, scene 3, click auc is 0.542, like auc is 0.502, follow auc is 0.495, 5s auc is 0.541, 10s auc is 0.542, 18s auc is 0.543
Epoch 7 val loss is 2.736, scene 4, click auc is 0.523, like auc is 0.510, follow auc is 0.497, 5s auc is 0.518, 10s auc is 0.520, 18s auc is 0.520
Epoch 8 train loss is 2.726, total scene, click auc is 0.592, like auc is 0.530, follow auc is 0.545, 5s auc is 0.599, 10s auc is 0.591, 18s auc is 0.588
Epoch 8 val loss is 2.719, total scene, click auc is 0.599, like auc is 0.522, follow auc is 0.555, 5s auc is 0.605, 10s auc is 0.595, 18s auc is 0.594
Epoch 8 val loss is 2.726, scene 1, click auc is 0.508, like auc is 0.466, follow auc is 0.325, 5s auc is 0.501, 10s auc is 0.498, 18s auc is 0.511
Epoch 8 val loss is 2.726, scene 2, click auc is 0.544, like auc is 0.480, follow auc is 0.525, 5s auc is 0.538, 10s auc is 0.545, 18s auc is 0.553
Epoch 8 val loss is 2.726, scene 3, click auc is 0.554, like auc is 0.441, follow auc is 0.455, 5s auc is 0.548, 10s auc is 0.555, 18s auc is 0.552
Epoch 8 val loss is 2.726, scene 4, click auc is 0.535, like auc is 0.493, follow auc is 0.731, 5s auc is 0.530, 10s auc is 0.528, 18s auc is 0.528
Epoch 9 train loss is 2.714, total scene, click auc is 0.602, like auc is 0.533, follow auc is 0.545, 5s auc is 0.609, 10s auc is 0.600, 18s auc is 0.596
Epoch 9 val loss is 2.708, total scene, click auc is 0.606, like auc is 0.526, follow auc is 0.536, 5s auc is 0.613, 10s auc is 0.603, 18s auc is 0.600
Epoch 9 val loss is 2.714, scene 1, click auc is 0.511, like auc is 0.489, follow auc is 0.370, 5s auc is 0.507, 10s auc is 0.506, 18s auc is 0.530
Epoch 9 val loss is 2.714, scene 2, click auc is 0.549, like auc is 0.484, follow auc is 0.509, 5s auc is 0.543, 10s auc is 0.552, 18s auc is 0.560
Epoch 9 val loss is 2.714, scene 3, click auc is 0.564, like auc is 0.460, follow auc is 0.454, 5s auc is 0.558, 10s auc is 0.564, 18s auc is 0.558
Epoch 9 val loss is 2.714, scene 4, click auc is 0.533, like auc is 0.519, follow auc is 0.553, 5s auc is 0.531, 10s auc is 0.527, 18s auc is 0.527
Epoch 10 train loss is 2.705, total scene, click auc is 0.607, like auc is 0.533, follow auc is 0.564, 5s auc is 0.614, 10s auc is 0.605, 18s auc is 0.603
Epoch 10 val loss is 2.705, total scene, click auc is 0.608, like auc is 0.525, follow auc is 0.563, 5s auc is 0.612, 10s auc is 0.605, 18s auc is 0.605
Epoch 10 val loss is 2.705, scene 1, click auc is 0.511, like auc is 0.513, follow auc is 0.156, 5s auc is 0.514, 10s auc is 0.516, 18s auc is 0.524
Epoch 10 val loss is 2.705, scene 2, click auc is 0.549, like auc is 0.482, follow auc is 0.534, 5s auc is 0.540, 10s auc is 0.552, 18s auc is 0.562
Epoch 10 val loss is 2.705, scene 3, click auc is 0.561, like auc is 0.440, follow auc is 0.519, 5s auc is 0.559, 10s auc is 0.565, 18s auc is 0.566
Epoch 10 val loss is 2.705, scene 4, click auc is 0.536, like auc is 0.483, follow auc is 0.667, 5s auc is 0.531, 10s auc is 0.533, 18s auc is 0.533
Epoch 11 train loss is 2.694, total scene, click auc is 0.614, like auc is 0.533, follow auc is 0.552, 5s auc is 0.621, 10s auc is 0.613, 18s auc is 0.609
Epoch 11 val loss is 2.690, total scene, click auc is 0.617, like auc is 0.525, follow auc is 0.542, 5s auc is 0.625, 10s auc is 0.613, 18s auc is 0.611
Epoch 11 val loss is 2.694, scene 1, click auc is 0.503, like auc is 0.488, follow auc is 0.212, 5s auc is 0.498, 10s auc is 0.496, 18s auc is 0.520
Epoch 11 val loss is 2.694, scene 2, click auc is 0.555, like auc is 0.479, follow auc is 0.514, 5s auc is 0.550, 10s auc is 0.558, 18s auc is 0.566
Epoch 11 val loss is 2.694, scene 3, click auc is 0.566, like auc is 0.433, follow auc is 0.444, 5s auc is 0.560, 10s auc is 0.565, 18s auc is 0.566
Epoch 11 val loss is 2.694, scene 4, click auc is 0.538, like auc is 0.499, follow auc is 0.486, 5s auc is 0.536, 10s auc is 0.540, 18s auc is 0.540
Epoch 12 train loss is 2.680, total scene, click auc is 0.622, like auc is 0.535, follow auc is 0.561, 5s auc is 0.630, 10s auc is 0.621, 18s auc is 0.617
Epoch 12 val loss is 2.676, total scene, click auc is 0.624, like auc is 0.518, follow auc is 0.559, 5s auc is 0.631, 10s auc is 0.622, 18s auc is 0.620
Epoch 12 val loss is 2.680, scene 1, click auc is 0.507, like auc is 0.436, follow auc is 0.474, 5s auc is 0.504, 10s auc is 0.507, 18s auc is 0.523
Epoch 12 val loss is 2.680, scene 2, click auc is 0.562, like auc is 0.477, follow auc is 0.532, 5s auc is 0.554, 10s auc is 0.565, 18s auc is 0.573
Epoch 12 val loss is 2.680, scene 3, click auc is 0.570, like auc is 0.486, follow auc is 0.369, 5s auc is 0.571, 10s auc is 0.576, 18s auc is 0.572
Epoch 12 val loss is 2.680, scene 4, click auc is 0.558, like auc is 0.482, follow auc is 0.639, 5s auc is 0.554, 10s auc is 0.556, 18s auc is 0.556
Epoch 13 train loss is 2.669, total scene, click auc is 0.628, like auc is 0.534, follow auc is 0.560, 5s auc is 0.635, 10s auc is 0.627, 18s auc is 0.623
Epoch 13 val loss is 2.673, total scene, click auc is 0.627, like auc is 0.532, follow auc is 0.535, 5s auc is 0.637, 10s auc is 0.627, 18s auc is 0.626
Epoch 13 val loss is 2.669, scene 1, click auc is 0.517, like auc is 0.484, follow auc is 0.280, 5s auc is 0.515, 10s auc is 0.520, 18s auc is 0.547
Epoch 13 val loss is 2.669, scene 2, click auc is 0.564, like auc is 0.483, follow auc is 0.482, 5s auc is 0.559, 10s auc is 0.570, 18s auc is 0.579
Epoch 13 val loss is 2.669, scene 3, click auc is 0.569, like auc is 0.458, follow auc is 0.426, 5s auc is 0.568, 10s auc is 0.576, 18s auc is 0.574
Epoch 13 val loss is 2.669, scene 4, click auc is 0.547, like auc is 0.514, follow auc is 0.776, 5s auc is 0.545, 10s auc is 0.546, 18s auc is 0.546
Epoch 14 train loss is 2.661, total scene, click auc is 0.632, like auc is 0.537, follow auc is 0.571, 5s auc is 0.640, 10s auc is 0.631, 18s auc is 0.628
Epoch 14 val loss is 2.651, total scene, click auc is 0.635, like auc is 0.529, follow auc is 0.550, 5s auc is 0.643, 10s auc is 0.634, 18s auc is 0.633
Epoch 14 val loss is 2.661, scene 1, click auc is 0.520, like auc is 0.475, follow auc is 0.488, 5s auc is 0.519, 10s auc is 0.529, 18s auc is 0.552
Epoch 14 val loss is 2.661, scene 2, click auc is 0.570, like auc is 0.477, follow auc is 0.494, 5s auc is 0.562, 10s auc is 0.574, 18s auc is 0.584
Epoch 14 val loss is 2.661, scene 3, click auc is 0.583, like auc is 0.484, follow auc is 0.567, 5s auc is 0.585, 10s auc is 0.592, 18s auc is 0.594
Epoch 14 val loss is 2.661, scene 4, click auc is 0.557, like auc is 0.528, follow auc is 0.730, 5s auc is 0.553, 10s auc is 0.556, 18s auc is 0.556
Epoch 15 train loss is 2.650, total scene, click auc is 0.636, like auc is 0.539, follow auc is 0.574, 5s auc is 0.644, 10s auc is 0.636, 18s auc is 0.633
Epoch 15 val loss is 2.650, total scene, click auc is 0.636, like auc is 0.537, follow auc is 0.541, 5s auc is 0.643, 10s auc is 0.636, 18s auc is 0.634
Epoch 15 val loss is 2.650, scene 1, click auc is 0.527, like auc is 0.526, follow auc is 0.349, 5s auc is 0.520, 10s auc is 0.521, 18s auc is 0.540
Epoch 15 val loss is 2.650, scene 2, click auc is 0.571, like auc is 0.488, follow auc is 0.499, 5s auc is 0.563, 10s auc is 0.576, 18s auc is 0.585
Epoch 15 val loss is 2.650, scene 3, click auc is 0.580, like auc is 0.483, follow auc is 0.421, 5s auc is 0.579, 10s auc is 0.584, 18s auc is 0.585
Epoch 15 val loss is 2.650, scene 4, click auc is 0.560, like auc is 0.502, follow auc is 0.631, 5s auc is 0.556, 10s auc is 0.561, 18s auc is 0.561
Epoch 16 train loss is 2.637, total scene, click auc is 0.642, like auc is 0.537, follow auc is 0.563, 5s auc is 0.650, 10s auc is 0.642, 18s auc is 0.639
Epoch 16 val loss is 2.634, total scene, click auc is 0.642, like auc is 0.537, follow auc is 0.568, 5s auc is 0.650, 10s auc is 0.641, 18s auc is 0.639
Epoch 16 val loss is 2.637, scene 1, click auc is 0.516, like auc is 0.496, follow auc is 0.226, 5s auc is 0.513, 10s auc is 0.515, 18s auc is 0.524
Epoch 16 val loss is 2.637, scene 2, click auc is 0.575, like auc is 0.487, follow auc is 0.526, 5s auc is 0.567, 10s auc is 0.579, 18s auc is 0.588
Epoch 16 val loss is 2.637, scene 3, click auc is 0.581, like auc is 0.466, follow auc is 0.517, 5s auc is 0.579, 10s auc is 0.585, 18s auc is 0.589
Epoch 16 val loss is 2.637, scene 4, click auc is 0.560, like auc is 0.519, follow auc is 0.667, 5s auc is 0.557, 10s auc is 0.565, 18s auc is 0.565
Epoch 17 train loss is 2.627, total scene, click auc is 0.645, like auc is 0.543, follow auc is 0.563, 5s auc is 0.654, 10s auc is 0.646, 18s auc is 0.643
Epoch 17 val loss is 2.623, total scene, click auc is 0.646, like auc is 0.529, follow auc is 0.564, 5s auc is 0.655, 10s auc is 0.646, 18s auc is 0.645
Epoch 17 val loss is 2.627, scene 1, click auc is 0.518, like auc is 0.468, follow auc is 0.377, 5s auc is 0.517, 10s auc is 0.521, 18s auc is 0.545
Epoch 17 val loss is 2.627, scene 2, click auc is 0.578, like auc is 0.486, follow auc is 0.543, 5s auc is 0.571, 10s auc is 0.584, 18s auc is 0.594
Epoch 17 val loss is 2.627, scene 3, click auc is 0.592, like auc is 0.465, follow auc is 0.441, 5s auc is 0.594, 10s auc is 0.605, 18s auc is 0.600
Epoch 17 val loss is 2.627, scene 4, click auc is 0.574, like auc is 0.505, follow auc is 0.448, 5s auc is 0.569, 10s auc is 0.573, 18s auc is 0.573
Epoch 18 train loss is 2.617, total scene, click auc is 0.650, like auc is 0.541, follow auc is 0.551, 5s auc is 0.658, 10s auc is 0.650, 18s auc is 0.647
Epoch 18 val loss is 2.618, total scene, click auc is 0.649, like auc is 0.535, follow auc is 0.545, 5s auc is 0.657, 10s auc is 0.649, 18s auc is 0.648
Epoch 18 val loss is 2.617, scene 1, click auc is 0.524, like auc is 0.507, follow auc is 0.718, 5s auc is 0.519, 10s auc is 0.525, 18s auc is 0.545
Epoch 18 val loss is 2.617, scene 2, click auc is 0.581, like auc is 0.482, follow auc is 0.509, 5s auc is 0.572, 10s auc is 0.586, 18s auc is 0.596
Epoch 18 val loss is 2.617, scene 3, click auc is 0.587, like auc is 0.481, follow auc is 0.416, 5s auc is 0.597, 10s auc is 0.599, 18s auc is 0.604
Epoch 18 val loss is 2.617, scene 4, click auc is 0.561, like auc is 0.530, follow auc is 0.616, 5s auc is 0.557, 10s auc is 0.562, 18s auc is 0.562
Epoch 19 train loss is 2.607, total scene, click auc is 0.654, like auc is 0.546, follow auc is 0.580, 5s auc is 0.662, 10s auc is 0.655, 18s auc is 0.651
Epoch 19 val loss is 2.605, total scene, click auc is 0.653, like auc is 0.539, follow auc is 0.546, 5s auc is 0.661, 10s auc is 0.653, 18s auc is 0.652
Epoch 19 val loss is 2.607, scene 1, click auc is 0.521, like auc is 0.480, follow auc is 0.209, 5s auc is 0.524, 10s auc is 0.528, 18s auc is 0.552
Epoch 19 val loss is 2.607, scene 2, click auc is 0.584, like auc is 0.488, follow auc is 0.504, 5s auc is 0.575, 10s auc is 0.589, 18s auc is 0.600
Epoch 19 val loss is 2.607, scene 3, click auc is 0.595, like auc is 0.468, follow auc is 0.428, 5s auc is 0.598, 10s auc is 0.606, 18s auc is 0.613
Epoch 19 val loss is 2.607, scene 4, click auc is 0.565, like auc is 0.487, follow auc is 0.589, 5s auc is 0.563, 10s auc is 0.570, 18s auc is 0.570
Epoch 20 train loss is 2.598, total scene, click auc is 0.657, like auc is 0.547, follow auc is 0.564, 5s auc is 0.665, 10s auc is 0.658, 18s auc is 0.656
Epoch 20 val loss is 2.597, total scene, click auc is 0.657, like auc is 0.545, follow auc is 0.565, 5s auc is 0.664, 10s auc is 0.656, 18s auc is 0.656
Epoch 20 val loss is 2.598, scene 1, click auc is 0.525, like auc is 0.479, follow auc is 0.664, 5s auc is 0.517, 10s auc is 0.529, 18s auc is 0.552
Epoch 20 val loss is 2.598, scene 2, click auc is 0.588, like auc is 0.495, follow auc is 0.527, 5s auc is 0.579, 10s auc is 0.594, 18s auc is 0.605
Epoch 20 val loss is 2.598, scene 3, click auc is 0.596, like auc is 0.468, follow auc is 0.442, 5s auc is 0.592, 10s auc is 0.602, 18s auc is 0.603
Epoch 20 val loss is 2.598, scene 4, click auc is 0.571, like auc is 0.486, follow auc is 0.610, 5s auc is 0.568, 10s auc is 0.575, 18s auc is 0.575
Epoch 21 train loss is 2.589, total scene, click auc is 0.660, like auc is 0.549, follow auc is 0.572, 5s auc is 0.668, 10s auc is 0.662, 18s auc is 0.659
Epoch 21 val loss is 2.598, total scene, click auc is 0.657, like auc is 0.542, follow auc is 0.584, 5s auc is 0.662, 10s auc is 0.657, 18s auc is 0.658
Epoch 21 val loss is 2.589, scene 1, click auc is 0.526, like auc is 0.492, follow auc is 0.624, 5s auc is 0.520, 10s auc is 0.530, 18s auc is 0.557
Epoch 21 val loss is 2.589, scene 2, click auc is 0.588, like auc is 0.492, follow auc is 0.529, 5s auc is 0.577, 10s auc is 0.593, 18s auc is 0.606
Epoch 21 val loss is 2.589, scene 3, click auc is 0.603, like auc is 0.531, follow auc is 0.545, 5s auc is 0.595, 10s auc is 0.608, 18s auc is 0.611
Epoch 21 val loss is 2.589, scene 4, click auc is 0.571, like auc is 0.511, follow auc is 0.702, 5s auc is 0.566, 10s auc is 0.579, 18s auc is 0.579
Epoch 22 train loss is 2.581, total scene, click auc is 0.663, like auc is 0.549, follow auc is 0.558, 5s auc is 0.672, 10s auc is 0.665, 18s auc is 0.663
Epoch 22 val loss is 2.576, total scene, click auc is 0.664, like auc is 0.546, follow auc is 0.550, 5s auc is 0.672, 10s auc is 0.664, 18s auc is 0.664
Epoch 22 val loss is 2.581, scene 1, click auc is 0.539, like auc is 0.484, follow auc is 0.512, 5s auc is 0.541, 10s auc is 0.556, 18s auc is 0.586
Epoch 22 val loss is 2.581, scene 2, click auc is 0.594, like auc is 0.495, follow auc is 0.509, 5s auc is 0.586, 10s auc is 0.600, 18s auc is 0.612
Epoch 22 val loss is 2.581, scene 3, click auc is 0.610, like auc is 0.515, follow auc is 0.413, 5s auc is 0.608, 10s auc is 0.617, 18s auc is 0.622
Epoch 22 val loss is 2.581, scene 4, click auc is 0.581, like auc is 0.499, follow auc is 0.521, 5s auc is 0.576, 10s auc is 0.583, 18s auc is 0.583
Epoch 23 train loss is 2.571, total scene, click auc is 0.667, like auc is 0.551, follow auc is 0.566, 5s auc is 0.675, 10s auc is 0.669, 18s auc is 0.667
Epoch 23 val loss is 2.576, total scene, click auc is 0.666, like auc is 0.547, follow auc is 0.539, 5s auc is 0.674, 10s auc is 0.666, 18s auc is 0.665
Epoch 23 val loss is 2.571, scene 1, click auc is 0.524, like auc is 0.557, follow auc is 0.299, 5s auc is 0.529, 10s auc is 0.540, 18s auc is 0.565
Epoch 23 val loss is 2.571, scene 2, click auc is 0.597, like auc is 0.496, follow auc is 0.489, 5s auc is 0.588, 10s auc is 0.602, 18s auc is 0.613
Epoch 23 val loss is 2.571, scene 3, click auc is 0.612, like auc is 0.479, follow auc is 0.462, 5s auc is 0.609, 10s auc is 0.620, 18s auc is 0.627
Epoch 23 val loss is 2.571, scene 4, click auc is 0.577, like auc is 0.531, follow auc is 0.562, 5s auc is 0.575, 10s auc is 0.580, 18s auc is 0.580
Epoch 24 train loss is 2.564, total scene, click auc is 0.669, like auc is 0.552, follow auc is 0.568, 5s auc is 0.677, 10s auc is 0.671, 18s auc is 0.669
Epoch 24 val loss is 2.568, total scene, click auc is 0.666, like auc is 0.551, follow auc is 0.581, 5s auc is 0.675, 10s auc is 0.668, 18s auc is 0.669
Epoch 24 val loss is 2.564, scene 1, click auc is 0.531, like auc is 0.495, follow auc is 0.366, 5s auc is 0.528, 10s auc is 0.536, 18s auc is 0.561
Epoch 24 val loss is 2.564, scene 2, click auc is 0.597, like auc is 0.499, follow auc is 0.544, 5s auc is 0.588, 10s auc is 0.604, 18s auc is 0.618
Epoch 24 val loss is 2.564, scene 3, click auc is 0.595, like auc is 0.544, follow auc is 0.486, 5s auc is 0.598, 10s auc is 0.606, 18s auc is 0.612
Epoch 24 val loss is 2.564, scene 4, click auc is 0.582, like auc is 0.491, follow auc is 0.624, 5s auc is 0.577, 10s auc is 0.586, 18s auc is 0.586
Epoch 25 train loss is 2.555, total scene, click auc is 0.672, like auc is 0.556, follow auc is 0.564, 5s auc is 0.681, 10s auc is 0.675, 18s auc is 0.674
Epoch 25 val loss is 2.572, total scene, click auc is 0.667, like auc is 0.561, follow auc is 0.590, 5s auc is 0.675, 10s auc is 0.671, 18s auc is 0.670
Epoch 25 val loss is 2.555, scene 1, click auc is 0.532, like auc is 0.495, follow auc is 0.490, 5s auc is 0.532, 10s auc is 0.538, 18s auc is 0.567
Epoch 25 val loss is 2.555, scene 2, click auc is 0.597, like auc is 0.510, follow auc is 0.554, 5s auc is 0.588, 10s auc is 0.607, 18s auc is 0.618
Epoch 25 val loss is 2.555, scene 3, click auc is 0.601, like auc is 0.494, follow auc is 0.449, 5s auc is 0.604, 10s auc is 0.613, 18s auc is 0.615
Epoch 25 val loss is 2.555, scene 4, click auc is 0.576, like auc is 0.523, follow auc is 0.644, 5s auc is 0.577, 10s auc is 0.587, 18s auc is 0.587
Epoch 26 train loss is 2.550, total scene, click auc is 0.674, like auc is 0.561, follow auc is 0.580, 5s auc is 0.682, 10s auc is 0.677, 18s auc is 0.676
Epoch 26 val loss is 2.546, total scene, click auc is 0.673, like auc is 0.553, follow auc is 0.575, 5s auc is 0.681, 10s auc is 0.675, 18s auc is 0.677
Epoch 26 val loss is 2.550, scene 1, click auc is 0.539, like auc is 0.525, follow auc is 0.608, 5s auc is 0.546, 10s auc is 0.555, 18s auc is 0.581
Epoch 26 val loss is 2.550, scene 2, click auc is 0.604, like auc is 0.501, follow auc is 0.527, 5s auc is 0.594, 10s auc is 0.612, 18s auc is 0.625
Epoch 26 val loss is 2.550, scene 3, click auc is 0.616, like auc is 0.515, follow auc is 0.481, 5s auc is 0.612, 10s auc is 0.621, 18s auc is 0.626
Epoch 26 val loss is 2.550, scene 4, click auc is 0.580, like auc is 0.516, follow auc is 0.637, 5s auc is 0.577, 10s auc is 0.588, 18s auc is 0.588
Epoch 27 train loss is 2.542, total scene, click auc is 0.677, like auc is 0.559, follow auc is 0.569, 5s auc is 0.685, 10s auc is 0.680, 18s auc is 0.679
Epoch 27 val loss is 2.541, total scene, click auc is 0.675, like auc is 0.557, follow auc is 0.593, 5s auc is 0.683, 10s auc is 0.678, 18s auc is 0.677
Epoch 27 val loss is 2.542, scene 1, click auc is 0.530, like auc is 0.510, follow auc is 0.027, 5s auc is 0.537, 10s auc is 0.545, 18s auc is 0.576
Epoch 27 val loss is 2.542, scene 2, click auc is 0.606, like auc is 0.504, follow auc is 0.536, 5s auc is 0.597, 10s auc is 0.615, 18s auc is 0.625
Epoch 27 val loss is 2.542, scene 3, click auc is 0.613, like auc is 0.518, follow auc is 0.592, 5s auc is 0.615, 10s auc is 0.628, 18s auc is 0.633
Epoch 27 val loss is 2.542, scene 4, click auc is 0.587, like auc is 0.509, follow auc is 0.648, 5s auc is 0.583, 10s auc is 0.593, 18s auc is 0.593
Epoch 28 train loss is 2.535, total scene, click auc is 0.679, like auc is 0.560, follow auc is 0.576, 5s auc is 0.687, 10s auc is 0.683, 18s auc is 0.682
Epoch 28 val loss is 2.535, total scene, click auc is 0.677, like auc is 0.561, follow auc is 0.597, 5s auc is 0.684, 10s auc is 0.681, 18s auc is 0.681
Epoch 28 val loss is 2.535, scene 1, click auc is 0.533, like auc is 0.507, follow auc is 0.678, 5s auc is 0.536, 10s auc is 0.546, 18s auc is 0.575
Epoch 28 val loss is 2.535, scene 2, click auc is 0.608, like auc is 0.511, follow auc is 0.557, 5s auc is 0.598, 10s auc is 0.618, 18s auc is 0.630
Epoch 28 val loss is 2.535, scene 3, click auc is 0.610, like auc is 0.469, follow auc is 0.477, 5s auc is 0.618, 10s auc is 0.622, 18s auc is 0.627
Epoch 28 val loss is 2.535, scene 4, click auc is 0.589, like auc is 0.531, follow auc is 0.609, 5s auc is 0.588, 10s auc is 0.600, 18s auc is 0.600
Epoch 29 train loss is 2.528, total scene, click auc is 0.682, like auc is 0.561, follow auc is 0.575, 5s auc is 0.690, 10s auc is 0.685, 18s auc is 0.685
Epoch 29 val loss is 2.534, total scene, click auc is 0.679, like auc is 0.560, follow auc is 0.603, 5s auc is 0.687, 10s auc is 0.682, 18s auc is 0.683
Epoch 29 val loss is 2.528, scene 1, click auc is 0.546, like auc is 0.564, follow auc is 0.691, 5s auc is 0.545, 10s auc is 0.557, 18s auc is 0.577
Epoch 29 val loss is 2.528, scene 2, click auc is 0.610, like auc is 0.505, follow auc is 0.576, 5s auc is 0.601, 10s auc is 0.618, 18s auc is 0.631
Epoch 29 val loss is 2.528, scene 3, click auc is 0.622, like auc is 0.493, follow auc is 0.464, 5s auc is 0.622, 10s auc is 0.635, 18s auc is 0.638
Epoch 29 val loss is 2.528, scene 4, click auc is 0.584, like auc is 0.547, follow auc is 0.533, 5s auc is 0.582, 10s auc is 0.595, 18s auc is 0.595
Epoch 30 train loss is 2.522, total scene, click auc is 0.684, like auc is 0.563, follow auc is 0.568, 5s auc is 0.691, 10s auc is 0.688, 18s auc is 0.688
Epoch 30 val loss is 2.536, total scene, click auc is 0.681, like auc is 0.564, follow auc is 0.575, 5s auc is 0.688, 10s auc is 0.684, 18s auc is 0.685
Epoch 30 val loss is 2.522, scene 1, click auc is 0.533, like auc is 0.513, follow auc is 0.274, 5s auc is 0.532, 10s auc is 0.546, 18s auc is 0.573
Epoch 30 val loss is 2.522, scene 2, click auc is 0.612, like auc is 0.515, follow auc is 0.512, 5s auc is 0.602, 10s auc is 0.620, 18s auc is 0.634
Epoch 30 val loss is 2.522, scene 3, click auc is 0.619, like auc is 0.507, follow auc is 0.555, 5s auc is 0.620, 10s auc is 0.629, 18s auc is 0.635
Epoch 30 val loss is 2.522, scene 4, click auc is 0.593, like auc is 0.507, follow auc is 0.749, 5s auc is 0.589, 10s auc is 0.601, 18s auc is 0.601
Epoch 31 train loss is 2.518, total scene, click auc is 0.686, like auc is 0.563, follow auc is 0.581, 5s auc is 0.693, 10s auc is 0.689, 18s auc is 0.690
Epoch 31 val loss is 2.521, total scene, click auc is 0.682, like auc is 0.560, follow auc is 0.596, 5s auc is 0.690, 10s auc is 0.686, 18s auc is 0.688
Epoch 31 val loss is 2.518, scene 1, click auc is 0.549, like auc is 0.513, follow auc is 0.232, 5s auc is 0.545, 10s auc is 0.557, 18s auc is 0.578
Epoch 31 val loss is 2.518, scene 2, click auc is 0.613, like auc is 0.508, follow auc is 0.576, 5s auc is 0.604, 10s auc is 0.622, 18s auc is 0.636
Epoch 31 val loss is 2.518, scene 3, click auc is 0.632, like auc is 0.483, follow auc is 0.459, 5s auc is 0.632, 10s auc is 0.643, 18s auc is 0.642
Epoch 31 val loss is 2.518, scene 4, click auc is 0.595, like auc is 0.528, follow auc is 0.388, 5s auc is 0.593, 10s auc is 0.605, 18s auc is 0.605
Epoch 32 train loss is 2.512, total scene, click auc is 0.687, like auc is 0.565, follow auc is 0.583, 5s auc is 0.695, 10s auc is 0.692, 18s auc is 0.691
Epoch 32 val loss is 2.516, total scene, click auc is 0.684, like auc is 0.563, follow auc is 0.575, 5s auc is 0.691, 10s auc is 0.688, 18s auc is 0.690
Epoch 32 val loss is 2.512, scene 1, click auc is 0.544, like auc is 0.495, follow auc is 0.393, 5s auc is 0.548, 10s auc is 0.567, 18s auc is 0.606
Epoch 32 val loss is 2.512, scene 2, click auc is 0.616, like auc is 0.512, follow auc is 0.527, 5s auc is 0.605, 10s auc is 0.625, 18s auc is 0.638
Epoch 32 val loss is 2.512, scene 3, click auc is 0.634, like auc is 0.523, follow auc is 0.509, 5s auc is 0.632, 10s auc is 0.646, 18s auc is 0.649
Epoch 32 val loss is 2.512, scene 4, click auc is 0.593, like auc is 0.516, follow auc is 0.618, 5s auc is 0.589, 10s auc is 0.604, 18s auc is 0.604
Epoch 33 train loss is 2.506, total scene, click auc is 0.690, like auc is 0.568, follow auc is 0.582, 5s auc is 0.697, 10s auc is 0.694, 18s auc is 0.695
Epoch 33 val loss is 2.515, total scene, click auc is 0.685, like auc is 0.566, follow auc is 0.582, 5s auc is 0.691, 10s auc is 0.689, 18s auc is 0.692
Epoch 33 val loss is 2.506, scene 1, click auc is 0.553, like auc is 0.538, follow auc is 0.510, 5s auc is 0.555, 10s auc is 0.563, 18s auc is 0.599
Epoch 33 val loss is 2.506, scene 2, click auc is 0.616, like auc is 0.513, follow auc is 0.529, 5s auc is 0.604, 10s auc is 0.626, 18s auc is 0.640
Epoch 33 val loss is 2.506, scene 3, click auc is 0.631, like auc is 0.548, follow auc is 0.521, 5s auc is 0.634, 10s auc is 0.644, 18s auc is 0.647
Epoch 33 val loss is 2.506, scene 4, click auc is 0.595, like auc is 0.537, follow auc is 0.630, 5s auc is 0.594, 10s auc is 0.602, 18s auc is 0.602
Epoch 34 train loss is 2.501, total scene, click auc is 0.692, like auc is 0.566, follow auc is 0.575, 5s auc is 0.699, 10s auc is 0.696, 18s auc is 0.697
Epoch 34 val loss is 2.507, total scene, click auc is 0.688, like auc is 0.563, follow auc is 0.604, 5s auc is 0.695, 10s auc is 0.691, 18s auc is 0.694
Epoch 34 val loss is 2.501, scene 1, click auc is 0.545, like auc is 0.483, follow auc is 0.741, 5s auc is 0.548, 10s auc is 0.558, 18s auc is 0.583
Epoch 34 val loss is 2.501, scene 2, click auc is 0.620, like auc is 0.509, follow auc is 0.542, 5s auc is 0.609, 10s auc is 0.628, 18s auc is 0.643
Epoch 34 val loss is 2.501, scene 3, click auc is 0.623, like auc is 0.538, follow auc is 0.583, 5s auc is 0.626, 10s auc is 0.634, 18s auc is 0.641
Epoch 34 val loss is 2.501, scene 4, click auc is 0.601, like auc is 0.555, follow auc is 0.795, 5s auc is 0.598, 10s auc is 0.612, 18s auc is 0.612
Epoch 35 train loss is 2.497, total scene, click auc is 0.693, like auc is 0.567, follow auc is 0.580, 5s auc is 0.700, 10s auc is 0.698, 18s auc is 0.699
Epoch 35 val loss is 2.505, total scene, click auc is 0.688, like auc is 0.564, follow auc is 0.591, 5s auc is 0.695, 10s auc is 0.692, 18s auc is 0.696
Epoch 35 val loss is 2.497, scene 1, click auc is 0.551, like auc is 0.518, follow auc is 0.730, 5s auc is 0.554, 10s auc is 0.565, 18s auc is 0.587
Epoch 35 val loss is 2.497, scene 2, click auc is 0.620, like auc is 0.512, follow auc is 0.548, 5s auc is 0.609, 10s auc is 0.628, 18s auc is 0.644
Epoch 35 val loss is 2.497, scene 3, click auc is 0.627, like auc is 0.518, follow auc is 0.525, 5s auc is 0.622, 10s auc is 0.636, 18s auc is 0.648
Epoch 35 val loss is 2.497, scene 4, click auc is 0.604, like auc is 0.538, follow auc is 0.609, 5s auc is 0.601, 10s auc is 0.616, 18s auc is 0.616
Epoch 36 train loss is 2.491, total scene, click auc is 0.695, like auc is 0.569, follow auc is 0.584, 5s auc is 0.702, 10s auc is 0.700, 18s auc is 0.702
Epoch 36 val loss is 2.499, total scene, click auc is 0.691, like auc is 0.568, follow auc is 0.596, 5s auc is 0.698, 10s auc is 0.695, 18s auc is 0.699
Epoch 36 val loss is 2.491, scene 1, click auc is 0.540, like auc is 0.500, follow auc is 0.164, 5s auc is 0.545, 10s auc is 0.555, 18s auc is 0.585
Epoch 36 val loss is 2.491, scene 2, click auc is 0.624, like auc is 0.516, follow auc is 0.557, 5s auc is 0.613, 10s auc is 0.633, 18s auc is 0.647
Epoch 36 val loss is 2.491, scene 3, click auc is 0.621, like auc is 0.537, follow auc is 0.514, 5s auc is 0.624, 10s auc is 0.633, 18s auc is 0.646
Epoch 36 val loss is 2.491, scene 4, click auc is 0.603, like auc is 0.552, follow auc is 0.551, 5s auc is 0.600, 10s auc is 0.616, 18s auc is 0.616
Epoch 37 train loss is 2.488, total scene, click auc is 0.697, like auc is 0.572, follow auc is 0.572, 5s auc is 0.703, 10s auc is 0.701, 18s auc is 0.703
Epoch 37 val loss is 2.497, total scene, click auc is 0.691, like auc is 0.574, follow auc is 0.594, 5s auc is 0.698, 10s auc is 0.696, 18s auc is 0.698
Epoch 37 val loss is 2.488, scene 1, click auc is 0.546, like auc is 0.541, follow auc is 0.564, 5s auc is 0.546, 10s auc is 0.562, 18s auc is 0.587
Epoch 37 val loss is 2.488, scene 2, click auc is 0.623, like auc is 0.525, follow auc is 0.548, 5s auc is 0.613, 10s auc is 0.633, 18s auc is 0.646
Epoch 37 val loss is 2.488, scene 3, click auc is 0.629, like auc is 0.523, follow auc is 0.437, 5s auc is 0.630, 10s auc is 0.643, 18s auc is 0.650
Epoch 37 val loss is 2.488, scene 4, click auc is 0.605, like auc is 0.534, follow auc is 0.743, 5s auc is 0.602, 10s auc is 0.619, 18s auc is 0.619
Epoch 38 train loss is 2.482, total scene, click auc is 0.699, like auc is 0.568, follow auc is 0.592, 5s auc is 0.706, 10s auc is 0.704, 18s auc is 0.705
Epoch 38 val loss is 2.493, total scene, click auc is 0.693, like auc is 0.568, follow auc is 0.593, 5s auc is 0.699, 10s auc is 0.698, 18s auc is 0.700
Epoch 38 val loss is 2.482, scene 1, click auc is 0.554, like auc is 0.480, follow auc is 0.681, 5s auc is 0.560, 10s auc is 0.570, 18s auc is 0.599
Epoch 38 val loss is 2.482, scene 2, click auc is 0.625, like auc is 0.517, follow auc is 0.540, 5s auc is 0.613, 10s auc is 0.634, 18s auc is 0.648
Epoch 38 val loss is 2.482, scene 3, click auc is 0.636, like auc is 0.524, follow auc is 0.554, 5s auc is 0.634, 10s auc is 0.648, 18s auc is 0.656
Epoch 38 val loss is 2.482, scene 4, click auc is 0.612, like auc is 0.541, follow auc is 0.572, 5s auc is 0.608, 10s auc is 0.623, 18s auc is 0.623
Epoch 39 train loss is 2.479, total scene, click auc is 0.700, like auc is 0.570, follow auc is 0.580, 5s auc is 0.707, 10s auc is 0.706, 18s auc is 0.707
Epoch 39 val loss is 2.488, total scene, click auc is 0.695, like auc is 0.571, follow auc is 0.583, 5s auc is 0.702, 10s auc is 0.700, 18s auc is 0.704
Epoch 39 val loss is 2.479, scene 1, click auc is 0.549, like auc is 0.540, follow auc is 0.408, 5s auc is 0.544, 10s auc is 0.566, 18s auc is 0.590
Epoch 39 val loss is 2.479, scene 2, click auc is 0.627, like auc is 0.519, follow auc is 0.536, 5s auc is 0.616, 10s auc is 0.636, 18s auc is 0.651
Epoch 39 val loss is 2.479, scene 3, click auc is 0.640, like auc is 0.557, follow auc is 0.541, 5s auc is 0.644, 10s auc is 0.659, 18s auc is 0.670
Epoch 39 val loss is 2.479, scene 4, click auc is 0.613, like auc is 0.552, follow auc is 0.535, 5s auc is 0.610, 10s auc is 0.625, 18s auc is 0.625
Epoch 40 train loss is 2.475, total scene, click auc is 0.702, like auc is 0.570, follow auc is 0.581, 5s auc is 0.708, 10s auc is 0.707, 18s auc is 0.709
Epoch 40 val loss is 2.488, total scene, click auc is 0.695, like auc is 0.578, follow auc is 0.600, 5s auc is 0.702, 10s auc is 0.700, 18s auc is 0.704
Epoch 40 val loss is 2.475, scene 1, click auc is 0.553, like auc is 0.508, follow auc is 0.461, 5s auc is 0.559, 10s auc is 0.570, 18s auc is 0.598
Epoch 40 val loss is 2.475, scene 2, click auc is 0.627, like auc is 0.530, follow auc is 0.556, 5s auc is 0.616, 10s auc is 0.636, 18s auc is 0.651
Epoch 40 val loss is 2.475, scene 3, click auc is 0.650, like auc is 0.506, follow auc is 0.515, 5s auc is 0.646, 10s auc is 0.660, 18s auc is 0.666
Epoch 40 val loss is 2.475, scene 4, click auc is 0.611, like auc is 0.550, follow auc is 0.590, 5s auc is 0.608, 10s auc is 0.622, 18s auc is 0.622
Epoch 41 train loss is 2.471, total scene, click auc is 0.703, like auc is 0.575, follow auc is 0.595, 5s auc is 0.710, 10s auc is 0.709, 18s auc is 0.710
Epoch 41 val loss is 2.484, total scene, click auc is 0.697, like auc is 0.578, follow auc is 0.583, 5s auc is 0.703, 10s auc is 0.702, 18s auc is 0.705
Epoch 41 val loss is 2.471, scene 1, click auc is 0.552, like auc is 0.541, follow auc is 0.206, 5s auc is 0.563, 10s auc is 0.581, 18s auc is 0.608
Epoch 41 val loss is 2.471, scene 2, click auc is 0.630, like auc is 0.527, follow auc is 0.531, 5s auc is 0.618, 10s auc is 0.639, 18s auc is 0.653
Epoch 41 val loss is 2.471, scene 3, click auc is 0.640, like auc is 0.537, follow auc is 0.512, 5s auc is 0.635, 10s auc is 0.649, 18s auc is 0.659
Epoch 41 val loss is 2.471, scene 4, click auc is 0.613, like auc is 0.568, follow auc is 0.615, 5s auc is 0.608, 10s auc is 0.625, 18s auc is 0.625
Epoch 42 train loss is 2.467, total scene, click auc is 0.705, like auc is 0.574, follow auc is 0.583, 5s auc is 0.711, 10s auc is 0.710, 18s auc is 0.712
Epoch 42 val loss is 2.477, total scene, click auc is 0.701, like auc is 0.578, follow auc is 0.592, 5s auc is 0.707, 10s auc is 0.705, 18s auc is 0.708
Epoch 42 val loss is 2.467, scene 1, click auc is 0.565, like auc is 0.558, follow auc is 0.293, 5s auc is 0.564, 10s auc is 0.578, 18s auc is 0.605
Epoch 42 val loss is 2.467, scene 2, click auc is 0.635, like auc is 0.528, follow auc is 0.541, 5s auc is 0.624, 10s auc is 0.643, 18s auc is 0.657
Epoch 42 val loss is 2.467, scene 3, click auc is 0.639, like auc is 0.562, follow auc is 0.564, 5s auc is 0.642, 10s auc is 0.652, 18s auc is 0.659
Epoch 42 val loss is 2.467, scene 4, click auc is 0.611, like auc is 0.553, follow auc is 0.591, 5s auc is 0.607, 10s auc is 0.622, 18s auc is 0.622
Epoch 43 train loss is 2.465, total scene, click auc is 0.705, like auc is 0.575, follow auc is 0.576, 5s auc is 0.712, 10s auc is 0.711, 18s auc is 0.713
Epoch 43 val loss is 2.472, total scene, click auc is 0.701, like auc is 0.575, follow auc is 0.600, 5s auc is 0.708, 10s auc is 0.707, 18s auc is 0.710
Epoch 43 val loss is 2.465, scene 1, click auc is 0.559, like auc is 0.560, follow auc is 0.757, 5s auc is 0.566, 10s auc is 0.582, 18s auc is 0.599
Epoch 43 val loss is 2.465, scene 2, click auc is 0.635, like auc is 0.525, follow auc is 0.544, 5s auc is 0.624, 10s auc is 0.645, 18s auc is 0.659
Epoch 43 val loss is 2.465, scene 3, click auc is 0.649, like auc is 0.520, follow auc is 0.560, 5s auc is 0.651, 10s auc is 0.660, 18s auc is 0.673
Epoch 43 val loss is 2.465, scene 4, click auc is 0.613, like auc is 0.561, follow auc is 0.674, 5s auc is 0.609, 10s auc is 0.623, 18s auc is 0.623
Epoch 44 train loss is 2.461, total scene, click auc is 0.707, like auc is 0.577, follow auc is 0.583, 5s auc is 0.713, 10s auc is 0.713, 18s auc is 0.715
Epoch 44 val loss is 2.482, total scene, click auc is 0.702, like auc is 0.569, follow auc is 0.588, 5s auc is 0.708, 10s auc is 0.707, 18s auc is 0.711
Epoch 44 val loss is 2.461, scene 1, click auc is 0.552, like auc is 0.494, follow auc is 0.542, 5s auc is 0.548, 10s auc is 0.569, 18s auc is 0.604
Epoch 44 val loss is 2.461, scene 2, click auc is 0.636, like auc is 0.518, follow auc is 0.533, 5s auc is 0.623, 10s auc is 0.645, 18s auc is 0.659
Epoch 44 val loss is 2.461, scene 3, click auc is 0.646, like auc is 0.514, follow auc is 0.553, 5s auc is 0.649, 10s auc is 0.660, 18s auc is 0.671
Epoch 44 val loss is 2.461, scene 4, click auc is 0.618, like auc is 0.561, follow auc is 0.634, 5s auc is 0.617, 10s auc is 0.628, 18s auc is 0.628
Epoch 45 train loss is 2.458, total scene, click auc is 0.708, like auc is 0.576, follow auc is 0.583, 5s auc is 0.715, 10s auc is 0.714, 18s auc is 0.717
Epoch 45 val loss is 2.476, total scene, click auc is 0.702, like auc is 0.574, follow auc is 0.605, 5s auc is 0.708, 10s auc is 0.707, 18s auc is 0.711
Epoch 45 val loss is 2.458, scene 1, click auc is 0.552, like auc is 0.521, follow auc is 0.152, 5s auc is 0.556, 10s auc is 0.569, 18s auc is 0.584
Epoch 45 val loss is 2.458, scene 2, click auc is 0.636, like auc is 0.525, follow auc is 0.570, 5s auc is 0.624, 10s auc is 0.645, 18s auc is 0.661
Epoch 45 val loss is 2.458, scene 3, click auc is 0.647, like auc is 0.503, follow auc is 0.466, 5s auc is 0.644, 10s auc is 0.663, 18s auc is 0.670
Epoch 45 val loss is 2.458, scene 4, click auc is 0.618, like auc is 0.553, follow auc is 0.578, 5s auc is 0.614, 10s auc is 0.630, 18s auc is 0.630
Epoch 46 train loss is 2.455, total scene, click auc is 0.709, like auc is 0.575, follow auc is 0.583, 5s auc is 0.715, 10s auc is 0.715, 18s auc is 0.718
Epoch 46 val loss is 2.470, total scene, click auc is 0.703, like auc is 0.575, follow auc is 0.583, 5s auc is 0.709, 10s auc is 0.707, 18s auc is 0.711
Epoch 46 val loss is 2.455, scene 1, click auc is 0.548, like auc is 0.501, follow auc is 0.623, 5s auc is 0.555, 10s auc is 0.567, 18s auc is 0.594
Epoch 46 val loss is 2.455, scene 2, click auc is 0.637, like auc is 0.526, follow auc is 0.527, 5s auc is 0.626, 10s auc is 0.645, 18s auc is 0.660
Epoch 46 val loss is 2.455, scene 3, click auc is 0.640, like auc is 0.497, follow auc is 0.501, 5s auc is 0.640, 10s auc is 0.647, 18s auc is 0.663
Epoch 46 val loss is 2.455, scene 4, click auc is 0.615, like auc is 0.551, follow auc is 0.689, 5s auc is 0.614, 10s auc is 0.629, 18s auc is 0.629
Epoch 47 train loss is 2.452, total scene, click auc is 0.711, like auc is 0.579, follow auc is 0.573, 5s auc is 0.717, 10s auc is 0.717, 18s auc is 0.720
Epoch 47 val loss is 2.470, total scene, click auc is 0.705, like auc is 0.569, follow auc is 0.622, 5s auc is 0.711, 10s auc is 0.711, 18s auc is 0.715
Epoch 47 val loss is 2.452, scene 1, click auc is 0.559, like auc is 0.505, follow auc is 0.651, 5s auc is 0.564, 10s auc is 0.572, 18s auc is 0.590
Epoch 47 val loss is 2.452, scene 2, click auc is 0.640, like auc is 0.520, follow auc is 0.589, 5s auc is 0.628, 10s auc is 0.650, 18s auc is 0.664
Epoch 47 val loss is 2.452, scene 3, click auc is 0.644, like auc is 0.546, follow auc is 0.486, 5s auc is 0.648, 10s auc is 0.662, 18s auc is 0.672
Epoch 47 val loss is 2.452, scene 4, click auc is 0.619, like auc is 0.518, follow auc is 0.596, 5s auc is 0.619, 10s auc is 0.632, 18s auc is 0.632
Epoch 48 train loss is 2.449, total scene, click auc is 0.712, like auc is 0.579, follow auc is 0.586, 5s auc is 0.718, 10s auc is 0.718, 18s auc is 0.720
Epoch 48 val loss is 2.462, total scene, click auc is 0.705, like auc is 0.580, follow auc is 0.600, 5s auc is 0.712, 10s auc is 0.711, 18s auc is 0.714
Epoch 48 val loss is 2.449, scene 1, click auc is 0.542, like auc is 0.506, follow auc is 0.096, 5s auc is 0.543, 10s auc is 0.558, 18s auc is 0.584
Epoch 48 val loss is 2.449, scene 2, click auc is 0.640, like auc is 0.532, follow auc is 0.556, 5s auc is 0.629, 10s auc is 0.649, 18s auc is 0.663
Epoch 48 val loss is 2.449, scene 3, click auc is 0.651, like auc is 0.541, follow auc is 0.519, 5s auc is 0.656, 10s auc is 0.670, 18s auc is 0.677
Epoch 48 val loss is 2.449, scene 4, click auc is 0.617, like auc is 0.551, follow auc is 0.598, 5s auc is 0.615, 10s auc is 0.630, 18s auc is 0.630
Epoch 49 train loss is 2.447, total scene, click auc is 0.712, like auc is 0.579, follow auc is 0.583, 5s auc is 0.718, 10s auc is 0.719, 18s auc is 0.721
Epoch 49 val loss is 2.458, total scene, click auc is 0.706, like auc is 0.576, follow auc is 0.605, 5s auc is 0.713, 10s auc is 0.712, 18s auc is 0.716
Epoch 49 val loss is 2.447, scene 1, click auc is 0.559, like auc is 0.481, follow auc is 0.445, 5s auc is 0.565, 10s auc is 0.575, 18s auc is 0.596
Epoch 49 val loss is 2.447, scene 2, click auc is 0.641, like auc is 0.528, follow auc is 0.560, 5s auc is 0.630, 10s auc is 0.651, 18s auc is 0.665
Epoch 49 val loss is 2.447, scene 3, click auc is 0.649, like auc is 0.507, follow auc is 0.516, 5s auc is 0.654, 10s auc is 0.666, 18s auc is 0.676
Epoch 49 val loss is 2.447, scene 4, click auc is 0.623, like auc is 0.546, follow auc is 0.610, 5s auc is 0.623, 10s auc is 0.635, 18s auc is 0.635
Epoch 50 train loss is 2.443, total scene, click auc is 0.714, like auc is 0.581, follow auc is 0.589, 5s auc is 0.720, 10s auc is 0.720, 18s auc is 0.723
Epoch 50 val loss is 2.451, total scene, click auc is 0.710, like auc is 0.586, follow auc is 0.616, 5s auc is 0.715, 10s auc is 0.715, 18s auc is 0.719
Epoch 50 val loss is 2.443, scene 1, click auc is 0.565, like auc is 0.545, follow auc is 0.173, 5s auc is 0.575, 10s auc is 0.585, 18s auc is 0.618
Epoch 50 val loss is 2.443, scene 2, click auc is 0.646, like auc is 0.540, follow auc is 0.572, 5s auc is 0.633, 10s auc is 0.654, 18s auc is 0.669
Epoch 50 val loss is 2.443, scene 3, click auc is 0.655, like auc is 0.545, follow auc is 0.494, 5s auc is 0.655, 10s auc is 0.673, 18s auc is 0.682
Epoch 50 val loss is 2.443, scene 4, click auc is 0.622, like auc is 0.534, follow auc is 0.749, 5s auc is 0.619, 10s auc is 0.635, 18s auc is 0.635
Epoch 51 train loss is 2.440, total scene, click auc is 0.715, like auc is 0.583, follow auc is 0.588, 5s auc is 0.721, 10s auc is 0.722, 18s auc is 0.725
Epoch 51 val loss is 2.453, total scene, click auc is 0.708, like auc is 0.588, follow auc is 0.586, 5s auc is 0.714, 10s auc is 0.714, 18s auc is 0.718
Epoch 51 val loss is 2.440, scene 1, click auc is 0.559, like auc is 0.517, follow auc is 0.828, 5s auc is 0.574, 10s auc is 0.586, 18s auc is 0.614
Epoch 51 val loss is 2.440, scene 2, click auc is 0.643, like auc is 0.540, follow auc is 0.528, 5s auc is 0.631, 10s auc is 0.653, 18s auc is 0.668
Epoch 51 val loss is 2.440, scene 3, click auc is 0.650, like auc is 0.556, follow auc is 0.484, 5s auc is 0.650, 10s auc is 0.662, 18s auc is 0.671
Epoch 51 val loss is 2.440, scene 4, click auc is 0.629, like auc is 0.571, follow auc is 0.765, 5s auc is 0.628, 10s auc is 0.641, 18s auc is 0.641
Epoch 52 train loss is 2.439, total scene, click auc is 0.716, like auc is 0.582, follow auc is 0.587, 5s auc is 0.722, 10s auc is 0.722, 18s auc is 0.725
Epoch 52 val loss is 2.451, total scene, click auc is 0.710, like auc is 0.579, follow auc is 0.603, 5s auc is 0.716, 10s auc is 0.715, 18s auc is 0.719
Epoch 52 val loss is 2.439, scene 1, click auc is 0.556, like auc is 0.525, follow auc is 0.638, 5s auc is 0.567, 10s auc is 0.585, 18s auc is 0.611
Epoch 52 val loss is 2.439, scene 2, click auc is 0.644, like auc is 0.532, follow auc is 0.573, 5s auc is 0.633, 10s auc is 0.653, 18s auc is 0.667
Epoch 52 val loss is 2.439, scene 3, click auc is 0.662, like auc is 0.528, follow auc is 0.436, 5s auc is 0.664, 10s auc is 0.680, 18s auc is 0.689
Epoch 52 val loss is 2.439, scene 4, click auc is 0.631, like auc is 0.543, follow auc is 0.604, 5s auc is 0.629, 10s auc is 0.641, 18s auc is 0.641
Epoch 53 train loss is 2.435, total scene, click auc is 0.717, like auc is 0.581, follow auc is 0.590, 5s auc is 0.723, 10s auc is 0.724, 18s auc is 0.727
Epoch 53 val loss is 2.451, total scene, click auc is 0.711, like auc is 0.589, follow auc is 0.606, 5s auc is 0.717, 10s auc is 0.717, 18s auc is 0.721
Epoch 53 val loss is 2.435, scene 1, click auc is 0.565, like auc is 0.528, follow auc is 0.155, 5s auc is 0.573, 10s auc is 0.581, 18s auc is 0.612
Epoch 53 val loss is 2.435, scene 2, click auc is 0.646, like auc is 0.541, follow auc is 0.568, 5s auc is 0.635, 10s auc is 0.656, 18s auc is 0.671
Epoch 53 val loss is 2.435, scene 3, click auc is 0.665, like auc is 0.569, follow auc is 0.486, 5s auc is 0.658, 10s auc is 0.675, 18s auc is 0.682
Epoch 53 val loss is 2.435, scene 4, click auc is 0.620, like auc is 0.575, follow auc is 0.609, 5s auc is 0.619, 10s auc is 0.635, 18s auc is 0.635
Epoch 54 train loss is 2.432, total scene, click auc is 0.719, like auc is 0.582, follow auc is 0.590, 5s auc is 0.724, 10s auc is 0.725, 18s auc is 0.728
Epoch 54 val loss is 2.448, total scene, click auc is 0.710, like auc is 0.576, follow auc is 0.638, 5s auc is 0.716, 10s auc is 0.716, 18s auc is 0.721
Epoch 54 val loss is 2.432, scene 1, click auc is 0.566, like auc is 0.533, follow auc is 0.724, 5s auc is 0.577, 10s auc is 0.588, 18s auc is 0.614
Epoch 54 val loss is 2.432, scene 2, click auc is 0.645, like auc is 0.528, follow auc is 0.603, 5s auc is 0.634, 10s auc is 0.654, 18s auc is 0.670
Epoch 54 val loss is 2.432, scene 3, click auc is 0.659, like auc is 0.553, follow auc is 0.517, 5s auc is 0.661, 10s auc is 0.673, 18s auc is 0.680
Epoch 54 val loss is 2.432, scene 4, click auc is 0.627, like auc is 0.538, follow auc is 0.654, 5s auc is 0.623, 10s auc is 0.637, 18s auc is 0.637
Epoch 55 train loss is 2.430, total scene, click auc is 0.720, like auc is 0.584, follow auc is 0.588, 5s auc is 0.725, 10s auc is 0.726, 18s auc is 0.729
Epoch 55 val loss is 2.452, total scene, click auc is 0.709, like auc is 0.584, follow auc is 0.572, 5s auc is 0.716, 10s auc is 0.716, 18s auc is 0.720
Epoch 55 val loss is 2.430, scene 1, click auc is 0.565, like auc is 0.565, follow auc is 0.660, 5s auc is 0.572, 10s auc is 0.593, 18s auc is 0.624
Epoch 55 val loss is 2.430, scene 2, click auc is 0.644, like auc is 0.535, follow auc is 0.515, 5s auc is 0.633, 10s auc is 0.654, 18s auc is 0.670
Epoch 55 val loss is 2.430, scene 3, click auc is 0.653, like auc is 0.541, follow auc is 0.541, 5s auc is 0.652, 10s auc is 0.668, 18s auc is 0.678
Epoch 55 val loss is 2.430, scene 4, click auc is 0.625, like auc is 0.572, follow auc is 0.565, 5s auc is 0.625, 10s auc is 0.640, 18s auc is 0.640
Epoch 56 train loss is 2.426, total scene, click auc is 0.721, like auc is 0.585, follow auc is 0.598, 5s auc is 0.727, 10s auc is 0.727, 18s auc is 0.731
Epoch 56 val loss is 2.450, total scene, click auc is 0.712, like auc is 0.579, follow auc is 0.613, 5s auc is 0.718, 10s auc is 0.718, 18s auc is 0.721
Epoch 56 val loss is 2.426, scene 1, click auc is 0.574, like auc is 0.583, follow auc is 0.298, 5s auc is 0.591, 10s auc is 0.604, 18s auc is 0.636
Epoch 56 val loss is 2.426, scene 2, click auc is 0.648, like auc is 0.531, follow auc is 0.570, 5s auc is 0.636, 10s auc is 0.657, 18s auc is 0.671
Epoch 56 val loss is 2.426, scene 3, click auc is 0.652, like auc is 0.541, follow auc is 0.522, 5s auc is 0.656, 10s auc is 0.668, 18s auc is 0.671
Epoch 56 val loss is 2.426, scene 4, click auc is 0.628, like auc is 0.543, follow auc is 0.629, 5s auc is 0.625, 10s auc is 0.638, 18s auc is 0.638
Epoch 57 train loss is 2.426, total scene, click auc is 0.721, like auc is 0.584, follow auc is 0.587, 5s auc is 0.726, 10s auc is 0.727, 18s auc is 0.731
Epoch 57 val loss is 2.437, total scene, click auc is 0.716, like auc is 0.577, follow auc is 0.593, 5s auc is 0.721, 10s auc is 0.722, 18s auc is 0.727
Epoch 57 val loss is 2.426, scene 1, click auc is 0.560, like auc is 0.537, follow auc is 0.520, 5s auc is 0.568, 10s auc is 0.582, 18s auc is 0.611
Epoch 57 val loss is 2.426, scene 2, click auc is 0.653, like auc is 0.528, follow auc is 0.539, 5s auc is 0.640, 10s auc is 0.662, 18s auc is 0.678
Epoch 57 val loss is 2.426, scene 3, click auc is 0.666, like auc is 0.517, follow auc is 0.504, 5s auc is 0.665, 10s auc is 0.677, 18s auc is 0.690
Epoch 57 val loss is 2.426, scene 4, click auc is 0.631, like auc is 0.569, follow auc is 0.681, 5s auc is 0.630, 10s auc is 0.645, 18s auc is 0.645
Epoch 58 train loss is 2.424, total scene, click auc is 0.722, like auc is 0.584, follow auc is 0.589, 5s auc is 0.727, 10s auc is 0.729, 18s auc is 0.732
Epoch 58 val loss is 2.440, total scene, click auc is 0.714, like auc is 0.585, follow auc is 0.606, 5s auc is 0.720, 10s auc is 0.721, 18s auc is 0.726
Epoch 58 val loss is 2.424, scene 1, click auc is 0.566, like auc is 0.572, follow auc is 0.295, 5s auc is 0.568, 10s auc is 0.583, 18s auc is 0.610
Epoch 58 val loss is 2.424, scene 2, click auc is 0.651, like auc is 0.538, follow auc is 0.560, 5s auc is 0.639, 10s auc is 0.661, 18s auc is 0.676
Epoch 58 val loss is 2.424, scene 3, click auc is 0.661, like auc is 0.541, follow auc is 0.502, 5s auc is 0.660, 10s auc is 0.672, 18s auc is 0.682
Epoch 58 val loss is 2.424, scene 4, click auc is 0.626, like auc is 0.547, follow auc is 0.662, 5s auc is 0.623, 10s auc is 0.640, 18s auc is 0.640
Epoch 59 train loss is 2.422, total scene, click auc is 0.722, like auc is 0.583, follow auc is 0.580, 5s auc is 0.728, 10s auc is 0.730, 18s auc is 0.733
Epoch 59 val loss is 2.444, total scene, click auc is 0.716, like auc is 0.581, follow auc is 0.582, 5s auc is 0.721, 10s auc is 0.723, 18s auc is 0.728
Epoch 59 val loss is 2.422, scene 1, click auc is 0.565, like auc is 0.512, follow auc is 0.884, 5s auc is 0.566, 10s auc is 0.581, 18s auc is 0.603
Epoch 59 val loss is 2.422, scene 2, click auc is 0.653, like auc is 0.533, follow auc is 0.540, 5s auc is 0.641, 10s auc is 0.663, 18s auc is 0.679
Epoch 59 val loss is 2.422, scene 3, click auc is 0.658, like auc is 0.539, follow auc is 0.434, 5s auc is 0.664, 10s auc is 0.679, 18s auc is 0.694
Epoch 59 val loss is 2.422, scene 4, click auc is 0.636, like auc is 0.558, follow auc is 0.596, 5s auc is 0.633, 10s auc is 0.649, 18s auc is 0.649
Epoch 60 train loss is 2.418, total scene, click auc is 0.724, like auc is 0.586, follow auc is 0.580, 5s auc is 0.730, 10s auc is 0.731, 18s auc is 0.735
Epoch 60 val loss is 2.435, total scene, click auc is 0.716, like auc is 0.583, follow auc is 0.593, 5s auc is 0.722, 10s auc is 0.722, 18s auc is 0.727
Epoch 60 val loss is 2.418, scene 1, click auc is 0.570, like auc is 0.531, follow auc is 0.658, 5s auc is 0.583, 10s auc is 0.600, 18s auc is 0.622
Epoch 60 val loss is 2.418, scene 2, click auc is 0.654, like auc is 0.537, follow auc is 0.550, 5s auc is 0.642, 10s auc is 0.662, 18s auc is 0.678
Epoch 60 val loss is 2.418, scene 3, click auc is 0.668, like auc is 0.530, follow auc is 0.465, 5s auc is 0.668, 10s auc is 0.682, 18s auc is 0.686
Epoch 60 val loss is 2.418, scene 4, click auc is 0.630, like auc is 0.552, follow auc is 0.578, 5s auc is 0.625, 10s auc is 0.643, 18s auc is 0.643
Epoch 61 train loss is 2.418, total scene, click auc is 0.724, like auc is 0.586, follow auc is 0.592, 5s auc is 0.729, 10s auc is 0.731, 18s auc is 0.735
Epoch 61 val loss is 2.442, total scene, click auc is 0.715, like auc is 0.586, follow auc is 0.636, 5s auc is 0.721, 10s auc is 0.721, 18s auc is 0.726
Epoch 61 val loss is 2.418, scene 1, click auc is 0.565, like auc is 0.479, follow auc is 0.395, 5s auc is 0.572, 10s auc is 0.587, 18s auc is 0.621
Epoch 61 val loss is 2.418, scene 2, click auc is 0.652, like auc is 0.539, follow auc is 0.579, 5s auc is 0.640, 10s auc is 0.661, 18s auc is 0.677
Epoch 61 val loss is 2.418, scene 3, click auc is 0.662, like auc is 0.534, follow auc is 0.643, 5s auc is 0.662, 10s auc is 0.676, 18s auc is 0.686
Epoch 61 val loss is 2.418, scene 4, click auc is 0.634, like auc is 0.579, follow auc is 0.754, 5s auc is 0.632, 10s auc is 0.645, 18s auc is 0.645
Epoch 62 train loss is 2.414, total scene, click auc is 0.726, like auc is 0.588, follow auc is 0.588, 5s auc is 0.731, 10s auc is 0.733, 18s auc is 0.736
Epoch 62 val loss is 2.429, total scene, click auc is 0.718, like auc is 0.590, follow auc is 0.610, 5s auc is 0.723, 10s auc is 0.724, 18s auc is 0.730
Epoch 62 val loss is 2.414, scene 1, click auc is 0.574, like auc is 0.611, follow auc is 0.458, 5s auc is 0.576, 10s auc is 0.588, 18s auc is 0.618
Epoch 62 val loss is 2.414, scene 2, click auc is 0.655, like auc is 0.540, follow auc is 0.565, 5s auc is 0.642, 10s auc is 0.664, 18s auc is 0.681
Epoch 62 val loss is 2.414, scene 3, click auc is 0.677, like auc is 0.573, follow auc is 0.508, 5s auc is 0.676, 10s auc is 0.689, 18s auc is 0.698
Epoch 62 val loss is 2.414, scene 4, click auc is 0.639, like auc is 0.584, follow auc is 0.627, 5s auc is 0.634, 10s auc is 0.651, 18s auc is 0.651
Epoch 63 train loss is 2.413, total scene, click auc is 0.726, like auc is 0.587, follow auc is 0.596, 5s auc is 0.731, 10s auc is 0.733, 18s auc is 0.737
Epoch 63 val loss is 2.430, total scene, click auc is 0.718, like auc is 0.587, follow auc is 0.611, 5s auc is 0.723, 10s auc is 0.724, 18s auc is 0.729
Epoch 63 val loss is 2.413, scene 1, click auc is 0.569, like auc is 0.554, follow auc is 0.707, 5s auc is 0.585, 10s auc is 0.603, 18s auc is 0.635
Epoch 63 val loss is 2.413, scene 2, click auc is 0.655, like auc is 0.541, follow auc is 0.583, 5s auc is 0.642, 10s auc is 0.664, 18s auc is 0.679
Epoch 63 val loss is 2.413, scene 3, click auc is 0.667, like auc is 0.536, follow auc is 0.420, 5s auc is 0.663, 10s auc is 0.684, 18s auc is 0.694
Epoch 63 val loss is 2.413, scene 4, click auc is 0.636, like auc is 0.565, follow auc is 0.563, 5s auc is 0.633, 10s auc is 0.648, 18s auc is 0.648
Epoch 64 train loss is 2.411, total scene, click auc is 0.727, like auc is 0.590, follow auc is 0.593, 5s auc is 0.732, 10s auc is 0.734, 18s auc is 0.738
Epoch 64 val loss is 2.424, total scene, click auc is 0.720, like auc is 0.584, follow auc is 0.589, 5s auc is 0.725, 10s auc is 0.727, 18s auc is 0.732
Epoch 64 val loss is 2.411, scene 1, click auc is 0.579, like auc is 0.516, follow auc is 0.407, 5s auc is 0.585, 10s auc is 0.607, 18s auc is 0.644
Epoch 64 val loss is 2.411, scene 2, click auc is 0.658, like auc is 0.538, follow auc is 0.547, 5s auc is 0.645, 10s auc is 0.668, 18s auc is 0.683
Epoch 64 val loss is 2.411, scene 3, click auc is 0.669, like auc is 0.520, follow auc is 0.459, 5s auc is 0.671, 10s auc is 0.688, 18s auc is 0.693
Epoch 64 val loss is 2.411, scene 4, click auc is 0.645, like auc is 0.554, follow auc is 0.597, 5s auc is 0.639, 10s auc is 0.654, 18s auc is 0.654
Epoch 65 train loss is 2.406, total scene, click auc is 0.729, like auc is 0.590, follow auc is 0.593, 5s auc is 0.734, 10s auc is 0.735, 18s auc is 0.739
Epoch 65 val loss is 2.424, total scene, click auc is 0.720, like auc is 0.587, follow auc is 0.601, 5s auc is 0.726, 10s auc is 0.727, 18s auc is 0.732
Epoch 65 val loss is 2.406, scene 1, click auc is 0.574, like auc is 0.548, follow auc is 0.074, 5s auc is 0.590, 10s auc is 0.607, 18s auc is 0.634
Epoch 65 val loss is 2.406, scene 2, click auc is 0.658, like auc is 0.541, follow auc is 0.555, 5s auc is 0.646, 10s auc is 0.667, 18s auc is 0.682
Epoch 65 val loss is 2.406, scene 3, click auc is 0.677, like auc is 0.540, follow auc is 0.489, 5s auc is 0.677, 10s auc is 0.688, 18s auc is 0.693
Epoch 65 val loss is 2.406, scene 4, click auc is 0.643, like auc is 0.560, follow auc is 0.669, 5s auc is 0.644, 10s auc is 0.658, 18s auc is 0.658
Epoch 66 train loss is 2.405, total scene, click auc is 0.729, like auc is 0.590, follow auc is 0.593, 5s auc is 0.734, 10s auc is 0.736, 18s auc is 0.740
Epoch 66 val loss is 2.436, total scene, click auc is 0.720, like auc is 0.592, follow auc is 0.620, 5s auc is 0.724, 10s auc is 0.727, 18s auc is 0.731
Epoch 66 val loss is 2.405, scene 1, click auc is 0.581, like auc is 0.517, follow auc is 0.901, 5s auc is 0.580, 10s auc is 0.594, 18s auc is 0.626
Epoch 66 val loss is 2.405, scene 2, click auc is 0.657, like auc is 0.549, follow auc is 0.592, 5s auc is 0.644, 10s auc is 0.668, 18s auc is 0.682
Epoch 66 val loss is 2.405, scene 3, click auc is 0.663, like auc is 0.509, follow auc is 0.421, 5s auc is 0.661, 10s auc is 0.675, 18s auc is 0.686
Epoch 66 val loss is 2.405, scene 4, click auc is 0.643, like auc is 0.571, follow auc is 0.590, 5s auc is 0.638, 10s auc is 0.658, 18s auc is 0.658
Epoch 67 train loss is 2.404, total scene, click auc is 0.730, like auc is 0.589, follow auc is 0.590, 5s auc is 0.735, 10s auc is 0.736, 18s auc is 0.740
Epoch 67 val loss is 2.421, total scene, click auc is 0.722, like auc is 0.590, follow auc is 0.578, 5s auc is 0.727, 10s auc is 0.729, 18s auc is 0.734
Epoch 67 val loss is 2.404, scene 1, click auc is 0.565, like auc is 0.568, follow auc is 0.650, 5s auc is 0.579, 10s auc is 0.592, 18s auc is 0.622
Epoch 67 val loss is 2.404, scene 2, click auc is 0.661, like auc is 0.545, follow auc is 0.534, 5s auc is 0.647, 10s auc is 0.671, 18s auc is 0.685
Epoch 67 val loss is 2.404, scene 3, click auc is 0.672, like auc is 0.518, follow auc is 0.453, 5s auc is 0.671, 10s auc is 0.690, 18s auc is 0.700
Epoch 67 val loss is 2.404, scene 4, click auc is 0.638, like auc is 0.573, follow auc is 0.592, 5s auc is 0.636, 10s auc is 0.649, 18s auc is 0.649
Epoch 68 train loss is 2.399, total scene, click auc is 0.731, like auc is 0.592, follow auc is 0.593, 5s auc is 0.736, 10s auc is 0.738, 18s auc is 0.742
Epoch 68 val loss is 2.426, total scene, click auc is 0.722, like auc is 0.590, follow auc is 0.601, 5s auc is 0.727, 10s auc is 0.729, 18s auc is 0.734
Epoch 68 val loss is 2.399, scene 1, click auc is 0.581, like auc is 0.562, follow auc is 0.663, 5s auc is 0.584, 10s auc is 0.603, 18s auc is 0.632
Epoch 68 val loss is 2.399, scene 2, click auc is 0.661, like auc is 0.544, follow auc is 0.553, 5s auc is 0.648, 10s auc is 0.670, 18s auc is 0.685
Epoch 68 val loss is 2.399, scene 3, click auc is 0.663, like auc is 0.579, follow auc is 0.488, 5s auc is 0.666, 10s auc is 0.681, 18s auc is 0.690
Epoch 68 val loss is 2.399, scene 4, click auc is 0.646, like auc is 0.556, follow auc is 0.680, 5s auc is 0.645, 10s auc is 0.659, 18s auc is 0.659
Epoch 69 train loss is 2.399, total scene, click auc is 0.732, like auc is 0.591, follow auc is 0.586, 5s auc is 0.737, 10s auc is 0.738, 18s auc is 0.742
Epoch 69 val loss is 2.419, total scene, click auc is 0.723, like auc is 0.590, follow auc is 0.591, 5s auc is 0.728, 10s auc is 0.730, 18s auc is 0.735
Epoch 69 val loss is 2.399, scene 1, click auc is 0.570, like auc is 0.550, follow auc is 0.842, 5s auc is 0.571, 10s auc is 0.586, 18s auc is 0.613
Epoch 69 val loss is 2.399, scene 2, click auc is 0.661, like auc is 0.543, follow auc is 0.545, 5s auc is 0.649, 10s auc is 0.671, 18s auc is 0.687
Epoch 69 val loss is 2.399, scene 3, click auc is 0.677, like auc is 0.555, follow auc is 0.490, 5s auc is 0.676, 10s auc is 0.690, 18s auc is 0.705
Epoch 69 val loss is 2.399, scene 4, click auc is 0.646, like auc is 0.582, follow auc is 0.595, 5s auc is 0.641, 10s auc is 0.659, 18s auc is 0.659
Epoch 70 train loss is 2.398, total scene, click auc is 0.732, like auc is 0.590, follow auc is 0.592, 5s auc is 0.737, 10s auc is 0.739, 18s auc is 0.743
Epoch 70 val loss is 2.418, total scene, click auc is 0.724, like auc is 0.588, follow auc is 0.636, 5s auc is 0.728, 10s auc is 0.729, 18s auc is 0.733
Epoch 70 val loss is 2.398, scene 1, click auc is 0.573, like auc is 0.535, follow auc is 0.720, 5s auc is 0.578, 10s auc is 0.593, 18s auc is 0.616
Epoch 70 val loss is 2.398, scene 2, click auc is 0.663, like auc is 0.542, follow auc is 0.578, 5s auc is 0.649, 10s auc is 0.671, 18s auc is 0.685
Epoch 70 val loss is 2.398, scene 3, click auc is 0.678, like auc is 0.572, follow auc is 0.652, 5s auc is 0.677, 10s auc is 0.691, 18s auc is 0.699
Epoch 70 val loss is 2.398, scene 4, click auc is 0.642, like auc is 0.551, follow auc is 0.711, 5s auc is 0.641, 10s auc is 0.654, 18s auc is 0.654
Epoch 71 train loss is 2.396, total scene, click auc is 0.732, like auc is 0.594, follow auc is 0.586, 5s auc is 0.737, 10s auc is 0.739, 18s auc is 0.743
Epoch 71 val loss is 2.417, total scene, click auc is 0.724, like auc is 0.587, follow auc is 0.620, 5s auc is 0.729, 10s auc is 0.730, 18s auc is 0.734
Epoch 71 val loss is 2.396, scene 1, click auc is 0.574, like auc is 0.520, follow auc is 0.377, 5s auc is 0.582, 10s auc is 0.599, 18s auc is 0.633
Epoch 71 val loss is 2.396, scene 2, click auc is 0.663, like auc is 0.540, follow auc is 0.576, 5s auc is 0.650, 10s auc is 0.671, 18s auc is 0.685
Epoch 71 val loss is 2.396, scene 3, click auc is 0.675, like auc is 0.583, follow auc is 0.519, 5s auc is 0.671, 10s auc is 0.693, 18s auc is 0.704
Epoch 71 val loss is 2.396, scene 4, click auc is 0.648, like auc is 0.567, follow auc is 0.686, 5s auc is 0.644, 10s auc is 0.659, 18s auc is 0.659
Epoch 72 train loss is 2.393, total scene, click auc is 0.734, like auc is 0.593, follow auc is 0.600, 5s auc is 0.738, 10s auc is 0.741, 18s auc is 0.745
Epoch 72 val loss is 2.416, total scene, click auc is 0.724, like auc is 0.593, follow auc is 0.624, 5s auc is 0.729, 10s auc is 0.731, 18s auc is 0.735
Epoch 72 val loss is 2.393, scene 1, click auc is 0.587, like auc is 0.531, follow auc is 0.329, 5s auc is 0.589, 10s auc is 0.611, 18s auc is 0.639
Epoch 72 val loss is 2.393, scene 2, click auc is 0.663, like auc is 0.548, follow auc is 0.583, 5s auc is 0.650, 10s auc is 0.673, 18s auc is 0.686
Epoch 72 val loss is 2.393, scene 3, click auc is 0.673, like auc is 0.553, follow auc is 0.518, 5s auc is 0.673, 10s auc is 0.686, 18s auc is 0.695
Epoch 72 val loss is 2.393, scene 4, click auc is 0.645, like auc is 0.559, follow auc is 0.651, 5s auc is 0.642, 10s auc is 0.661, 18s auc is 0.661
Epoch 73 train loss is 2.392, total scene, click auc is 0.734, like auc is 0.593, follow auc is 0.596, 5s auc is 0.739, 10s auc is 0.741, 18s auc is 0.745
Epoch 73 val loss is 2.412, total scene, click auc is 0.726, like auc is 0.587, follow auc is 0.592, 5s auc is 0.730, 10s auc is 0.733, 18s auc is 0.737
Epoch 73 val loss is 2.392, scene 1, click auc is 0.579, like auc is 0.549, follow auc is 0.799, 5s auc is 0.586, 10s auc is 0.601, 18s auc is 0.633
Epoch 73 val loss is 2.392, scene 2, click auc is 0.665, like auc is 0.539, follow auc is 0.543, 5s auc is 0.651, 10s auc is 0.674, 18s auc is 0.688
Epoch 73 val loss is 2.392, scene 3, click auc is 0.684, like auc is 0.548, follow auc is 0.473, 5s auc is 0.685, 10s auc is 0.701, 18s auc is 0.706
Epoch 73 val loss is 2.392, scene 4, click auc is 0.650, like auc is 0.571, follow auc is 0.666, 5s auc is 0.645, 10s auc is 0.665, 18s auc is 0.665
Epoch 74 train loss is 2.389, total scene, click auc is 0.735, like auc is 0.594, follow auc is 0.593, 5s auc is 0.740, 10s auc is 0.742, 18s auc is 0.746
Epoch 74 val loss is 2.413, total scene, click auc is 0.726, like auc is 0.594, follow auc is 0.617, 5s auc is 0.731, 10s auc is 0.732, 18s auc is 0.736
Epoch 74 val loss is 2.389, scene 1, click auc is 0.582, like auc is 0.539, follow auc is 0.735, 5s auc is 0.588, 10s auc is 0.602, 18s auc is 0.633
Epoch 74 val loss is 2.389, scene 2, click auc is 0.665, like auc is 0.549, follow auc is 0.567, 5s auc is 0.652, 10s auc is 0.673, 18s auc is 0.687
Epoch 74 val loss is 2.389, scene 3, click auc is 0.686, like auc is 0.564, follow auc is 0.543, 5s auc is 0.685, 10s auc is 0.699, 18s auc is 0.704
Epoch 74 val loss is 2.389, scene 4, click auc is 0.649, like auc is 0.573, follow auc is 0.682, 5s auc is 0.644, 10s auc is 0.663, 18s auc is 0.663
Epoch 75 train loss is 2.388, total scene, click auc is 0.736, like auc is 0.595, follow auc is 0.595, 5s auc is 0.740, 10s auc is 0.743, 18s auc is 0.746
Epoch 75 val loss is 2.418, total scene, click auc is 0.724, like auc is 0.595, follow auc is 0.620, 5s auc is 0.729, 10s auc is 0.731, 18s auc is 0.735
Epoch 75 val loss is 2.388, scene 1, click auc is 0.585, like auc is 0.564, follow auc is 0.370, 5s auc is 0.593, 10s auc is 0.613, 18s auc is 0.634
Epoch 75 val loss is 2.388, scene 2, click auc is 0.663, like auc is 0.549, follow auc is 0.573, 5s auc is 0.650, 10s auc is 0.672, 18s auc is 0.687
Epoch 75 val loss is 2.388, scene 3, click auc is 0.679, like auc is 0.566, follow auc is 0.535, 5s auc is 0.683, 10s auc is 0.698, 18s auc is 0.708
Epoch 75 val loss is 2.388, scene 4, click auc is 0.641, like auc is 0.568, follow auc is 0.704, 5s auc is 0.639, 10s auc is 0.656, 18s auc is 0.656
Epoch 76 train loss is 2.386, total scene, click auc is 0.737, like auc is 0.594, follow auc is 0.591, 5s auc is 0.741, 10s auc is 0.744, 18s auc is 0.748
Epoch 76 val loss is 2.409, total scene, click auc is 0.727, like auc is 0.599, follow auc is 0.606, 5s auc is 0.732, 10s auc is 0.734, 18s auc is 0.739
Epoch 76 val loss is 2.386, scene 1, click auc is 0.578, like auc is 0.589, follow auc is 0.996, 5s auc is 0.585, 10s auc is 0.599, 18s auc is 0.619
Epoch 76 val loss is 2.386, scene 2, click auc is 0.667, like auc is 0.555, follow auc is 0.550, 5s auc is 0.655, 10s auc is 0.677, 18s auc is 0.692
Epoch 76 val loss is 2.386, scene 3, click auc is 0.675, like auc is 0.568, follow auc is 0.583, 5s auc is 0.674, 10s auc is 0.689, 18s auc is 0.696
Epoch 76 val loss is 2.386, scene 4, click auc is 0.652, like auc is 0.572, follow auc is 0.599, 5s auc is 0.647, 10s auc is 0.662, 18s auc is 0.662
Epoch 77 train loss is 2.385, total scene, click auc is 0.737, like auc is 0.595, follow auc is 0.597, 5s auc is 0.742, 10s auc is 0.744, 18s auc is 0.748
Epoch 77 val loss is 2.406, total scene, click auc is 0.728, like auc is 0.597, follow auc is 0.611, 5s auc is 0.732, 10s auc is 0.735, 18s auc is 0.739
Epoch 77 val loss is 2.385, scene 1, click auc is 0.579, like auc is 0.540, follow auc is 0.196, 5s auc is 0.582, 10s auc is 0.602, 18s auc is 0.629
Epoch 77 val loss is 2.385, scene 2, click auc is 0.668, like auc is 0.552, follow auc is 0.570, 5s auc is 0.655, 10s auc is 0.677, 18s auc is 0.692
Epoch 77 val loss is 2.385, scene 3, click auc is 0.673, like auc is 0.558, follow auc is 0.493, 5s auc is 0.675, 10s auc is 0.691, 18s auc is 0.702
Epoch 77 val loss is 2.385, scene 4, click auc is 0.651, like auc is 0.586, follow auc is 0.625, 5s auc is 0.647, 10s auc is 0.667, 18s auc is 0.667
Epoch 78 train loss is 2.383, total scene, click auc is 0.738, like auc is 0.597, follow auc is 0.597, 5s auc is 0.742, 10s auc is 0.744, 18s auc is 0.748
Epoch 78 val loss is 2.406, total scene, click auc is 0.728, like auc is 0.594, follow auc is 0.601, 5s auc is 0.733, 10s auc is 0.735, 18s auc is 0.740
Epoch 78 val loss is 2.383, scene 1, click auc is 0.582, like auc is 0.546, follow auc is 0.067, 5s auc is 0.589, 10s auc is 0.600, 18s auc is 0.625
Epoch 78 val loss is 2.383, scene 2, click auc is 0.668, like auc is 0.549, follow auc is 0.555, 5s auc is 0.656, 10s auc is 0.677, 18s auc is 0.693
Epoch 78 val loss is 2.383, scene 3, click auc is 0.683, like auc is 0.548, follow auc is 0.530, 5s auc is 0.684, 10s auc is 0.701, 18s auc is 0.708
Epoch 78 val loss is 2.383, scene 4, click auc is 0.649, like auc is 0.576, follow auc is 0.593, 5s auc is 0.648, 10s auc is 0.661, 18s auc is 0.661
Epoch 79 train loss is 2.381, total scene, click auc is 0.738, like auc is 0.595, follow auc is 0.594, 5s auc is 0.743, 10s auc is 0.745, 18s auc is 0.749
Epoch 79 val loss is 2.411, total scene, click auc is 0.726, like auc is 0.598, follow auc is 0.630, 5s auc is 0.732, 10s auc is 0.733, 18s auc is 0.737
Epoch 79 val loss is 2.381, scene 1, click auc is 0.577, like auc is 0.567, follow auc is 0.430, 5s auc is 0.586, 10s auc is 0.604, 18s auc is 0.630
Epoch 79 val loss is 2.381, scene 2, click auc is 0.665, like auc is 0.554, follow auc is 0.583, 5s auc is 0.654, 10s auc is 0.675, 18s auc is 0.688
Epoch 79 val loss is 2.381, scene 3, click auc is 0.683, like auc is 0.557, follow auc is 0.531, 5s auc is 0.688, 10s auc is 0.703, 18s auc is 0.711
Epoch 79 val loss is 2.381, scene 4, click auc is 0.647, like auc is 0.576, follow auc is 0.786, 5s auc is 0.645, 10s auc is 0.661, 18s auc is 0.661
Epoch 80 train loss is 2.379, total scene, click auc is 0.739, like auc is 0.597, follow auc is 0.607, 5s auc is 0.743, 10s auc is 0.746, 18s auc is 0.750
Epoch 80 val loss is 2.402, total scene, click auc is 0.730, like auc is 0.593, follow auc is 0.594, 5s auc is 0.734, 10s auc is 0.737, 18s auc is 0.741
Epoch 80 val loss is 2.379, scene 1, click auc is 0.590, like auc is 0.542, follow auc is 0.584, 5s auc is 0.604, 10s auc is 0.622, 18s auc is 0.650
Epoch 80 val loss is 2.379, scene 2, click auc is 0.671, like auc is 0.548, follow auc is 0.539, 5s auc is 0.658, 10s auc is 0.681, 18s auc is 0.694
Epoch 80 val loss is 2.379, scene 3, click auc is 0.672, like auc is 0.562, follow auc is 0.521, 5s auc is 0.676, 10s auc is 0.692, 18s auc is 0.705
Epoch 80 val loss is 2.379, scene 4, click auc is 0.651, like auc is 0.571, follow auc is 0.706, 5s auc is 0.648, 10s auc is 0.664, 18s auc is 0.664
Epoch 81 train loss is 2.378, total scene, click auc is 0.739, like auc is 0.598, follow auc is 0.594, 5s auc is 0.744, 10s auc is 0.746, 18s auc is 0.750
Epoch 81 val loss is 2.406, total scene, click auc is 0.728, like auc is 0.602, follow auc is 0.638, 5s auc is 0.733, 10s auc is 0.734, 18s auc is 0.740
Epoch 81 val loss is 2.378, scene 1, click auc is 0.590, like auc is 0.564, follow auc is 0.494, 5s auc is 0.602, 10s auc is 0.620, 18s auc is 0.653
Epoch 81 val loss is 2.378, scene 2, click auc is 0.668, like auc is 0.558, follow auc is 0.589, 5s auc is 0.655, 10s auc is 0.676, 18s auc is 0.693
Epoch 81 val loss is 2.378, scene 3, click auc is 0.681, like auc is 0.570, follow auc is 0.615, 5s auc is 0.679, 10s auc is 0.692, 18s auc is 0.707
Epoch 81 val loss is 2.378, scene 4, click auc is 0.656, like auc is 0.575, follow auc is 0.711, 5s auc is 0.650, 10s auc is 0.667, 18s auc is 0.667
Epoch 82 train loss is 2.375, total scene, click auc is 0.741, like auc is 0.599, follow auc is 0.599, 5s auc is 0.745, 10s auc is 0.747, 18s auc is 0.751
Epoch 82 val loss is 2.397, total scene, click auc is 0.731, like auc is 0.598, follow auc is 0.603, 5s auc is 0.736, 10s auc is 0.738, 18s auc is 0.743
Epoch 82 val loss is 2.375, scene 1, click auc is 0.582, like auc is 0.554, follow auc is 0.457, 5s auc is 0.591, 10s auc is 0.611, 18s auc is 0.644
Epoch 82 val loss is 2.375, scene 2, click auc is 0.673, like auc is 0.553, follow auc is 0.553, 5s auc is 0.660, 10s auc is 0.682, 18s auc is 0.696
Epoch 82 val loss is 2.375, scene 3, click auc is 0.683, like auc is 0.560, follow auc is 0.562, 5s auc is 0.684, 10s auc is 0.696, 18s auc is 0.705
Epoch 82 val loss is 2.375, scene 4, click auc is 0.658, like auc is 0.565, follow auc is 0.609, 5s auc is 0.654, 10s auc is 0.672, 18s auc is 0.672
Epoch 83 train loss is 2.372, total scene, click auc is 0.741, like auc is 0.599, follow auc is 0.596, 5s auc is 0.746, 10s auc is 0.748, 18s auc is 0.752
Epoch 83 val loss is 2.396, total scene, click auc is 0.732, like auc is 0.598, follow auc is 0.630, 5s auc is 0.737, 10s auc is 0.739, 18s auc is 0.743
Epoch 83 val loss is 2.372, scene 1, click auc is 0.588, like auc is 0.589, follow auc is 0.343, 5s auc is 0.597, 10s auc is 0.614, 18s auc is 0.637
Epoch 83 val loss is 2.372, scene 2, click auc is 0.673, like auc is 0.552, follow auc is 0.583, 5s auc is 0.661, 10s auc is 0.682, 18s auc is 0.696
Epoch 83 val loss is 2.372, scene 3, click auc is 0.689, like auc is 0.584, follow auc is 0.557, 5s auc is 0.686, 10s auc is 0.705, 18s auc is 0.715
Epoch 83 val loss is 2.372, scene 4, click auc is 0.661, like auc is 0.574, follow auc is 0.692, 5s auc is 0.658, 10s auc is 0.673, 18s auc is 0.673
Epoch 84 train loss is 2.373, total scene, click auc is 0.741, like auc is 0.599, follow auc is 0.600, 5s auc is 0.745, 10s auc is 0.748, 18s auc is 0.752
Epoch 84 val loss is 2.407, total scene, click auc is 0.731, like auc is 0.598, follow auc is 0.608, 5s auc is 0.737, 10s auc is 0.738, 18s auc is 0.742
Epoch 84 val loss is 2.373, scene 1, click auc is 0.584, like auc is 0.554, follow auc is 0.441, 5s auc is 0.590, 10s auc is 0.598, 18s auc is 0.630
Epoch 84 val loss is 2.373, scene 2, click auc is 0.673, like auc is 0.553, follow auc is 0.567, 5s auc is 0.660, 10s auc is 0.681, 18s auc is 0.695
Epoch 84 val loss is 2.373, scene 3, click auc is 0.681, like auc is 0.570, follow auc is 0.475, 5s auc is 0.682, 10s auc is 0.698, 18s auc is 0.709
Epoch 84 val loss is 2.373, scene 4, click auc is 0.658, like auc is 0.590, follow auc is 0.664, 5s auc is 0.656, 10s auc is 0.669, 18s auc is 0.669
Epoch 85 train loss is 2.370, total scene, click auc is 0.742, like auc is 0.601, follow auc is 0.597, 5s auc is 0.747, 10s auc is 0.749, 18s auc is 0.753
Epoch 85 val loss is 2.399, total scene, click auc is 0.733, like auc is 0.603, follow auc is 0.621, 5s auc is 0.738, 10s auc is 0.739, 18s auc is 0.744
Epoch 85 val loss is 2.370, scene 1, click auc is 0.592, like auc is 0.540, follow auc is 0.351, 5s auc is 0.602, 10s auc is 0.615, 18s auc is 0.639
Epoch 85 val loss is 2.370, scene 2, click auc is 0.675, like auc is 0.559, follow auc is 0.577, 5s auc is 0.662, 10s auc is 0.683, 18s auc is 0.698
Epoch 85 val loss is 2.370, scene 3, click auc is 0.681, like auc is 0.572, follow auc is 0.557, 5s auc is 0.686, 10s auc is 0.697, 18s auc is 0.705
Epoch 85 val loss is 2.370, scene 4, click auc is 0.658, like auc is 0.590, follow auc is 0.624, 5s auc is 0.657, 10s auc is 0.670, 18s auc is 0.670
Epoch 86 train loss is 2.370, total scene, click auc is 0.742, like auc is 0.599, follow auc is 0.600, 5s auc is 0.747, 10s auc is 0.749, 18s auc is 0.753
Epoch 86 val loss is 2.399, total scene, click auc is 0.731, like auc is 0.600, follow auc is 0.626, 5s auc is 0.736, 10s auc is 0.738, 18s auc is 0.744
Epoch 86 val loss is 2.370, scene 1, click auc is 0.585, like auc is 0.569, follow auc is 0.640, 5s auc is 0.592, 10s auc is 0.603, 18s auc is 0.625
Epoch 86 val loss is 2.370, scene 2, click auc is 0.673, like auc is 0.555, follow auc is 0.588, 5s auc is 0.660, 10s auc is 0.682, 18s auc is 0.698
Epoch 86 val loss is 2.370, scene 3, click auc is 0.680, like auc is 0.572, follow auc is 0.480, 5s auc is 0.683, 10s auc is 0.696, 18s auc is 0.710
Epoch 86 val loss is 2.370, scene 4, click auc is 0.655, like auc is 0.590, follow auc is 0.666, 5s auc is 0.654, 10s auc is 0.671, 18s auc is 0.671
Epoch 87 train loss is 2.366, total scene, click auc is 0.744, like auc is 0.601, follow auc is 0.603, 5s auc is 0.748, 10s auc is 0.751, 18s auc is 0.755
Epoch 87 val loss is 2.395, total scene, click auc is 0.732, like auc is 0.601, follow auc is 0.632, 5s auc is 0.737, 10s auc is 0.738, 18s auc is 0.743
Epoch 87 val loss is 2.366, scene 1, click auc is 0.590, like auc is 0.574, follow auc is 0.057, 5s auc is 0.597, 10s auc is 0.612, 18s auc is 0.642
Epoch 87 val loss is 2.366, scene 2, click auc is 0.672, like auc is 0.557, follow auc is 0.594, 5s auc is 0.660, 10s auc is 0.680, 18s auc is 0.695
Epoch 87 val loss is 2.366, scene 3, click auc is 0.692, like auc is 0.576, follow auc is 0.520, 5s auc is 0.689, 10s auc is 0.710, 18s auc is 0.723
Epoch 87 val loss is 2.366, scene 4, click auc is 0.661, like auc is 0.579, follow auc is 0.693, 5s auc is 0.657, 10s auc is 0.674, 18s auc is 0.674
Epoch 88 train loss is 2.366, total scene, click auc is 0.744, like auc is 0.599, follow auc is 0.609, 5s auc is 0.748, 10s auc is 0.751, 18s auc is 0.755
Epoch 88 val loss is 2.395, total scene, click auc is 0.733, like auc is 0.599, follow auc is 0.636, 5s auc is 0.738, 10s auc is 0.739, 18s auc is 0.744
Epoch 88 val loss is 2.366, scene 1, click auc is 0.581, like auc is 0.512, follow auc is 0.827, 5s auc is 0.593, 10s auc is 0.613, 18s auc is 0.640
Epoch 88 val loss is 2.366, scene 2, click auc is 0.676, like auc is 0.556, follow auc is 0.602, 5s auc is 0.663, 10s auc is 0.683, 18s auc is 0.697
Epoch 88 val loss is 2.366, scene 3, click auc is 0.686, like auc is 0.550, follow auc is 0.491, 5s auc is 0.687, 10s auc is 0.702, 18s auc is 0.712
Epoch 88 val loss is 2.366, scene 4, click auc is 0.660, like auc is 0.576, follow auc is 0.671, 5s auc is 0.656, 10s auc is 0.672, 18s auc is 0.672
Epoch 89 train loss is 2.362, total scene, click auc is 0.745, like auc is 0.602, follow auc is 0.607, 5s auc is 0.749, 10s auc is 0.752, 18s auc is 0.756
Epoch 89 val loss is 2.400, total scene, click auc is 0.734, like auc is 0.601, follow auc is 0.613, 5s auc is 0.738, 10s auc is 0.740, 18s auc is 0.744
Epoch 89 val loss is 2.362, scene 1, click auc is 0.588, like auc is 0.528, follow auc is 0.889, 5s auc is 0.593, 10s auc is 0.608, 18s auc is 0.637
Epoch 89 val loss is 2.362, scene 2, click auc is 0.677, like auc is 0.558, follow auc is 0.568, 5s auc is 0.663, 10s auc is 0.684, 18s auc is 0.698
Epoch 89 val loss is 2.362, scene 3, click auc is 0.692, like auc is 0.578, follow auc is 0.527, 5s auc is 0.690, 10s auc is 0.706, 18s auc is 0.717
Epoch 89 val loss is 2.362, scene 4, click auc is 0.661, like auc is 0.566, follow auc is 0.604, 5s auc is 0.659, 10s auc is 0.673, 18s auc is 0.673
Epoch 90 train loss is 2.361, total scene, click auc is 0.745, like auc is 0.601, follow auc is 0.601, 5s auc is 0.749, 10s auc is 0.752, 18s auc is 0.756
Epoch 90 val loss is 2.388, total scene, click auc is 0.735, like auc is 0.602, follow auc is 0.624, 5s auc is 0.740, 10s auc is 0.741, 18s auc is 0.745
Epoch 90 val loss is 2.361, scene 1, click auc is 0.586, like auc is 0.525, follow auc is 0.515, 5s auc is 0.595, 10s auc is 0.615, 18s auc is 0.645
Epoch 90 val loss is 2.361, scene 2, click auc is 0.678, like auc is 0.558, follow auc is 0.573, 5s auc is 0.664, 10s auc is 0.685, 18s auc is 0.699
Epoch 90 val loss is 2.361, scene 3, click auc is 0.689, like auc is 0.565, follow auc is 0.567, 5s auc is 0.690, 10s auc is 0.702, 18s auc is 0.713
Epoch 90 val loss is 2.361, scene 4, click auc is 0.665, like auc is 0.593, follow auc is 0.688, 5s auc is 0.661, 10s auc is 0.677, 18s auc is 0.677
Epoch 91 train loss is 2.360, total scene, click auc is 0.746, like auc is 0.602, follow auc is 0.601, 5s auc is 0.750, 10s auc is 0.753, 18s auc is 0.757
Epoch 91 val loss is 2.389, total scene, click auc is 0.736, like auc is 0.602, follow auc is 0.627, 5s auc is 0.740, 10s auc is 0.742, 18s auc is 0.746
Epoch 91 val loss is 2.360, scene 1, click auc is 0.591, like auc is 0.555, follow auc is 0.692, 5s auc is 0.605, 10s auc is 0.620, 18s auc is 0.650
Epoch 91 val loss is 2.360, scene 2, click auc is 0.678, like auc is 0.560, follow auc is 0.580, 5s auc is 0.665, 10s auc is 0.686, 18s auc is 0.699
Epoch 91 val loss is 2.360, scene 3, click auc is 0.694, like auc is 0.570, follow auc is 0.616, 5s auc is 0.690, 10s auc is 0.708, 18s auc is 0.713
Epoch 91 val loss is 2.360, scene 4, click auc is 0.663, like auc is 0.573, follow auc is 0.573, 5s auc is 0.661, 10s auc is 0.678, 18s auc is 0.678
Epoch 92 train loss is 2.359, total scene, click auc is 0.746, like auc is 0.602, follow auc is 0.610, 5s auc is 0.750, 10s auc is 0.753, 18s auc is 0.757
Epoch 92 val loss is 2.388, total scene, click auc is 0.735, like auc is 0.600, follow auc is 0.621, 5s auc is 0.740, 10s auc is 0.742, 18s auc is 0.746
Epoch 92 val loss is 2.359, scene 1, click auc is 0.598, like auc is 0.559, follow auc is 0.173, 5s auc is 0.608, 10s auc is 0.631, 18s auc is 0.656
Epoch 92 val loss is 2.359, scene 2, click auc is 0.678, like auc is 0.555, follow auc is 0.587, 5s auc is 0.665, 10s auc is 0.686, 18s auc is 0.700
Epoch 92 val loss is 2.359, scene 3, click auc is 0.694, like auc is 0.578, follow auc is 0.460, 5s auc is 0.693, 10s auc is 0.710, 18s auc is 0.717
Epoch 92 val loss is 2.359, scene 4, click auc is 0.660, like auc is 0.590, follow auc is 0.603, 5s auc is 0.657, 10s auc is 0.672, 18s auc is 0.672
Epoch 93 train loss is 2.358, total scene, click auc is 0.746, like auc is 0.601, follow auc is 0.604, 5s auc is 0.750, 10s auc is 0.753, 18s auc is 0.757
Epoch 93 val loss is 2.388, total scene, click auc is 0.736, like auc is 0.606, follow auc is 0.635, 5s auc is 0.740, 10s auc is 0.742, 18s auc is 0.748
Epoch 93 val loss is 2.358, scene 1, click auc is 0.590, like auc is 0.537, follow auc is 0.414, 5s auc is 0.597, 10s auc is 0.613, 18s auc is 0.638
Epoch 93 val loss is 2.358, scene 2, click auc is 0.678, like auc is 0.563, follow auc is 0.592, 5s auc is 0.665, 10s auc is 0.686, 18s auc is 0.702
Epoch 93 val loss is 2.358, scene 3, click auc is 0.688, like auc is 0.594, follow auc is 0.588, 5s auc is 0.690, 10s auc is 0.711, 18s auc is 0.717
Epoch 93 val loss is 2.358, scene 4, click auc is 0.665, like auc is 0.584, follow auc is 0.572, 5s auc is 0.660, 10s auc is 0.678, 18s auc is 0.678
Epoch 94 train loss is 2.355, total scene, click auc is 0.747, like auc is 0.604, follow auc is 0.599, 5s auc is 0.751, 10s auc is 0.754, 18s auc is 0.758
Epoch 94 val loss is 2.386, total scene, click auc is 0.736, like auc is 0.603, follow auc is 0.630, 5s auc is 0.741, 10s auc is 0.743, 18s auc is 0.748
Epoch 94 val loss is 2.355, scene 1, click auc is 0.592, like auc is 0.546, follow auc is 0.509, 5s auc is 0.603, 10s auc is 0.619, 18s auc is 0.643
Epoch 94 val loss is 2.355, scene 2, click auc is 0.679, like auc is 0.561, follow auc is 0.591, 5s auc is 0.666, 10s auc is 0.688, 18s auc is 0.702
Epoch 94 val loss is 2.355, scene 3, click auc is 0.689, like auc is 0.553, follow auc is 0.520, 5s auc is 0.692, 10s auc is 0.703, 18s auc is 0.711
Epoch 94 val loss is 2.355, scene 4, click auc is 0.663, like auc is 0.578, follow auc is 0.672, 5s auc is 0.659, 10s auc is 0.676, 18s auc is 0.676
Epoch 95 train loss is 2.355, total scene, click auc is 0.747, like auc is 0.605, follow auc is 0.598, 5s auc is 0.751, 10s auc is 0.754, 18s auc is 0.758
Epoch 95 val loss is 2.384, total scene, click auc is 0.736, like auc is 0.600, follow auc is 0.625, 5s auc is 0.741, 10s auc is 0.742, 18s auc is 0.747
Epoch 95 val loss is 2.355, scene 1, click auc is 0.588, like auc is 0.560, follow auc is 0.840, 5s auc is 0.601, 10s auc is 0.615, 18s auc is 0.645
Epoch 95 val loss is 2.355, scene 2, click auc is 0.679, like auc is 0.557, follow auc is 0.584, 5s auc is 0.667, 10s auc is 0.686, 18s auc is 0.701
Epoch 95 val loss is 2.355, scene 3, click auc is 0.688, like auc is 0.593, follow auc is 0.530, 5s auc is 0.693, 10s auc is 0.708, 18s auc is 0.717
Epoch 95 val loss is 2.355, scene 4, click auc is 0.662, like auc is 0.553, follow auc is 0.608, 5s auc is 0.660, 10s auc is 0.676, 18s auc is 0.676
Epoch 96 train loss is 2.354, total scene, click auc is 0.748, like auc is 0.605, follow auc is 0.603, 5s auc is 0.752, 10s auc is 0.755, 18s auc is 0.758
Epoch 96 val loss is 2.383, total scene, click auc is 0.738, like auc is 0.601, follow auc is 0.638, 5s auc is 0.742, 10s auc is 0.744, 18s auc is 0.746
Epoch 96 val loss is 2.354, scene 1, click auc is 0.596, like auc is 0.594, follow auc is 0.925, 5s auc is 0.597, 10s auc is 0.616, 18s auc is 0.636
Epoch 96 val loss is 2.354, scene 2, click auc is 0.681, like auc is 0.558, follow auc is 0.594, 5s auc is 0.668, 10s auc is 0.688, 18s auc is 0.700
Epoch 96 val loss is 2.354, scene 3, click auc is 0.697, like auc is 0.577, follow auc is 0.503, 5s auc is 0.699, 10s auc is 0.711, 18s auc is 0.711
Epoch 96 val loss is 2.354, scene 4, click auc is 0.663, like auc is 0.579, follow auc is 0.808, 5s auc is 0.658, 10s auc is 0.674, 18s auc is 0.674
Epoch 97 train loss is 2.351, total scene, click auc is 0.749, like auc is 0.605, follow auc is 0.610, 5s auc is 0.753, 10s auc is 0.756, 18s auc is 0.760
Epoch 97 val loss is 2.384, total scene, click auc is 0.737, like auc is 0.606, follow auc is 0.622, 5s auc is 0.742, 10s auc is 0.744, 18s auc is 0.747
Epoch 97 val loss is 2.351, scene 1, click auc is 0.598, like auc is 0.565, follow auc is 0.462, 5s auc is 0.604, 10s auc is 0.620, 18s auc is 0.647
Epoch 97 val loss is 2.351, scene 2, click auc is 0.681, like auc is 0.562, follow auc is 0.565, 5s auc is 0.668, 10s auc is 0.689, 18s auc is 0.702
Epoch 97 val loss is 2.351, scene 3, click auc is 0.691, like auc is 0.566, follow auc is 0.616, 5s auc is 0.692, 10s auc is 0.704, 18s auc is 0.712
Epoch 97 val loss is 2.351, scene 4, click auc is 0.664, like auc is 0.605, follow auc is 0.716, 5s auc is 0.659, 10s auc is 0.674, 18s auc is 0.674
Epoch 98 train loss is 2.350, total scene, click auc is 0.749, like auc is 0.605, follow auc is 0.600, 5s auc is 0.753, 10s auc is 0.756, 18s auc is 0.759
Epoch 98 val loss is 2.384, total scene, click auc is 0.737, like auc is 0.608, follow auc is 0.626, 5s auc is 0.742, 10s auc is 0.744, 18s auc is 0.748
Epoch 98 val loss is 2.350, scene 1, click auc is 0.602, like auc is 0.594, follow auc is 0.470, 5s auc is 0.608, 10s auc is 0.628, 18s auc is 0.655
Epoch 98 val loss is 2.350, scene 2, click auc is 0.681, like auc is 0.565, follow auc is 0.583, 5s auc is 0.668, 10s auc is 0.689, 18s auc is 0.703
Epoch 98 val loss is 2.350, scene 3, click auc is 0.691, like auc is 0.578, follow auc is 0.526, 5s auc is 0.692, 10s auc is 0.708, 18s auc is 0.714
Epoch 98 val loss is 2.350, scene 4, click auc is 0.663, like auc is 0.593, follow auc is 0.629, 5s auc is 0.659, 10s auc is 0.675, 18s auc is 0.675
Epoch 99 train loss is 2.349, total scene, click auc is 0.750, like auc is 0.607, follow auc is 0.603, 5s auc is 0.754, 10s auc is 0.757, 18s auc is 0.760
Epoch 99 val loss is 2.384, total scene, click auc is 0.737, like auc is 0.606, follow auc is 0.631, 5s auc is 0.740, 10s auc is 0.744, 18s auc is 0.749
Epoch 99 val loss is 2.349, scene 1, click auc is 0.593, like auc is 0.536, follow auc is 0.935, 5s auc is 0.605, 10s auc is 0.625, 18s auc is 0.656
Epoch 99 val loss is 2.349, scene 2, click auc is 0.680, like auc is 0.564, follow auc is 0.585, 5s auc is 0.666, 10s auc is 0.689, 18s auc is 0.703
Epoch 99 val loss is 2.349, scene 3, click auc is 0.695, like auc is 0.581, follow auc is 0.583, 5s auc is 0.692, 10s auc is 0.710, 18s auc is 0.717
Epoch 99 val loss is 2.349, scene 4, click auc is 0.665, like auc is 0.588, follow auc is 0.639, 5s auc is 0.657, 10s auc is 0.678, 18s auc is 0.678
Epoch 100 train loss is 2.348, total scene, click auc is 0.750, like auc is 0.607, follow auc is 0.608, 5s auc is 0.754, 10s auc is 0.757, 18s auc is 0.760
Epoch 100 val loss is 2.396, total scene, click auc is 0.739, like auc is 0.597, follow auc is 0.633, 5s auc is 0.743, 10s auc is 0.745, 18s auc is 0.750
Epoch 100 val loss is 2.348, scene 1, click auc is 0.597, like auc is 0.576, follow auc is 0.394, 5s auc is 0.606, 10s auc is 0.619, 18s auc is 0.644
Epoch 100 val loss is 2.348, scene 2, click auc is 0.683, like auc is 0.552, follow auc is 0.580, 5s auc is 0.668, 10s auc is 0.690, 18s auc is 0.704
Epoch 100 val loss is 2.348, scene 3, click auc is 0.696, like auc is 0.574, follow auc is 0.581, 5s auc is 0.699, 10s auc is 0.713, 18s auc is 0.720
Epoch 100 val loss is 2.348, scene 4, click auc is 0.665, like auc is 0.585, follow auc is 0.797, 5s auc is 0.662, 10s auc is 0.679, 18s auc is 0.679
