nohup: 忽略输入
2025-01-06 21:45:05.835234: I tensorflow/core/util/port.cc:110] oneDNN custom operations are on. You may see slightly different numerical results due to floating-point round-off errors from different computation orders. To turn them off, set the environment variable `TF_ENABLE_ONEDNN_OPTS=0`.
2025-01-06 21:45:05.884812: I tensorflow/core/platform/cpu_feature_guard.cc:182] This TensorFlow binary is optimized to use available CPU instructions in performance-critical operations.
To enable the following instructions: AVX2 AVX512F AVX512_VNNI FMA, in other operations, rebuild TensorFlow with the appropriate compiler flags.
2025-01-06 21:45:06.636249: W tensorflow/compiler/tf2tensorrt/utils/py_utils.cc:38] TF-TRT Warning: Could not find TensorRT
Namespace(add_num_times=2, alpha=0.4, anneal_cap=0.2, bert_mask_prob=0.3, best_metric='NDCG@10', block_num=2, cand_num=100, ch=True, context_window=2, dataset_path='data/KuaiRand/kuai.csv', decay_step=5, device='cpu', dilations=[1, 4], dropout=0.3, early_stop=True, embedding_size=32, epochs=100, eval=True, factor_num=128, gamma=0.5, hidden_size=128, hidden_size_list=[128, 128], init_method='default', is_mp=False, is_parallel=False, is_pretrain=1, item_min=10, k=20, kd=False, kernel_size=3, l2_emb=0.0, latent_dim=128, lifelong_eval=True, ll_max_itemnum=0, local_rank=None, loss_type='BPR', lr=0.0001, max_len=20, mess_dropout=0.1, metric_ks=[5, 20], model_name='mmoe', mtl_task_num=6, negsample_savefolder='./data/neg_data/', negsample_size=99, node_dropout=0.1, num_embedding=1, num_gpu=1, num_groups=4, num_heads=4, num_items=1, num_labels=1, num_ng=4, num_users=1, optimizer='default', pad_token=0, pretrain_path='', prun_rate=0, re_epochs=20, reg_1=0.0, reg_2=0.0, rho=0.5, sample='random', sample_method='high-pop', sample_ratio=0.3, save_path='./checkpoint/', seed=100, source_path='', target_path='', task=-1, task1_out=0, task2_out=0, task3_out=0, task4_out=0, task_name='mtl', task_num=4, temp=7, test_batch_size=4096, test_method='ufo', test_size=0.1, total_anneal_steps=1000, train_batch_size=4096, user_profile='gender', val_batch_size=4096, val_method='ufo', val_size=0.1111, valid_rate=100, weight_decay=0.0)
digit_columns: ['show_user_num', 'play_user_num', 'complete_play_user_num', 'valid_play_user_num'] to index
  0%|          | 0/4 [00:00<?, ?it/s] 25%|██▌       | 1/4 [00:00<00:00,  5.70it/s] 50%|█████     | 2/4 [00:00<00:00,  5.80it/s] 75%|███████▌  | 3/4 [00:00<00:00,  5.89it/s]100%|██████████| 4/4 [00:00<00:00,  6.18it/s]100%|██████████| 4/4 [00:00<00:00,  6.04it/s]
categorical_columns: ['user_id', 'video_id', 'follow_user_num_range', 'tab', 'fans_user_num_range', 'friend_user_num_range', 'author_id', 'video_type', 'music_type', 'show_user_num', 'play_user_num', 'complete_play_user_num', 'valid_play_user_num'] to index
  0%|          | 0/13 [00:00<?, ?it/s] 15%|█▌        | 2/13 [00:00<00:01, 10.42it/s] 31%|███       | 4/13 [00:00<00:01,  8.57it/s] 38%|███▊      | 5/13 [00:00<00:01,  7.28it/s] 46%|████▌     | 6/13 [00:00<00:01,  6.42it/s] 54%|█████▍    | 7/13 [00:00<00:00,  6.64it/s] 62%|██████▏   | 8/13 [00:01<00:00,  5.89it/s] 77%|███████▋  | 10/13 [00:01<00:00,  7.95it/s] 92%|█████████▏| 12/13 [00:01<00:00,  9.66it/s]100%|██████████| 13/13 [00:01<00:00,  8.32it/s]
0it [00:00, ?it/s]19it [00:00, 200.09it/s]
Epoch 1 train loss is 4.179, click auc is 0.586, like auc is 0.502, follow auc is 0.504, 5s auc is 0.592, 10s auc is 0.575, 18s auc is 0.565
Epoch 1 val loss is 3.842, click auc is 0.638, like auc is 0.601, follow auc is 0.542, 5s auc is 0.644, 10s auc is 0.631, 18s auc is 0.630
Epoch 2 train loss is 2.673, click auc is 0.643, like auc is 0.556, follow auc is 0.485, 5s auc is 0.648, 10s auc is 0.636, 18s auc is 0.633
Epoch 2 val loss is 2.578, click auc is 0.647, like auc is 0.597, follow auc is 0.541, 5s auc is 0.652, 10s auc is 0.643, 18s auc is 0.645
Epoch 3 train loss is 2.570, click auc is 0.651, like auc is 0.617, follow auc is 0.492, 5s auc is 0.655, 10s auc is 0.647, 18s auc is 0.649
Epoch 3 val loss is 2.559, click auc is 0.654, like auc is 0.622, follow auc is 0.575, 5s auc is 0.659, 10s auc is 0.651, 18s auc is 0.654
Epoch 4 train loss is 2.554, click auc is 0.656, like auc is 0.634, follow auc is 0.531, 5s auc is 0.661, 10s auc is 0.654, 18s auc is 0.658
Epoch 4 val loss is 2.546, click auc is 0.658, like auc is 0.634, follow auc is 0.616, 5s auc is 0.663, 10s auc is 0.656, 18s auc is 0.661
Epoch 5 train loss is 2.543, click auc is 0.661, like auc is 0.644, follow auc is 0.581, 5s auc is 0.666, 10s auc is 0.659, 18s auc is 0.664
Epoch 5 val loss is 2.537, click auc is 0.662, like auc is 0.640, follow auc is 0.655, 5s auc is 0.668, 10s auc is 0.661, 18s auc is 0.666
Epoch 6 train loss is 2.533, click auc is 0.665, like auc is 0.651, follow auc is 0.625, 5s auc is 0.670, 10s auc is 0.664, 18s auc is 0.669
Epoch 6 val loss is 2.530, click auc is 0.664, like auc is 0.644, follow auc is 0.679, 5s auc is 0.670, 10s auc is 0.665, 18s auc is 0.670
Epoch 7 train loss is 2.527, click auc is 0.668, like auc is 0.655, follow auc is 0.656, 5s auc is 0.673, 10s auc is 0.668, 18s auc is 0.674
Epoch 7 val loss is 2.524, click auc is 0.667, like auc is 0.649, follow auc is 0.697, 5s auc is 0.673, 10s auc is 0.668, 18s auc is 0.674
Epoch 8 train loss is 2.521, click auc is 0.671, like auc is 0.658, follow auc is 0.678, 5s auc is 0.676, 10s auc is 0.672, 18s auc is 0.678
Epoch 8 val loss is 2.519, click auc is 0.669, like auc is 0.651, follow auc is 0.706, 5s auc is 0.675, 10s auc is 0.671, 18s auc is 0.677
Epoch 9 train loss is 2.515, click auc is 0.673, like auc is 0.661, follow auc is 0.692, 5s auc is 0.679, 10s auc is 0.675, 18s auc is 0.682
Epoch 9 val loss is 2.515, click auc is 0.672, like auc is 0.651, follow auc is 0.713, 5s auc is 0.678, 10s auc is 0.674, 18s auc is 0.681
Epoch 10 train loss is 2.510, click auc is 0.676, like auc is 0.663, follow auc is 0.704, 5s auc is 0.682, 10s auc is 0.679, 18s auc is 0.686
Epoch 10 val loss is 2.511, click auc is 0.674, like auc is 0.654, follow auc is 0.717, 5s auc is 0.679, 10s auc is 0.676, 18s auc is 0.684
Epoch 11 train loss is 2.506, click auc is 0.678, like auc is 0.665, follow auc is 0.713, 5s auc is 0.684, 10s auc is 0.682, 18s auc is 0.689
Epoch 11 val loss is 2.507, click auc is 0.676, like auc is 0.657, follow auc is 0.719, 5s auc is 0.682, 10s auc is 0.679, 18s auc is 0.687
Epoch 12 train loss is 2.501, click auc is 0.680, like auc is 0.668, follow auc is 0.719, 5s auc is 0.687, 10s auc is 0.684, 18s auc is 0.693
Epoch 12 val loss is 2.504, click auc is 0.677, like auc is 0.656, follow auc is 0.722, 5s auc is 0.684, 10s auc is 0.681, 18s auc is 0.689
Epoch 13 train loss is 2.497, click auc is 0.683, like auc is 0.669, follow auc is 0.723, 5s auc is 0.689, 10s auc is 0.687, 18s auc is 0.696
Epoch 13 val loss is 2.500, click auc is 0.679, like auc is 0.658, follow auc is 0.723, 5s auc is 0.685, 10s auc is 0.684, 18s auc is 0.691
Epoch 14 train loss is 2.492, click auc is 0.685, like auc is 0.672, follow auc is 0.729, 5s auc is 0.691, 10s auc is 0.690, 18s auc is 0.699
Epoch 14 val loss is 2.497, click auc is 0.681, like auc is 0.659, follow auc is 0.726, 5s auc is 0.687, 10s auc is 0.686, 18s auc is 0.694
Epoch 15 train loss is 2.488, click auc is 0.687, like auc is 0.673, follow auc is 0.733, 5s auc is 0.693, 10s auc is 0.692, 18s auc is 0.702
Epoch 15 val loss is 2.493, click auc is 0.682, like auc is 0.662, follow auc is 0.728, 5s auc is 0.689, 10s auc is 0.688, 18s auc is 0.697
Epoch 16 train loss is 2.483, click auc is 0.689, like auc is 0.676, follow auc is 0.737, 5s auc is 0.695, 10s auc is 0.695, 18s auc is 0.705
Epoch 16 val loss is 2.490, click auc is 0.685, like auc is 0.662, follow auc is 0.728, 5s auc is 0.691, 10s auc is 0.690, 18s auc is 0.699
Epoch 17 train loss is 2.478, click auc is 0.692, like auc is 0.677, follow auc is 0.738, 5s auc is 0.698, 10s auc is 0.697, 18s auc is 0.708
Epoch 17 val loss is 2.486, click auc is 0.686, like auc is 0.663, follow auc is 0.731, 5s auc is 0.693, 10s auc is 0.692, 18s auc is 0.702
Epoch 18 train loss is 2.474, click auc is 0.694, like auc is 0.679, follow auc is 0.741, 5s auc is 0.700, 10s auc is 0.700, 18s auc is 0.710
Epoch 18 val loss is 2.483, click auc is 0.688, like auc is 0.666, follow auc is 0.731, 5s auc is 0.694, 10s auc is 0.694, 18s auc is 0.704
Epoch 19 train loss is 2.470, click auc is 0.696, like auc is 0.681, follow auc is 0.742, 5s auc is 0.702, 10s auc is 0.702, 18s auc is 0.713
Epoch 19 val loss is 2.479, click auc is 0.690, like auc is 0.667, follow auc is 0.732, 5s auc is 0.696, 10s auc is 0.696, 18s auc is 0.706
Epoch 20 train loss is 2.465, click auc is 0.698, like auc is 0.683, follow auc is 0.743, 5s auc is 0.704, 10s auc is 0.704, 18s auc is 0.716
Epoch 20 val loss is 2.475, click auc is 0.692, like auc is 0.670, follow auc is 0.731, 5s auc is 0.698, 10s auc is 0.698, 18s auc is 0.708
Epoch 21 train loss is 2.460, click auc is 0.700, like auc is 0.685, follow auc is 0.746, 5s auc is 0.706, 10s auc is 0.707, 18s auc is 0.718
Epoch 21 val loss is 2.472, click auc is 0.693, like auc is 0.668, follow auc is 0.732, 5s auc is 0.700, 10s auc is 0.700, 18s auc is 0.710
Epoch 22 train loss is 2.455, click auc is 0.703, like auc is 0.687, follow auc is 0.749, 5s auc is 0.709, 10s auc is 0.709, 18s auc is 0.721
Epoch 22 val loss is 2.468, click auc is 0.696, like auc is 0.673, follow auc is 0.735, 5s auc is 0.702, 10s auc is 0.702, 18s auc is 0.712
Epoch 23 train loss is 2.451, click auc is 0.705, like auc is 0.689, follow auc is 0.749, 5s auc is 0.711, 10s auc is 0.711, 18s auc is 0.723
Epoch 23 val loss is 2.464, click auc is 0.697, like auc is 0.674, follow auc is 0.736, 5s auc is 0.704, 10s auc is 0.703, 18s auc is 0.714
Epoch 24 train loss is 2.446, click auc is 0.707, like auc is 0.691, follow auc is 0.753, 5s auc is 0.713, 10s auc is 0.713, 18s auc is 0.725
Epoch 24 val loss is 2.461, click auc is 0.699, like auc is 0.675, follow auc is 0.738, 5s auc is 0.706, 10s auc is 0.705, 18s auc is 0.716
Epoch 25 train loss is 2.441, click auc is 0.709, like auc is 0.694, follow auc is 0.751, 5s auc is 0.715, 10s auc is 0.716, 18s auc is 0.728
Epoch 25 val loss is 2.457, click auc is 0.701, like auc is 0.676, follow auc is 0.736, 5s auc is 0.708, 10s auc is 0.707, 18s auc is 0.718
Epoch 26 train loss is 2.436, click auc is 0.711, like auc is 0.695, follow auc is 0.754, 5s auc is 0.717, 10s auc is 0.718, 18s auc is 0.730
Epoch 26 val loss is 2.453, click auc is 0.703, like auc is 0.679, follow auc is 0.735, 5s auc is 0.709, 10s auc is 0.709, 18s auc is 0.720
Epoch 27 train loss is 2.431, click auc is 0.713, like auc is 0.697, follow auc is 0.755, 5s auc is 0.719, 10s auc is 0.720, 18s auc is 0.732
Epoch 27 val loss is 2.450, click auc is 0.705, like auc is 0.682, follow auc is 0.739, 5s auc is 0.711, 10s auc is 0.711, 18s auc is 0.722
Epoch 28 train loss is 2.426, click auc is 0.716, like auc is 0.699, follow auc is 0.755, 5s auc is 0.722, 10s auc is 0.722, 18s auc is 0.734
Epoch 28 val loss is 2.446, click auc is 0.706, like auc is 0.681, follow auc is 0.737, 5s auc is 0.713, 10s auc is 0.712, 18s auc is 0.723
Epoch 29 train loss is 2.421, click auc is 0.718, like auc is 0.702, follow auc is 0.756, 5s auc is 0.724, 10s auc is 0.724, 18s auc is 0.736
Epoch 29 val loss is 2.442, click auc is 0.708, like auc is 0.684, follow auc is 0.737, 5s auc is 0.715, 10s auc is 0.714, 18s auc is 0.725
Epoch 30 train loss is 2.416, click auc is 0.720, like auc is 0.704, follow auc is 0.758, 5s auc is 0.726, 10s auc is 0.726, 18s auc is 0.738
Epoch 30 val loss is 2.439, click auc is 0.710, like auc is 0.684, follow auc is 0.738, 5s auc is 0.717, 10s auc is 0.716, 18s auc is 0.727
Epoch 31 train loss is 2.411, click auc is 0.722, like auc is 0.705, follow auc is 0.762, 5s auc is 0.728, 10s auc is 0.728, 18s auc is 0.740
Epoch 31 val loss is 2.435, click auc is 0.712, like auc is 0.687, follow auc is 0.743, 5s auc is 0.718, 10s auc is 0.718, 18s auc is 0.728
Epoch 32 train loss is 2.405, click auc is 0.724, like auc is 0.707, follow auc is 0.764, 5s auc is 0.730, 10s auc is 0.730, 18s auc is 0.742
Epoch 32 val loss is 2.431, click auc is 0.714, like auc is 0.687, follow auc is 0.743, 5s auc is 0.720, 10s auc is 0.719, 18s auc is 0.730
Epoch 33 train loss is 2.401, click auc is 0.726, like auc is 0.709, follow auc is 0.765, 5s auc is 0.732, 10s auc is 0.732, 18s auc is 0.744
Epoch 33 val loss is 2.427, click auc is 0.715, like auc is 0.690, follow auc is 0.745, 5s auc is 0.722, 10s auc is 0.721, 18s auc is 0.732
Epoch 34 train loss is 2.396, click auc is 0.728, like auc is 0.711, follow auc is 0.763, 5s auc is 0.734, 10s auc is 0.734, 18s auc is 0.746
Epoch 34 val loss is 2.424, click auc is 0.717, like auc is 0.691, follow auc is 0.745, 5s auc is 0.724, 10s auc is 0.722, 18s auc is 0.733
Epoch 35 train loss is 2.391, click auc is 0.730, like auc is 0.713, follow auc is 0.766, 5s auc is 0.736, 10s auc is 0.736, 18s auc is 0.748
Epoch 35 val loss is 2.420, click auc is 0.718, like auc is 0.692, follow auc is 0.742, 5s auc is 0.725, 10s auc is 0.724, 18s auc is 0.735
Epoch 36 train loss is 2.386, click auc is 0.732, like auc is 0.714, follow auc is 0.766, 5s auc is 0.738, 10s auc is 0.738, 18s auc is 0.750
Epoch 36 val loss is 2.417, click auc is 0.720, like auc is 0.694, follow auc is 0.742, 5s auc is 0.727, 10s auc is 0.726, 18s auc is 0.736
Epoch 37 train loss is 2.380, click auc is 0.734, like auc is 0.717, follow auc is 0.770, 5s auc is 0.740, 10s auc is 0.740, 18s auc is 0.752
Epoch 37 val loss is 2.412, click auc is 0.722, like auc is 0.696, follow auc is 0.741, 5s auc is 0.729, 10s auc is 0.727, 18s auc is 0.738
Epoch 38 train loss is 2.375, click auc is 0.735, like auc is 0.719, follow auc is 0.767, 5s auc is 0.742, 10s auc is 0.742, 18s auc is 0.754
Epoch 38 val loss is 2.409, click auc is 0.723, like auc is 0.696, follow auc is 0.745, 5s auc is 0.730, 10s auc is 0.729, 18s auc is 0.739
Epoch 39 train loss is 2.371, click auc is 0.737, like auc is 0.720, follow auc is 0.770, 5s auc is 0.743, 10s auc is 0.743, 18s auc is 0.755
Epoch 39 val loss is 2.405, click auc is 0.725, like auc is 0.699, follow auc is 0.745, 5s auc is 0.731, 10s auc is 0.730, 18s auc is 0.740
Epoch 40 train loss is 2.366, click auc is 0.739, like auc is 0.722, follow auc is 0.772, 5s auc is 0.745, 10s auc is 0.745, 18s auc is 0.757
Epoch 40 val loss is 2.402, click auc is 0.726, like auc is 0.700, follow auc is 0.748, 5s auc is 0.733, 10s auc is 0.731, 18s auc is 0.742
Epoch 41 train loss is 2.361, click auc is 0.741, like auc is 0.724, follow auc is 0.774, 5s auc is 0.747, 10s auc is 0.747, 18s auc is 0.758
Epoch 41 val loss is 2.398, click auc is 0.728, like auc is 0.703, follow auc is 0.746, 5s auc is 0.734, 10s auc is 0.733, 18s auc is 0.743
Epoch 42 train loss is 2.356, click auc is 0.742, like auc is 0.726, follow auc is 0.773, 5s auc is 0.748, 10s auc is 0.748, 18s auc is 0.760
Epoch 42 val loss is 2.396, click auc is 0.729, like auc is 0.704, follow auc is 0.749, 5s auc is 0.736, 10s auc is 0.734, 18s auc is 0.744
Epoch 43 train loss is 2.352, click auc is 0.744, like auc is 0.727, follow auc is 0.772, 5s auc is 0.750, 10s auc is 0.750, 18s auc is 0.761
Epoch 43 val loss is 2.392, click auc is 0.730, like auc is 0.706, follow auc is 0.749, 5s auc is 0.737, 10s auc is 0.736, 18s auc is 0.746
Epoch 44 train loss is 2.347, click auc is 0.746, like auc is 0.729, follow auc is 0.774, 5s auc is 0.752, 10s auc is 0.751, 18s auc is 0.763
Epoch 44 val loss is 2.389, click auc is 0.732, like auc is 0.707, follow auc is 0.752, 5s auc is 0.738, 10s auc is 0.737, 18s auc is 0.747
Epoch 45 train loss is 2.342, click auc is 0.747, like auc is 0.731, follow auc is 0.775, 5s auc is 0.753, 10s auc is 0.753, 18s auc is 0.764
Epoch 45 val loss is 2.386, click auc is 0.733, like auc is 0.708, follow auc is 0.749, 5s auc is 0.739, 10s auc is 0.738, 18s auc is 0.748
Epoch 46 train loss is 2.337, click auc is 0.749, like auc is 0.733, follow auc is 0.776, 5s auc is 0.755, 10s auc is 0.754, 18s auc is 0.766
Epoch 46 val loss is 2.383, click auc is 0.734, like auc is 0.709, follow auc is 0.749, 5s auc is 0.741, 10s auc is 0.739, 18s auc is 0.749
Epoch 47 train loss is 2.333, click auc is 0.750, like auc is 0.734, follow auc is 0.776, 5s auc is 0.756, 10s auc is 0.756, 18s auc is 0.767
Epoch 47 val loss is 2.380, click auc is 0.735, like auc is 0.711, follow auc is 0.748, 5s auc is 0.742, 10s auc is 0.740, 18s auc is 0.750
Epoch 48 train loss is 2.329, click auc is 0.752, like auc is 0.736, follow auc is 0.778, 5s auc is 0.757, 10s auc is 0.757, 18s auc is 0.769
Epoch 48 val loss is 2.377, click auc is 0.737, like auc is 0.713, follow auc is 0.749, 5s auc is 0.743, 10s auc is 0.741, 18s auc is 0.751
Epoch 49 train loss is 2.324, click auc is 0.753, like auc is 0.737, follow auc is 0.780, 5s auc is 0.759, 10s auc is 0.759, 18s auc is 0.770
Epoch 49 val loss is 2.373, click auc is 0.738, like auc is 0.714, follow auc is 0.753, 5s auc is 0.744, 10s auc is 0.742, 18s auc is 0.752
Epoch 50 train loss is 2.320, click auc is 0.755, like auc is 0.739, follow auc is 0.781, 5s auc is 0.760, 10s auc is 0.760, 18s auc is 0.771
Epoch 50 val loss is 2.371, click auc is 0.739, like auc is 0.715, follow auc is 0.753, 5s auc is 0.745, 10s auc is 0.744, 18s auc is 0.753
Epoch 51 train loss is 2.316, click auc is 0.756, like auc is 0.740, follow auc is 0.784, 5s auc is 0.762, 10s auc is 0.761, 18s auc is 0.772
Epoch 51 val loss is 2.368, click auc is 0.740, like auc is 0.717, follow auc is 0.750, 5s auc is 0.746, 10s auc is 0.744, 18s auc is 0.754
Epoch 52 train loss is 2.312, click auc is 0.757, like auc is 0.742, follow auc is 0.785, 5s auc is 0.763, 10s auc is 0.762, 18s auc is 0.774
Epoch 52 val loss is 2.365, click auc is 0.741, like auc is 0.718, follow auc is 0.754, 5s auc is 0.747, 10s auc is 0.745, 18s auc is 0.755
Epoch 53 train loss is 2.308, click auc is 0.758, like auc is 0.743, follow auc is 0.784, 5s auc is 0.764, 10s auc is 0.764, 18s auc is 0.775
Epoch 53 val loss is 2.363, click auc is 0.742, like auc is 0.719, follow auc is 0.756, 5s auc is 0.748, 10s auc is 0.746, 18s auc is 0.756
Epoch 54 train loss is 2.304, click auc is 0.760, like auc is 0.745, follow auc is 0.783, 5s auc is 0.765, 10s auc is 0.765, 18s auc is 0.776
Epoch 54 val loss is 2.360, click auc is 0.743, like auc is 0.720, follow auc is 0.754, 5s auc is 0.749, 10s auc is 0.747, 18s auc is 0.757
Epoch 55 train loss is 2.300, click auc is 0.761, like auc is 0.746, follow auc is 0.786, 5s auc is 0.766, 10s auc is 0.766, 18s auc is 0.777
Epoch 55 val loss is 2.357, click auc is 0.744, like auc is 0.722, follow auc is 0.755, 5s auc is 0.750, 10s auc is 0.748, 18s auc is 0.758
Epoch 56 train loss is 2.296, click auc is 0.762, like auc is 0.748, follow auc is 0.784, 5s auc is 0.768, 10s auc is 0.767, 18s auc is 0.778
Epoch 56 val loss is 2.356, click auc is 0.745, like auc is 0.724, follow auc is 0.753, 5s auc is 0.751, 10s auc is 0.749, 18s auc is 0.759
Epoch 57 train loss is 2.292, click auc is 0.763, like auc is 0.749, follow auc is 0.783, 5s auc is 0.769, 10s auc is 0.768, 18s auc is 0.779
Epoch 57 val loss is 2.354, click auc is 0.745, like auc is 0.724, follow auc is 0.753, 5s auc is 0.752, 10s auc is 0.750, 18s auc is 0.760
Epoch 58 train loss is 2.289, click auc is 0.764, like auc is 0.750, follow auc is 0.788, 5s auc is 0.770, 10s auc is 0.769, 18s auc is 0.780
Epoch 58 val loss is 2.350, click auc is 0.747, like auc is 0.725, follow auc is 0.752, 5s auc is 0.753, 10s auc is 0.751, 18s auc is 0.761
Epoch 59 train loss is 2.285, click auc is 0.765, like auc is 0.752, follow auc is 0.787, 5s auc is 0.771, 10s auc is 0.770, 18s auc is 0.781
Epoch 59 val loss is 2.348, click auc is 0.747, like auc is 0.728, follow auc is 0.755, 5s auc is 0.754, 10s auc is 0.752, 18s auc is 0.761
Epoch 60 train loss is 2.282, click auc is 0.766, like auc is 0.753, follow auc is 0.788, 5s auc is 0.772, 10s auc is 0.771, 18s auc is 0.782
Epoch 60 val loss is 2.346, click auc is 0.748, like auc is 0.728, follow auc is 0.754, 5s auc is 0.755, 10s auc is 0.752, 18s auc is 0.762
Epoch 61 train loss is 2.278, click auc is 0.767, like auc is 0.754, follow auc is 0.788, 5s auc is 0.773, 10s auc is 0.772, 18s auc is 0.783
Epoch 61 val loss is 2.345, click auc is 0.749, like auc is 0.729, follow auc is 0.755, 5s auc is 0.755, 10s auc is 0.753, 18s auc is 0.763
Epoch 62 train loss is 2.275, click auc is 0.768, like auc is 0.756, follow auc is 0.791, 5s auc is 0.774, 10s auc is 0.773, 18s auc is 0.784
Epoch 62 val loss is 2.341, click auc is 0.750, like auc is 0.731, follow auc is 0.756, 5s auc is 0.756, 10s auc is 0.754, 18s auc is 0.763
Epoch 63 train loss is 2.272, click auc is 0.769, like auc is 0.757, follow auc is 0.793, 5s auc is 0.775, 10s auc is 0.774, 18s auc is 0.785
Epoch 63 val loss is 2.340, click auc is 0.750, like auc is 0.732, follow auc is 0.758, 5s auc is 0.757, 10s auc is 0.755, 18s auc is 0.764
Epoch 64 train loss is 2.269, click auc is 0.770, like auc is 0.759, follow auc is 0.792, 5s auc is 0.776, 10s auc is 0.775, 18s auc is 0.786
Epoch 64 val loss is 2.335, click auc is 0.751, like auc is 0.732, follow auc is 0.758, 5s auc is 0.757, 10s auc is 0.755, 18s auc is 0.765
Epoch 65 train loss is 2.265, click auc is 0.771, like auc is 0.760, follow auc is 0.792, 5s auc is 0.776, 10s auc is 0.776, 18s auc is 0.787
Epoch 65 val loss is 2.335, click auc is 0.752, like auc is 0.734, follow auc is 0.760, 5s auc is 0.758, 10s auc is 0.756, 18s auc is 0.765
Epoch 66 train loss is 2.262, click auc is 0.772, like auc is 0.761, follow auc is 0.793, 5s auc is 0.777, 10s auc is 0.777, 18s auc is 0.788
Epoch 66 val loss is 2.333, click auc is 0.752, like auc is 0.735, follow auc is 0.759, 5s auc is 0.759, 10s auc is 0.756, 18s auc is 0.766
Epoch 67 train loss is 2.259, click auc is 0.773, like auc is 0.762, follow auc is 0.793, 5s auc is 0.778, 10s auc is 0.777, 18s auc is 0.788
Epoch 67 val loss is 2.331, click auc is 0.753, like auc is 0.737, follow auc is 0.760, 5s auc is 0.759, 10s auc is 0.757, 18s auc is 0.767
Epoch 68 train loss is 2.256, click auc is 0.774, like auc is 0.763, follow auc is 0.795, 5s auc is 0.779, 10s auc is 0.778, 18s auc is 0.789
Epoch 68 val loss is 2.330, click auc is 0.754, like auc is 0.738, follow auc is 0.761, 5s auc is 0.760, 10s auc is 0.758, 18s auc is 0.767
Epoch 69 train loss is 2.253, click auc is 0.774, like auc is 0.765, follow auc is 0.796, 5s auc is 0.780, 10s auc is 0.779, 18s auc is 0.790
Epoch 69 val loss is 2.327, click auc is 0.754, like auc is 0.738, follow auc is 0.762, 5s auc is 0.761, 10s auc is 0.758, 18s auc is 0.768
Epoch 70 train loss is 2.250, click auc is 0.775, like auc is 0.766, follow auc is 0.795, 5s auc is 0.780, 10s auc is 0.780, 18s auc is 0.791
Epoch 70 val loss is 2.327, click auc is 0.755, like auc is 0.739, follow auc is 0.758, 5s auc is 0.761, 10s auc is 0.759, 18s auc is 0.768
Epoch 71 train loss is 2.248, click auc is 0.776, like auc is 0.767, follow auc is 0.796, 5s auc is 0.781, 10s auc is 0.781, 18s auc is 0.791
Epoch 71 val loss is 2.325, click auc is 0.755, like auc is 0.741, follow auc is 0.759, 5s auc is 0.762, 10s auc is 0.759, 18s auc is 0.769
Epoch 72 train loss is 2.245, click auc is 0.777, like auc is 0.768, follow auc is 0.798, 5s auc is 0.782, 10s auc is 0.781, 18s auc is 0.792
Epoch 72 val loss is 2.323, click auc is 0.756, like auc is 0.742, follow auc is 0.759, 5s auc is 0.762, 10s auc is 0.760, 18s auc is 0.770
Epoch 73 train loss is 2.242, click auc is 0.777, like auc is 0.769, follow auc is 0.798, 5s auc is 0.782, 10s auc is 0.782, 18s auc is 0.793
Epoch 73 val loss is 2.322, click auc is 0.757, like auc is 0.744, follow auc is 0.762, 5s auc is 0.763, 10s auc is 0.760, 18s auc is 0.770
Epoch 74 train loss is 2.240, click auc is 0.778, like auc is 0.770, follow auc is 0.797, 5s auc is 0.783, 10s auc is 0.783, 18s auc is 0.794
Epoch 74 val loss is 2.319, click auc is 0.757, like auc is 0.744, follow auc is 0.762, 5s auc is 0.763, 10s auc is 0.761, 18s auc is 0.770
Epoch 75 train loss is 2.237, click auc is 0.779, like auc is 0.772, follow auc is 0.799, 5s auc is 0.784, 10s auc is 0.783, 18s auc is 0.794
Epoch 75 val loss is 2.319, click auc is 0.758, like auc is 0.745, follow auc is 0.764, 5s auc is 0.764, 10s auc is 0.761, 18s auc is 0.771
Epoch 76 train loss is 2.235, click auc is 0.779, like auc is 0.773, follow auc is 0.799, 5s auc is 0.784, 10s auc is 0.784, 18s auc is 0.795
Epoch 76 val loss is 2.318, click auc is 0.758, like auc is 0.746, follow auc is 0.763, 5s auc is 0.764, 10s auc is 0.762, 18s auc is 0.771
