nohup: 忽略输入
2025-01-12 12:27:02.426049: I tensorflow/core/util/port.cc:110] oneDNN custom operations are on. You may see slightly different numerical results due to floating-point round-off errors from different computation orders. To turn them off, set the environment variable `TF_ENABLE_ONEDNN_OPTS=0`.
2025-01-12 12:27:02.475542: I tensorflow/core/platform/cpu_feature_guard.cc:182] This TensorFlow binary is optimized to use available CPU instructions in performance-critical operations.
To enable the following instructions: AVX2 AVX512F AVX512_VNNI FMA, in other operations, rebuild TensorFlow with the appropriate compiler flags.
2025-01-12 12:27:03.236321: W tensorflow/compiler/tf2tensorrt/utils/py_utils.cc:38] TF-TRT Warning: Could not find TensorRT
Namespace(add_num_times=2, alpha=0.4, anneal_cap=0.2, bert_mask_prob=0.3, best_metric='NDCG@10', block_num=2, cand_num=100, ch=True, context_window=2, dataset_path='data/KuaiRand/kuai.csv', decay_step=5, device='cpu', dilations=[1, 4], dropout=0.3, early_stop=True, embedding_size=32, epochs=100, eval=True, factor_num=128, gamma=0.5, hidden_size=128, hidden_size_list=[128, 128], init_method='default', is_mp=False, is_parallel=False, is_pretrain=1, item_min=10, k=20, kd=False, kernel_size=3, l2_emb=0.0, latent_dim=128, lifelong_eval=True, ll_max_itemnum=0, local_rank=None, loss_type='BPR', lr=0.0001, max_len=20, mess_dropout=0.1, metric_ks=[5, 20], model_name='pepnet', mtl_task_num=6, negsample_savefolder='./data/neg_data/', negsample_size=99, node_dropout=0.1, num_embedding=1, num_gpu=1, num_groups=4, num_heads=4, num_items=1, num_labels=1, num_ng=4, num_users=1, optimizer='default', pad_token=0, pretrain_path='', prun_rate=0, re_epochs=20, reg_1=0.0, reg_2=0.0, rho=0.5, sample='random', sample_method='high-pop', sample_ratio=0.3, save_path='./checkpoint/', seed=100, source_path='', target_path='', task=-1, task1_out=0, task2_out=0, task3_out=0, task4_out=0, task_name='mtl', task_num=4, temp=7, test_batch_size=4096, test_method='ufo', test_size=0.1, total_anneal_steps=1000, train_batch_size=4096, user_profile='gender', val_batch_size=4096, val_method='ufo', val_size=0.1111, valid_rate=100, weight_decay=0.0)
digit_columns: ['show_user_num', 'play_user_num', 'complete_play_user_num', 'valid_play_user_num'] to index
  0%|          | 0/4 [00:00<?, ?it/s] 25%|██▌       | 1/4 [00:00<00:00,  5.99it/s] 50%|█████     | 2/4 [00:00<00:00,  6.27it/s] 75%|███████▌  | 3/4 [00:00<00:00,  6.38it/s]100%|██████████| 4/4 [00:00<00:00,  6.46it/s]100%|██████████| 4/4 [00:00<00:00,  6.38it/s]
categorical_columns: ['user_id', 'video_id', 'follow_user_num_range', 'tab', 'fans_user_num_range', 'friend_user_num_range', 'author_id', 'video_type', 'music_type', 'show_user_num', 'play_user_num', 'complete_play_user_num', 'valid_play_user_num'] to index
  0%|          | 0/13 [00:00<?, ?it/s] 15%|█▌        | 2/13 [00:00<00:01,  9.85it/s] 23%|██▎       | 3/13 [00:00<00:01,  6.75it/s] 38%|███▊      | 5/13 [00:00<00:01,  7.55it/s] 46%|████▌     | 6/13 [00:00<00:01,  6.73it/s] 54%|█████▍    | 7/13 [00:00<00:00,  6.70it/s] 62%|██████▏   | 8/13 [00:01<00:00,  6.39it/s] 77%|███████▋  | 10/13 [00:01<00:00,  8.65it/s] 92%|█████████▏| 12/13 [00:01<00:00, 10.14it/s]100%|██████████| 13/13 [00:01<00:00,  8.58it/s]
0it [00:00, ?it/s]13it [00:00, 124.36it/s]19it [00:00, 181.03it/s]
Epoch 1 train loss is 4.049, total scene, click auc is 0.612, like auc is 0.504, follow auc is 0.497, 5s auc is 0.630, 10s auc is 0.609, 18s auc is 0.595
Epoch 1 val loss is 3.722, total scene, click auc is 0.669, like auc is 0.610, follow auc is 0.584, 5s auc is 0.678, 10s auc is 0.672, 18s auc is 0.673
Epoch 1 val loss is 4.049, scene 1, click auc is 0.520, like auc is 0.525, follow auc is 0.027, 5s auc is 0.519, 10s auc is 0.526, 18s auc is 0.549
Epoch 1 val loss is 4.049, scene 2, click auc is 0.588, like auc is 0.570, follow auc is 0.528, 5s auc is 0.580, 10s auc is 0.595, 18s auc is 0.608
Epoch 1 val loss is 4.049, scene 3, click auc is 0.613, like auc is 0.617, follow auc is 0.567, 5s auc is 0.608, 10s auc is 0.621, 18s auc is 0.621
Epoch 1 val loss is 4.049, scene 4, click auc is 0.569, like auc is 0.568, follow auc is 0.553, 5s auc is 0.563, 10s auc is 0.567, 18s auc is 0.567
Epoch 2 train loss is 2.579, total scene, click auc is 0.673, like auc is 0.575, follow auc is 0.526, 5s auc is 0.681, 10s auc is 0.677, 18s auc is 0.675
Epoch 2 val loss is 2.501, total scene, click auc is 0.678, like auc is 0.640, follow auc is 0.659, 5s auc is 0.685, 10s auc is 0.683, 18s auc is 0.690
Epoch 2 val loss is 2.579, scene 1, click auc is 0.527, like auc is 0.524, follow auc is 0.477, 5s auc is 0.529, 10s auc is 0.535, 18s auc is 0.567
Epoch 2 val loss is 2.579, scene 2, click auc is 0.600, like auc is 0.609, follow auc is 0.629, 5s auc is 0.590, 10s auc is 0.610, 18s auc is 0.630
Epoch 2 val loss is 2.579, scene 3, click auc is 0.623, like auc is 0.585, follow auc is 0.617, 5s auc is 0.620, 10s auc is 0.634, 18s auc is 0.642
Epoch 2 val loss is 2.579, scene 4, click auc is 0.579, like auc is 0.592, follow auc is 0.538, 5s auc is 0.577, 10s auc is 0.585, 18s auc is 0.585
Epoch 3 train loss is 2.493, total scene, click auc is 0.683, like auc is 0.661, follow auc is 0.647, 5s auc is 0.692, 10s auc is 0.689, 18s auc is 0.698
Epoch 3 val loss is 2.488, total scene, click auc is 0.683, like auc is 0.664, follow auc is 0.703, 5s auc is 0.692, 10s auc is 0.689, 18s auc is 0.700
Epoch 3 val loss is 2.493, scene 1, click auc is 0.537, like auc is 0.562, follow auc is 0.532, 5s auc is 0.537, 10s auc is 0.544, 18s auc is 0.575
Epoch 3 val loss is 2.493, scene 2, click auc is 0.607, like auc is 0.637, follow auc is 0.678, 5s auc is 0.598, 10s auc is 0.617, 18s auc is 0.643
Epoch 3 val loss is 2.493, scene 3, click auc is 0.633, like auc is 0.603, follow auc is 0.655, 5s auc is 0.633, 10s auc is 0.643, 18s auc is 0.657
Epoch 3 val loss is 2.493, scene 4, click auc is 0.589, like auc is 0.600, follow auc is 0.537, 5s auc is 0.585, 10s auc is 0.594, 18s auc is 0.594
Epoch 4 train loss is 2.480, total scene, click auc is 0.689, like auc is 0.680, follow auc is 0.687, 5s auc is 0.697, 10s auc is 0.696, 18s auc is 0.707
Epoch 4 val loss is 2.481, total scene, click auc is 0.686, like auc is 0.679, follow auc is 0.722, 5s auc is 0.694, 10s auc is 0.693, 18s auc is 0.706
Epoch 4 val loss is 2.480, scene 1, click auc is 0.537, like auc is 0.574, follow auc is 0.571, 5s auc is 0.541, 10s auc is 0.548, 18s auc is 0.577
Epoch 4 val loss is 2.480, scene 2, click auc is 0.611, like auc is 0.653, follow auc is 0.700, 5s auc is 0.601, 10s auc is 0.623, 18s auc is 0.650
Epoch 4 val loss is 2.480, scene 3, click auc is 0.637, like auc is 0.613, follow auc is 0.656, 5s auc is 0.635, 10s auc is 0.645, 18s auc is 0.657
Epoch 4 val loss is 2.480, scene 4, click auc is 0.598, like auc is 0.626, follow auc is 0.551, 5s auc is 0.595, 10s auc is 0.605, 18s auc is 0.605
Epoch 5 train loss is 2.469, total scene, click auc is 0.694, like auc is 0.692, follow auc is 0.709, 5s auc is 0.702, 10s auc is 0.701, 18s auc is 0.714
Epoch 5 val loss is 2.470, total scene, click auc is 0.692, like auc is 0.689, follow auc is 0.736, 5s auc is 0.700, 10s auc is 0.698, 18s auc is 0.712
Epoch 5 val loss is 2.469, scene 1, click auc is 0.544, like auc is 0.581, follow auc is 0.641, 5s auc is 0.546, 10s auc is 0.555, 18s auc is 0.587
Epoch 5 val loss is 2.469, scene 2, click auc is 0.619, like auc is 0.664, follow auc is 0.718, 5s auc is 0.609, 10s auc is 0.629, 18s auc is 0.658
Epoch 5 val loss is 2.469, scene 3, click auc is 0.645, like auc is 0.647, follow auc is 0.662, 5s auc is 0.646, 10s auc is 0.657, 18s auc is 0.671
Epoch 5 val loss is 2.469, scene 4, click auc is 0.600, like auc is 0.640, follow auc is 0.556, 5s auc is 0.596, 10s auc is 0.608, 18s auc is 0.608
Epoch 6 train loss is 2.459, total scene, click auc is 0.699, like auc is 0.702, follow auc is 0.724, 5s auc is 0.707, 10s auc is 0.706, 18s auc is 0.720
Epoch 6 val loss is 2.462, total scene, click auc is 0.696, like auc is 0.697, follow auc is 0.749, 5s auc is 0.703, 10s auc is 0.702, 18s auc is 0.718
Epoch 6 val loss is 2.459, scene 1, click auc is 0.551, like auc is 0.595, follow auc is 0.660, 5s auc is 0.553, 10s auc is 0.562, 18s auc is 0.591
Epoch 6 val loss is 2.459, scene 2, click auc is 0.624, like auc is 0.674, follow auc is 0.736, 5s auc is 0.614, 10s auc is 0.635, 18s auc is 0.664
Epoch 6 val loss is 2.459, scene 3, click auc is 0.650, like auc is 0.655, follow auc is 0.688, 5s auc is 0.652, 10s auc is 0.664, 18s auc is 0.679
Epoch 6 val loss is 2.459, scene 4, click auc is 0.610, like auc is 0.641, follow auc is 0.557, 5s auc is 0.605, 10s auc is 0.616, 18s auc is 0.616
Epoch 7 train loss is 2.449, total scene, click auc is 0.704, like auc is 0.710, follow auc is 0.735, 5s auc is 0.711, 10s auc is 0.710, 18s auc is 0.725
Epoch 7 val loss is 2.454, total scene, click auc is 0.700, like auc is 0.704, follow auc is 0.758, 5s auc is 0.708, 10s auc is 0.706, 18s auc is 0.722
Epoch 7 val loss is 2.449, scene 1, click auc is 0.556, like auc is 0.599, follow auc is 0.751, 5s auc is 0.559, 10s auc is 0.566, 18s auc is 0.594
Epoch 7 val loss is 2.449, scene 2, click auc is 0.629, like auc is 0.682, follow auc is 0.745, 5s auc is 0.620, 10s auc is 0.640, 18s auc is 0.670
Epoch 7 val loss is 2.449, scene 3, click auc is 0.657, like auc is 0.665, follow auc is 0.692, 5s auc is 0.660, 10s auc is 0.671, 18s auc is 0.689
Epoch 7 val loss is 2.449, scene 4, click auc is 0.613, like auc is 0.649, follow auc is 0.574, 5s auc is 0.611, 10s auc is 0.620, 18s auc is 0.620
Epoch 8 train loss is 2.438, total scene, click auc is 0.708, like auc is 0.719, follow auc is 0.747, 5s auc is 0.716, 10s auc is 0.715, 18s auc is 0.730
Epoch 8 val loss is 2.446, total scene, click auc is 0.704, like auc is 0.708, follow auc is 0.767, 5s auc is 0.711, 10s auc is 0.710, 18s auc is 0.726
Epoch 8 val loss is 2.438, scene 1, click auc is 0.560, like auc is 0.604, follow auc is 0.826, 5s auc is 0.562, 10s auc is 0.572, 18s auc is 0.599
Epoch 8 val loss is 2.438, scene 2, click auc is 0.635, like auc is 0.688, follow auc is 0.756, 5s auc is 0.625, 10s auc is 0.645, 18s auc is 0.675
Epoch 8 val loss is 2.438, scene 3, click auc is 0.662, like auc is 0.664, follow auc is 0.688, 5s auc is 0.667, 10s auc is 0.677, 18s auc is 0.693
Epoch 8 val loss is 2.438, scene 4, click auc is 0.620, like auc is 0.652, follow auc is 0.591, 5s auc is 0.615, 10s auc is 0.626, 18s auc is 0.626
Epoch 9 train loss is 2.427, total scene, click auc is 0.713, like auc is 0.724, follow auc is 0.757, 5s auc is 0.720, 10s auc is 0.720, 18s auc is 0.735
Epoch 9 val loss is 2.439, total scene, click auc is 0.708, like auc is 0.716, follow auc is 0.771, 5s auc is 0.714, 10s auc is 0.714, 18s auc is 0.729
Epoch 9 val loss is 2.427, scene 1, click auc is 0.564, like auc is 0.604, follow auc is 0.832, 5s auc is 0.569, 10s auc is 0.578, 18s auc is 0.607
Epoch 9 val loss is 2.427, scene 2, click auc is 0.640, like auc is 0.696, follow auc is 0.759, 5s auc is 0.629, 10s auc is 0.649, 18s auc is 0.678
Epoch 9 val loss is 2.427, scene 3, click auc is 0.669, like auc is 0.681, follow auc is 0.712, 5s auc is 0.671, 10s auc is 0.683, 18s auc is 0.701
Epoch 9 val loss is 2.427, scene 4, click auc is 0.626, like auc is 0.672, follow auc is 0.596, 5s auc is 0.620, 10s auc is 0.632, 18s auc is 0.632
Epoch 10 train loss is 2.416, total scene, click auc is 0.718, like auc is 0.730, follow auc is 0.766, 5s auc is 0.725, 10s auc is 0.724, 18s auc is 0.739
Epoch 10 val loss is 2.429, total scene, click auc is 0.712, like auc is 0.722, follow auc is 0.776, 5s auc is 0.719, 10s auc is 0.718, 18s auc is 0.733
Epoch 10 val loss is 2.416, scene 1, click auc is 0.571, like auc is 0.618, follow auc is 0.865, 5s auc is 0.576, 10s auc is 0.586, 18s auc is 0.614
Epoch 10 val loss is 2.416, scene 2, click auc is 0.645, like auc is 0.702, follow auc is 0.764, 5s auc is 0.635, 10s auc is 0.654, 18s auc is 0.684
Epoch 10 val loss is 2.416, scene 3, click auc is 0.675, like auc is 0.699, follow auc is 0.702, 5s auc is 0.677, 10s auc is 0.691, 18s auc is 0.706
Epoch 10 val loss is 2.416, scene 4, click auc is 0.630, like auc is 0.677, follow auc is 0.614, 5s auc is 0.626, 10s auc is 0.637, 18s auc is 0.637
Epoch 11 train loss is 2.404, total scene, click auc is 0.723, like auc is 0.735, follow auc is 0.771, 5s auc is 0.730, 10s auc is 0.729, 18s auc is 0.744
Epoch 11 val loss is 2.421, total scene, click auc is 0.715, like auc is 0.725, follow auc is 0.783, 5s auc is 0.722, 10s auc is 0.721, 18s auc is 0.737
Epoch 11 val loss is 2.404, scene 1, click auc is 0.577, like auc is 0.623, follow auc is 0.868, 5s auc is 0.583, 10s auc is 0.592, 18s auc is 0.621
Epoch 11 val loss is 2.404, scene 2, click auc is 0.650, like auc is 0.706, follow auc is 0.773, 5s auc is 0.640, 10s auc is 0.659, 18s auc is 0.688
Epoch 11 val loss is 2.404, scene 3, click auc is 0.678, like auc is 0.710, follow auc is 0.727, 5s auc is 0.681, 10s auc is 0.693, 18s auc is 0.709
Epoch 11 val loss is 2.404, scene 4, click auc is 0.636, like auc is 0.676, follow auc is 0.618, 5s auc is 0.630, 10s auc is 0.642, 18s auc is 0.642
Epoch 12 train loss is 2.393, total scene, click auc is 0.727, like auc is 0.739, follow auc is 0.781, 5s auc is 0.734, 10s auc is 0.733, 18s auc is 0.747
Epoch 12 val loss is 2.415, total scene, click auc is 0.718, like auc is 0.727, follow auc is 0.786, 5s auc is 0.725, 10s auc is 0.724, 18s auc is 0.738
Epoch 12 val loss is 2.393, scene 1, click auc is 0.581, like auc is 0.636, follow auc is 0.862, 5s auc is 0.588, 10s auc is 0.593, 18s auc is 0.616
Epoch 12 val loss is 2.393, scene 2, click auc is 0.654, like auc is 0.709, follow auc is 0.775, 5s auc is 0.644, 10s auc is 0.662, 18s auc is 0.690
Epoch 12 val loss is 2.393, scene 3, click auc is 0.682, like auc is 0.692, follow auc is 0.734, 5s auc is 0.686, 10s auc is 0.698, 18s auc is 0.714
Epoch 12 val loss is 2.393, scene 4, click auc is 0.643, like auc is 0.679, follow auc is 0.621, 5s auc is 0.639, 10s auc is 0.648, 18s auc is 0.648
Epoch 13 train loss is 2.382, total scene, click auc is 0.732, like auc is 0.743, follow auc is 0.786, 5s auc is 0.738, 10s auc is 0.737, 18s auc is 0.751
Epoch 13 val loss is 2.406, total scene, click auc is 0.722, like auc is 0.734, follow auc is 0.782, 5s auc is 0.729, 10s auc is 0.728, 18s auc is 0.743
Epoch 13 val loss is 2.382, scene 1, click auc is 0.590, like auc is 0.635, follow auc is 0.856, 5s auc is 0.597, 10s auc is 0.607, 18s auc is 0.635
Epoch 13 val loss is 2.382, scene 2, click auc is 0.659, like auc is 0.716, follow auc is 0.771, 5s auc is 0.649, 10s auc is 0.667, 18s auc is 0.696
Epoch 13 val loss is 2.382, scene 3, click auc is 0.687, like auc is 0.717, follow auc is 0.741, 5s auc is 0.691, 10s auc is 0.703, 18s auc is 0.720
Epoch 13 val loss is 2.382, scene 4, click auc is 0.648, like auc is 0.690, follow auc is 0.628, 5s auc is 0.643, 10s auc is 0.652, 18s auc is 0.652
Epoch 14 train loss is 2.371, total scene, click auc is 0.736, like auc is 0.748, follow auc is 0.793, 5s auc is 0.742, 10s auc is 0.741, 18s auc is 0.755
Epoch 14 val loss is 2.398, total scene, click auc is 0.726, like auc is 0.739, follow auc is 0.792, 5s auc is 0.733, 10s auc is 0.731, 18s auc is 0.745
Epoch 14 val loss is 2.371, scene 1, click auc is 0.596, like auc is 0.638, follow auc is 0.899, 5s auc is 0.602, 10s auc is 0.612, 18s auc is 0.638
Epoch 14 val loss is 2.371, scene 2, click auc is 0.663, like auc is 0.721, follow auc is 0.780, 5s auc is 0.654, 10s auc is 0.671, 18s auc is 0.699
Epoch 14 val loss is 2.371, scene 3, click auc is 0.691, like auc is 0.706, follow auc is 0.747, 5s auc is 0.695, 10s auc is 0.708, 18s auc is 0.725
Epoch 14 val loss is 2.371, scene 4, click auc is 0.654, like auc is 0.698, follow auc is 0.637, 5s auc is 0.648, 10s auc is 0.657, 18s auc is 0.657
Epoch 15 train loss is 2.361, total scene, click auc is 0.740, like auc is 0.751, follow auc is 0.796, 5s auc is 0.746, 10s auc is 0.745, 18s auc is 0.759
Epoch 15 val loss is 2.390, total scene, click auc is 0.729, like auc is 0.739, follow auc is 0.791, 5s auc is 0.735, 10s auc is 0.734, 18s auc is 0.748
Epoch 15 val loss is 2.361, scene 1, click auc is 0.599, like auc is 0.653, follow auc is 0.909, 5s auc is 0.607, 10s auc is 0.617, 18s auc is 0.643
Epoch 15 val loss is 2.361, scene 2, click auc is 0.667, like auc is 0.722, follow auc is 0.786, 5s auc is 0.657, 10s auc is 0.675, 18s auc is 0.702
Epoch 15 val loss is 2.361, scene 3, click auc is 0.695, like auc is 0.709, follow auc is 0.731, 5s auc is 0.699, 10s auc is 0.713, 18s auc is 0.728
Epoch 15 val loss is 2.361, scene 4, click auc is 0.658, like auc is 0.691, follow auc is 0.631, 5s auc is 0.651, 10s auc is 0.662, 18s auc is 0.662
Epoch 16 train loss is 2.351, total scene, click auc is 0.743, like auc is 0.754, follow auc is 0.798, 5s auc is 0.749, 10s auc is 0.749, 18s auc is 0.762
Epoch 16 val loss is 2.381, total scene, click auc is 0.732, like auc is 0.744, follow auc is 0.786, 5s auc is 0.739, 10s auc is 0.737, 18s auc is 0.751
Epoch 16 val loss is 2.351, scene 1, click auc is 0.604, like auc is 0.642, follow auc is 0.931, 5s auc is 0.613, 10s auc is 0.623, 18s auc is 0.650
Epoch 16 val loss is 2.351, scene 2, click auc is 0.671, like auc is 0.727, follow auc is 0.780, 5s auc is 0.662, 10s auc is 0.679, 18s auc is 0.706
Epoch 16 val loss is 2.351, scene 3, click auc is 0.699, like auc is 0.723, follow auc is 0.746, 5s auc is 0.703, 10s auc is 0.718, 18s auc is 0.732
Epoch 16 val loss is 2.351, scene 4, click auc is 0.662, like auc is 0.697, follow auc is 0.605, 5s auc is 0.657, 10s auc is 0.666, 18s auc is 0.666
Epoch 17 train loss is 2.340, total scene, click auc is 0.747, like auc is 0.758, follow auc is 0.803, 5s auc is 0.753, 10s auc is 0.752, 18s auc is 0.765
Epoch 17 val loss is 2.375, total scene, click auc is 0.734, like auc is 0.747, follow auc is 0.796, 5s auc is 0.741, 10s auc is 0.740, 18s auc is 0.753
Epoch 17 val loss is 2.340, scene 1, click auc is 0.609, like auc is 0.657, follow auc is 0.911, 5s auc is 0.618, 10s auc is 0.626, 18s auc is 0.649
Epoch 17 val loss is 2.340, scene 2, click auc is 0.675, like auc is 0.730, follow auc is 0.790, 5s auc is 0.665, 10s auc is 0.682, 18s auc is 0.708
Epoch 17 val loss is 2.340, scene 3, click auc is 0.701, like auc is 0.716, follow auc is 0.760, 5s auc is 0.705, 10s auc is 0.719, 18s auc is 0.735
Epoch 17 val loss is 2.340, scene 4, click auc is 0.667, like auc is 0.705, follow auc is 0.635, 5s auc is 0.662, 10s auc is 0.671, 18s auc is 0.671
Epoch 18 train loss is 2.331, total scene, click auc is 0.750, like auc is 0.761, follow auc is 0.808, 5s auc is 0.756, 10s auc is 0.755, 18s auc is 0.768
Epoch 18 val loss is 2.368, total scene, click auc is 0.737, like auc is 0.751, follow auc is 0.792, 5s auc is 0.743, 10s auc is 0.742, 18s auc is 0.755
Epoch 18 val loss is 2.331, scene 1, click auc is 0.612, like auc is 0.665, follow auc is 0.932, 5s auc is 0.623, 10s auc is 0.632, 18s auc is 0.655
Epoch 18 val loss is 2.331, scene 2, click auc is 0.679, like auc is 0.734, follow auc is 0.785, 5s auc is 0.668, 10s auc is 0.685, 18s auc is 0.711
Epoch 18 val loss is 2.331, scene 3, click auc is 0.704, like auc is 0.720, follow auc is 0.742, 5s auc is 0.708, 10s auc is 0.723, 18s auc is 0.736
Epoch 18 val loss is 2.331, scene 4, click auc is 0.671, like auc is 0.714, follow auc is 0.656, 5s auc is 0.665, 10s auc is 0.675, 18s auc is 0.675
Epoch 19 train loss is 2.321, total scene, click auc is 0.753, like auc is 0.763, follow auc is 0.812, 5s auc is 0.759, 10s auc is 0.758, 18s auc is 0.771
Epoch 19 val loss is 2.363, total scene, click auc is 0.739, like auc is 0.753, follow auc is 0.790, 5s auc is 0.746, 10s auc is 0.744, 18s auc is 0.757
Epoch 19 val loss is 2.321, scene 1, click auc is 0.617, like auc is 0.667, follow auc is 0.953, 5s auc is 0.627, 10s auc is 0.636, 18s auc is 0.657
Epoch 19 val loss is 2.321, scene 2, click auc is 0.681, like auc is 0.739, follow auc is 0.786, 5s auc is 0.671, 10s auc is 0.688, 18s auc is 0.713
Epoch 19 val loss is 2.321, scene 3, click auc is 0.706, like auc is 0.709, follow auc is 0.739, 5s auc is 0.710, 10s auc is 0.725, 18s auc is 0.741
Epoch 19 val loss is 2.321, scene 4, click auc is 0.674, like auc is 0.704, follow auc is 0.630, 5s auc is 0.669, 10s auc is 0.678, 18s auc is 0.678
Epoch 20 train loss is 2.312, total scene, click auc is 0.756, like auc is 0.767, follow auc is 0.813, 5s auc is 0.762, 10s auc is 0.761, 18s auc is 0.773
Epoch 20 val loss is 2.355, total scene, click auc is 0.742, like auc is 0.755, follow auc is 0.798, 5s auc is 0.748, 10s auc is 0.746, 18s auc is 0.760
Epoch 20 val loss is 2.312, scene 1, click auc is 0.623, like auc is 0.678, follow auc is 0.922, 5s auc is 0.632, 10s auc is 0.641, 18s auc is 0.662
Epoch 20 val loss is 2.312, scene 2, click auc is 0.684, like auc is 0.740, follow auc is 0.796, 5s auc is 0.674, 10s auc is 0.691, 18s auc is 0.716
Epoch 20 val loss is 2.312, scene 3, click auc is 0.709, like auc is 0.727, follow auc is 0.745, 5s auc is 0.713, 10s auc is 0.728, 18s auc is 0.744
Epoch 20 val loss is 2.312, scene 4, click auc is 0.678, like auc is 0.707, follow auc is 0.633, 5s auc is 0.673, 10s auc is 0.681, 18s auc is 0.681
Epoch 21 train loss is 2.304, total scene, click auc is 0.759, like auc is 0.769, follow auc is 0.819, 5s auc is 0.764, 10s auc is 0.764, 18s auc is 0.776
Epoch 21 val loss is 2.352, total scene, click auc is 0.744, like auc is 0.758, follow auc is 0.799, 5s auc is 0.750, 10s auc is 0.748, 18s auc is 0.761
Epoch 21 val loss is 2.304, scene 1, click auc is 0.625, like auc is 0.673, follow auc is 0.927, 5s auc is 0.635, 10s auc is 0.642, 18s auc is 0.661
Epoch 21 val loss is 2.304, scene 2, click auc is 0.687, like auc is 0.743, follow auc is 0.798, 5s auc is 0.677, 10s auc is 0.693, 18s auc is 0.718
Epoch 21 val loss is 2.304, scene 3, click auc is 0.711, like auc is 0.723, follow auc is 0.750, 5s auc is 0.715, 10s auc is 0.729, 18s auc is 0.745
Epoch 21 val loss is 2.304, scene 4, click auc is 0.681, like auc is 0.711, follow auc is 0.620, 5s auc is 0.676, 10s auc is 0.684, 18s auc is 0.684
Epoch 22 train loss is 2.295, total scene, click auc is 0.761, like auc is 0.772, follow auc is 0.822, 5s auc is 0.767, 10s auc is 0.766, 18s auc is 0.778
Epoch 22 val loss is 2.348, total scene, click auc is 0.745, like auc is 0.761, follow auc is 0.812, 5s auc is 0.751, 10s auc is 0.750, 18s auc is 0.763
Epoch 22 val loss is 2.295, scene 1, click auc is 0.623, like auc is 0.675, follow auc is 0.907, 5s auc is 0.638, 10s auc is 0.647, 18s auc is 0.665
Epoch 22 val loss is 2.295, scene 2, click auc is 0.689, like auc is 0.746, follow auc is 0.811, 5s auc is 0.679, 10s auc is 0.695, 18s auc is 0.720
Epoch 22 val loss is 2.295, scene 3, click auc is 0.712, like auc is 0.741, follow auc is 0.770, 5s auc is 0.716, 10s auc is 0.729, 18s auc is 0.745
Epoch 22 val loss is 2.295, scene 4, click auc is 0.684, like auc is 0.715, follow auc is 0.642, 5s auc is 0.679, 10s auc is 0.688, 18s auc is 0.688
Epoch 23 train loss is 2.288, total scene, click auc is 0.764, like auc is 0.774, follow auc is 0.825, 5s auc is 0.769, 10s auc is 0.768, 18s auc is 0.780
Epoch 23 val loss is 2.341, total scene, click auc is 0.748, like auc is 0.763, follow auc is 0.809, 5s auc is 0.754, 10s auc is 0.752, 18s auc is 0.765
Epoch 23 val loss is 2.288, scene 1, click auc is 0.630, like auc is 0.683, follow auc is 0.902, 5s auc is 0.642, 10s auc is 0.652, 18s auc is 0.674
Epoch 23 val loss is 2.288, scene 2, click auc is 0.693, like auc is 0.749, follow auc is 0.809, 5s auc is 0.683, 10s auc is 0.698, 18s auc is 0.723
Epoch 23 val loss is 2.288, scene 3, click auc is 0.716, like auc is 0.730, follow auc is 0.746, 5s auc is 0.720, 10s auc is 0.735, 18s auc is 0.749
Epoch 23 val loss is 2.288, scene 4, click auc is 0.686, like auc is 0.716, follow auc is 0.650, 5s auc is 0.681, 10s auc is 0.688, 18s auc is 0.688
Epoch 24 train loss is 2.280, total scene, click auc is 0.766, like auc is 0.778, follow auc is 0.827, 5s auc is 0.771, 10s auc is 0.771, 18s auc is 0.783
Epoch 24 val loss is 2.338, total scene, click auc is 0.749, like auc is 0.766, follow auc is 0.806, 5s auc is 0.755, 10s auc is 0.753, 18s auc is 0.766
Epoch 24 val loss is 2.280, scene 1, click auc is 0.633, like auc is 0.681, follow auc is 0.911, 5s auc is 0.646, 10s auc is 0.654, 18s auc is 0.675
Epoch 24 val loss is 2.280, scene 2, click auc is 0.694, like auc is 0.752, follow auc is 0.808, 5s auc is 0.684, 10s auc is 0.699, 18s auc is 0.724
Epoch 24 val loss is 2.280, scene 3, click auc is 0.716, like auc is 0.732, follow auc is 0.745, 5s auc is 0.721, 10s auc is 0.735, 18s auc is 0.751
Epoch 24 val loss is 2.280, scene 4, click auc is 0.689, like auc is 0.725, follow auc is 0.630, 5s auc is 0.683, 10s auc is 0.692, 18s auc is 0.692
Epoch 25 train loss is 2.273, total scene, click auc is 0.768, like auc is 0.780, follow auc is 0.832, 5s auc is 0.773, 10s auc is 0.773, 18s auc is 0.784
Epoch 25 val loss is 2.330, total scene, click auc is 0.751, like auc is 0.769, follow auc is 0.811, 5s auc is 0.757, 10s auc is 0.755, 18s auc is 0.768
Epoch 25 val loss is 2.273, scene 1, click auc is 0.635, like auc is 0.681, follow auc is 0.921, 5s auc is 0.650, 10s auc is 0.658, 18s auc is 0.680
Epoch 25 val loss is 2.273, scene 2, click auc is 0.697, like auc is 0.756, follow auc is 0.812, 5s auc is 0.687, 10s auc is 0.702, 18s auc is 0.726
Epoch 25 val loss is 2.273, scene 3, click auc is 0.720, like auc is 0.743, follow auc is 0.739, 5s auc is 0.724, 10s auc is 0.739, 18s auc is 0.753
Epoch 25 val loss is 2.273, scene 4, click auc is 0.692, like auc is 0.729, follow auc is 0.674, 5s auc is 0.687, 10s auc is 0.695, 18s auc is 0.695
Epoch 26 train loss is 2.267, total scene, click auc is 0.770, like auc is 0.782, follow auc is 0.837, 5s auc is 0.775, 10s auc is 0.774, 18s auc is 0.786
Epoch 26 val loss is 2.327, total scene, click auc is 0.752, like auc is 0.770, follow auc is 0.817, 5s auc is 0.758, 10s auc is 0.756, 18s auc is 0.769
Epoch 26 val loss is 2.267, scene 1, click auc is 0.637, like auc is 0.690, follow auc is 0.881, 5s auc is 0.652, 10s auc is 0.660, 18s auc is 0.679
Epoch 26 val loss is 2.267, scene 2, click auc is 0.698, like auc is 0.756, follow auc is 0.818, 5s auc is 0.688, 10s auc is 0.703, 18s auc is 0.727
Epoch 26 val loss is 2.267, scene 3, click auc is 0.719, like auc is 0.739, follow auc is 0.748, 5s auc is 0.723, 10s auc is 0.738, 18s auc is 0.753
Epoch 26 val loss is 2.267, scene 4, click auc is 0.694, like auc is 0.728, follow auc is 0.667, 5s auc is 0.688, 10s auc is 0.696, 18s auc is 0.696
Epoch 27 train loss is 2.260, total scene, click auc is 0.772, like auc is 0.784, follow auc is 0.836, 5s auc is 0.777, 10s auc is 0.776, 18s auc is 0.788
Epoch 27 val loss is 2.322, total scene, click auc is 0.754, like auc is 0.771, follow auc is 0.816, 5s auc is 0.760, 10s auc is 0.758, 18s auc is 0.770
Epoch 27 val loss is 2.260, scene 1, click auc is 0.639, like auc is 0.690, follow auc is 0.879, 5s auc is 0.653, 10s auc is 0.661, 18s auc is 0.680
Epoch 27 val loss is 2.260, scene 2, click auc is 0.700, like auc is 0.758, follow auc is 0.819, 5s auc is 0.690, 10s auc is 0.705, 18s auc is 0.729
Epoch 27 val loss is 2.260, scene 3, click auc is 0.723, like auc is 0.743, follow auc is 0.745, 5s auc is 0.726, 10s auc is 0.741, 18s auc is 0.756
Epoch 27 val loss is 2.260, scene 4, click auc is 0.697, like auc is 0.725, follow auc is 0.672, 5s auc is 0.691, 10s auc is 0.700, 18s auc is 0.700
Epoch 28 train loss is 2.254, total scene, click auc is 0.774, like auc is 0.786, follow auc is 0.838, 5s auc is 0.779, 10s auc is 0.778, 18s auc is 0.789
Epoch 28 val loss is 2.317, total scene, click auc is 0.755, like auc is 0.773, follow auc is 0.816, 5s auc is 0.761, 10s auc is 0.759, 18s auc is 0.772
Epoch 28 val loss is 2.254, scene 1, click auc is 0.643, like auc is 0.695, follow auc is 0.858, 5s auc is 0.657, 10s auc is 0.665, 18s auc is 0.684
Epoch 28 val loss is 2.254, scene 2, click auc is 0.702, like auc is 0.760, follow auc is 0.818, 5s auc is 0.692, 10s auc is 0.707, 18s auc is 0.731
Epoch 28 val loss is 2.254, scene 3, click auc is 0.722, like auc is 0.748, follow auc is 0.742, 5s auc is 0.726, 10s auc is 0.741, 18s auc is 0.756
Epoch 28 val loss is 2.254, scene 4, click auc is 0.698, like auc is 0.724, follow auc is 0.678, 5s auc is 0.693, 10s auc is 0.701, 18s auc is 0.701
Epoch 29 train loss is 2.248, total scene, click auc is 0.775, like auc is 0.789, follow auc is 0.841, 5s auc is 0.780, 10s auc is 0.779, 18s auc is 0.791
Epoch 29 val loss is 2.314, total scene, click auc is 0.756, like auc is 0.776, follow auc is 0.811, 5s auc is 0.762, 10s auc is 0.760, 18s auc is 0.772
Epoch 29 val loss is 2.248, scene 1, click auc is 0.643, like auc is 0.699, follow auc is 0.841, 5s auc is 0.657, 10s auc is 0.666, 18s auc is 0.687
Epoch 29 val loss is 2.248, scene 2, click auc is 0.704, like auc is 0.764, follow auc is 0.813, 5s auc is 0.694, 10s auc is 0.708, 18s auc is 0.732
Epoch 29 val loss is 2.248, scene 3, click auc is 0.724, like auc is 0.740, follow auc is 0.737, 5s auc is 0.728, 10s auc is 0.744, 18s auc is 0.757
Epoch 29 val loss is 2.248, scene 4, click auc is 0.699, like auc is 0.732, follow auc is 0.654, 5s auc is 0.694, 10s auc is 0.703, 18s auc is 0.703
Epoch 30 train loss is 2.243, total scene, click auc is 0.777, like auc is 0.790, follow auc is 0.844, 5s auc is 0.782, 10s auc is 0.781, 18s auc is 0.792
Epoch 30 val loss is 2.311, total scene, click auc is 0.757, like auc is 0.777, follow auc is 0.811, 5s auc is 0.763, 10s auc is 0.761, 18s auc is 0.774
Epoch 30 val loss is 2.243, scene 1, click auc is 0.644, like auc is 0.697, follow auc is 0.878, 5s auc is 0.660, 10s auc is 0.668, 18s auc is 0.689
Epoch 30 val loss is 2.243, scene 2, click auc is 0.706, like auc is 0.765, follow auc is 0.813, 5s auc is 0.696, 10s auc is 0.710, 18s auc is 0.734
Epoch 30 val loss is 2.243, scene 3, click auc is 0.725, like auc is 0.745, follow auc is 0.726, 5s auc is 0.729, 10s auc is 0.744, 18s auc is 0.759
Epoch 30 val loss is 2.243, scene 4, click auc is 0.702, like auc is 0.733, follow auc is 0.667, 5s auc is 0.696, 10s auc is 0.704, 18s auc is 0.704
Epoch 31 train loss is 2.237, total scene, click auc is 0.778, like auc is 0.793, follow auc is 0.845, 5s auc is 0.783, 10s auc is 0.782, 18s auc is 0.794
Epoch 31 val loss is 2.310, total scene, click auc is 0.758, like auc is 0.780, follow auc is 0.817, 5s auc is 0.764, 10s auc is 0.762, 18s auc is 0.774
Epoch 31 val loss is 2.237, scene 1, click auc is 0.647, like auc is 0.701, follow auc is 0.843, 5s auc is 0.662, 10s auc is 0.669, 18s auc is 0.688
Epoch 31 val loss is 2.237, scene 2, click auc is 0.707, like auc is 0.768, follow auc is 0.819, 5s auc is 0.697, 10s auc is 0.710, 18s auc is 0.734
Epoch 31 val loss is 2.237, scene 3, click auc is 0.726, like auc is 0.749, follow auc is 0.749, 5s auc is 0.731, 10s auc is 0.745, 18s auc is 0.760
Epoch 31 val loss is 2.237, scene 4, click auc is 0.702, like auc is 0.738, follow auc is 0.656, 5s auc is 0.697, 10s auc is 0.706, 18s auc is 0.706
Epoch 32 train loss is 2.232, total scene, click auc is 0.779, like auc is 0.794, follow auc is 0.848, 5s auc is 0.784, 10s auc is 0.784, 18s auc is 0.795
Epoch 32 val loss is 2.306, total scene, click auc is 0.759, like auc is 0.781, follow auc is 0.812, 5s auc is 0.765, 10s auc is 0.763, 18s auc is 0.776
Epoch 32 val loss is 2.232, scene 1, click auc is 0.649, like auc is 0.703, follow auc is 0.765, 5s auc is 0.664, 10s auc is 0.671, 18s auc is 0.691
Epoch 32 val loss is 2.232, scene 2, click auc is 0.708, like auc is 0.770, follow auc is 0.817, 5s auc is 0.698, 10s auc is 0.712, 18s auc is 0.736
Epoch 32 val loss is 2.232, scene 3, click auc is 0.728, like auc is 0.746, follow auc is 0.742, 5s auc is 0.733, 10s auc is 0.748, 18s auc is 0.762
Epoch 32 val loss is 2.232, scene 4, click auc is 0.704, like auc is 0.736, follow auc is 0.655, 5s auc is 0.698, 10s auc is 0.707, 18s auc is 0.707
Epoch 33 train loss is 2.227, total scene, click auc is 0.781, like auc is 0.796, follow auc is 0.849, 5s auc is 0.786, 10s auc is 0.785, 18s auc is 0.796
Epoch 33 val loss is 2.302, total scene, click auc is 0.760, like auc is 0.783, follow auc is 0.820, 5s auc is 0.766, 10s auc is 0.764, 18s auc is 0.776
Epoch 33 val loss is 2.227, scene 1, click auc is 0.651, like auc is 0.704, follow auc is 0.827, 5s auc is 0.666, 10s auc is 0.674, 18s auc is 0.691
Epoch 33 val loss is 2.227, scene 2, click auc is 0.710, like auc is 0.772, follow auc is 0.823, 5s auc is 0.699, 10s auc is 0.713, 18s auc is 0.737
Epoch 33 val loss is 2.227, scene 3, click auc is 0.729, like auc is 0.753, follow auc is 0.752, 5s auc is 0.733, 10s auc is 0.748, 18s auc is 0.761
Epoch 33 val loss is 2.227, scene 4, click auc is 0.706, like auc is 0.736, follow auc is 0.665, 5s auc is 0.700, 10s auc is 0.709, 18s auc is 0.709
Epoch 34 train loss is 2.222, total scene, click auc is 0.782, like auc is 0.798, follow auc is 0.847, 5s auc is 0.787, 10s auc is 0.786, 18s auc is 0.797
Epoch 34 val loss is 2.300, total scene, click auc is 0.761, like auc is 0.786, follow auc is 0.815, 5s auc is 0.767, 10s auc is 0.765, 18s auc is 0.777
Epoch 34 val loss is 2.222, scene 1, click auc is 0.651, like auc is 0.704, follow auc is 0.829, 5s auc is 0.667, 10s auc is 0.674, 18s auc is 0.694
Epoch 34 val loss is 2.222, scene 2, click auc is 0.711, like auc is 0.774, follow auc is 0.816, 5s auc is 0.700, 10s auc is 0.714, 18s auc is 0.738
Epoch 34 val loss is 2.222, scene 3, click auc is 0.729, like auc is 0.760, follow auc is 0.738, 5s auc is 0.733, 10s auc is 0.748, 18s auc is 0.763
Epoch 34 val loss is 2.222, scene 4, click auc is 0.707, like auc is 0.741, follow auc is 0.674, 5s auc is 0.701, 10s auc is 0.710, 18s auc is 0.710
Epoch 35 train loss is 2.218, total scene, click auc is 0.783, like auc is 0.800, follow auc is 0.849, 5s auc is 0.788, 10s auc is 0.787, 18s auc is 0.798
Epoch 35 val loss is 2.299, total scene, click auc is 0.762, like auc is 0.787, follow auc is 0.815, 5s auc is 0.768, 10s auc is 0.765, 18s auc is 0.778
Epoch 35 val loss is 2.218, scene 1, click auc is 0.652, like auc is 0.707, follow auc is 0.810, 5s auc is 0.668, 10s auc is 0.676, 18s auc is 0.695
Epoch 35 val loss is 2.218, scene 2, click auc is 0.712, like auc is 0.775, follow auc is 0.819, 5s auc is 0.701, 10s auc is 0.715, 18s auc is 0.739
Epoch 35 val loss is 2.218, scene 3, click auc is 0.730, like auc is 0.759, follow auc is 0.742, 5s auc is 0.734, 10s auc is 0.749, 18s auc is 0.763
Epoch 35 val loss is 2.218, scene 4, click auc is 0.708, like auc is 0.745, follow auc is 0.679, 5s auc is 0.702, 10s auc is 0.710, 18s auc is 0.710
Epoch 36 train loss is 2.215, total scene, click auc is 0.784, like auc is 0.802, follow auc is 0.848, 5s auc is 0.789, 10s auc is 0.788, 18s auc is 0.799
Epoch 36 val loss is 2.296, total scene, click auc is 0.762, like auc is 0.786, follow auc is 0.821, 5s auc is 0.768, 10s auc is 0.766, 18s auc is 0.778
Epoch 36 val loss is 2.215, scene 1, click auc is 0.654, like auc is 0.708, follow auc is 0.772, 5s auc is 0.669, 10s auc is 0.677, 18s auc is 0.695
Epoch 36 val loss is 2.215, scene 2, click auc is 0.712, like auc is 0.776, follow auc is 0.822, 5s auc is 0.702, 10s auc is 0.716, 18s auc is 0.739
Epoch 36 val loss is 2.215, scene 3, click auc is 0.729, like auc is 0.763, follow auc is 0.750, 5s auc is 0.733, 10s auc is 0.748, 18s auc is 0.763
Epoch 36 val loss is 2.215, scene 4, click auc is 0.708, like auc is 0.739, follow auc is 0.692, 5s auc is 0.703, 10s auc is 0.712, 18s auc is 0.712
Epoch 37 train loss is 2.211, total scene, click auc is 0.785, like auc is 0.804, follow auc is 0.849, 5s auc is 0.790, 10s auc is 0.789, 18s auc is 0.800
Epoch 37 val loss is 2.294, total scene, click auc is 0.763, like auc is 0.789, follow auc is 0.815, 5s auc is 0.769, 10s auc is 0.767, 18s auc is 0.779
Epoch 37 val loss is 2.211, scene 1, click auc is 0.655, like auc is 0.708, follow auc is 0.698, 5s auc is 0.672, 10s auc is 0.679, 18s auc is 0.698
Epoch 37 val loss is 2.211, scene 2, click auc is 0.713, like auc is 0.778, follow auc is 0.817, 5s auc is 0.703, 10s auc is 0.717, 18s auc is 0.740
Epoch 37 val loss is 2.211, scene 3, click auc is 0.732, like auc is 0.754, follow auc is 0.750, 5s auc is 0.735, 10s auc is 0.751, 18s auc is 0.765
Epoch 37 val loss is 2.211, scene 4, click auc is 0.710, like auc is 0.748, follow auc is 0.670, 5s auc is 0.704, 10s auc is 0.713, 18s auc is 0.713
Epoch 38 train loss is 2.207, total scene, click auc is 0.786, like auc is 0.805, follow auc is 0.851, 5s auc is 0.790, 10s auc is 0.790, 18s auc is 0.801
Epoch 38 val loss is 2.293, total scene, click auc is 0.764, like auc is 0.791, follow auc is 0.814, 5s auc is 0.770, 10s auc is 0.767, 18s auc is 0.780
Epoch 38 val loss is 2.207, scene 1, click auc is 0.657, like auc is 0.709, follow auc is 0.709, 5s auc is 0.672, 10s auc is 0.681, 18s auc is 0.699
Epoch 38 val loss is 2.207, scene 2, click auc is 0.714, like auc is 0.780, follow auc is 0.817, 5s auc is 0.704, 10s auc is 0.717, 18s auc is 0.741
Epoch 38 val loss is 2.207, scene 3, click auc is 0.731, like auc is 0.771, follow auc is 0.747, 5s auc is 0.736, 10s auc is 0.751, 18s auc is 0.764
Epoch 38 val loss is 2.207, scene 4, click auc is 0.711, like auc is 0.747, follow auc is 0.674, 5s auc is 0.705, 10s auc is 0.714, 18s auc is 0.714
Epoch 39 train loss is 2.203, total scene, click auc is 0.787, like auc is 0.806, follow auc is 0.854, 5s auc is 0.791, 10s auc is 0.791, 18s auc is 0.802
Epoch 39 val loss is 2.290, total scene, click auc is 0.764, like auc is 0.793, follow auc is 0.815, 5s auc is 0.770, 10s auc is 0.768, 18s auc is 0.780
Epoch 39 val loss is 2.203, scene 1, click auc is 0.657, like auc is 0.715, follow auc is 0.708, 5s auc is 0.674, 10s auc is 0.681, 18s auc is 0.700
Epoch 39 val loss is 2.203, scene 2, click auc is 0.715, like auc is 0.782, follow auc is 0.819, 5s auc is 0.704, 10s auc is 0.718, 18s auc is 0.742
Epoch 39 val loss is 2.203, scene 3, click auc is 0.732, like auc is 0.764, follow auc is 0.749, 5s auc is 0.735, 10s auc is 0.750, 18s auc is 0.765
Epoch 39 val loss is 2.203, scene 4, click auc is 0.711, like auc is 0.749, follow auc is 0.670, 5s auc is 0.705, 10s auc is 0.714, 18s auc is 0.714
Epoch 40 train loss is 2.200, total scene, click auc is 0.788, like auc is 0.808, follow auc is 0.854, 5s auc is 0.792, 10s auc is 0.792, 18s auc is 0.803
Epoch 40 val loss is 2.295, total scene, click auc is 0.764, like auc is 0.793, follow auc is 0.807, 5s auc is 0.770, 10s auc is 0.768, 18s auc is 0.780
Epoch 40 val loss is 2.200, scene 1, click auc is 0.657, like auc is 0.715, follow auc is 0.762, 5s auc is 0.672, 10s auc is 0.679, 18s auc is 0.696
Epoch 40 val loss is 2.200, scene 2, click auc is 0.715, like auc is 0.783, follow auc is 0.809, 5s auc is 0.705, 10s auc is 0.718, 18s auc is 0.741
Epoch 40 val loss is 2.200, scene 3, click auc is 0.731, like auc is 0.760, follow auc is 0.736, 5s auc is 0.736, 10s auc is 0.750, 18s auc is 0.765
Epoch 40 val loss is 2.200, scene 4, click auc is 0.712, like auc is 0.751, follow auc is 0.681, 5s auc is 0.706, 10s auc is 0.716, 18s auc is 0.716
Epoch 41 train loss is 2.197, total scene, click auc is 0.788, like auc is 0.810, follow auc is 0.854, 5s auc is 0.793, 10s auc is 0.792, 18s auc is 0.803
Epoch 41 val loss is 2.286, total scene, click auc is 0.765, like auc is 0.796, follow auc is 0.808, 5s auc is 0.771, 10s auc is 0.769, 18s auc is 0.781
Epoch 41 val loss is 2.197, scene 1, click auc is 0.659, like auc is 0.720, follow auc is 0.746, 5s auc is 0.676, 10s auc is 0.683, 18s auc is 0.701
Epoch 41 val loss is 2.197, scene 2, click auc is 0.716, like auc is 0.785, follow auc is 0.810, 5s auc is 0.706, 10s auc is 0.719, 18s auc is 0.743
Epoch 41 val loss is 2.197, scene 3, click auc is 0.733, like auc is 0.764, follow auc is 0.752, 5s auc is 0.737, 10s auc is 0.751, 18s auc is 0.766
Epoch 41 val loss is 2.197, scene 4, click auc is 0.713, like auc is 0.756, follow auc is 0.664, 5s auc is 0.707, 10s auc is 0.716, 18s auc is 0.716
Epoch 42 train loss is 2.194, total scene, click auc is 0.789, like auc is 0.811, follow auc is 0.855, 5s auc is 0.793, 10s auc is 0.793, 18s auc is 0.804
Epoch 42 val loss is 2.287, total scene, click auc is 0.765, like auc is 0.795, follow auc is 0.809, 5s auc is 0.771, 10s auc is 0.769, 18s auc is 0.781
Epoch 42 val loss is 2.194, scene 1, click auc is 0.659, like auc is 0.714, follow auc is 0.694, 5s auc is 0.676, 10s auc is 0.684, 18s auc is 0.703
Epoch 42 val loss is 2.194, scene 2, click auc is 0.716, like auc is 0.785, follow auc is 0.812, 5s auc is 0.706, 10s auc is 0.719, 18s auc is 0.743
Epoch 42 val loss is 2.194, scene 3, click auc is 0.733, like auc is 0.762, follow auc is 0.746, 5s auc is 0.737, 10s auc is 0.752, 18s auc is 0.766
Epoch 42 val loss is 2.194, scene 4, click auc is 0.714, like auc is 0.753, follow auc is 0.668, 5s auc is 0.707, 10s auc is 0.717, 18s auc is 0.717
Epoch 43 train loss is 2.191, total scene, click auc is 0.790, like auc is 0.813, follow auc is 0.857, 5s auc is 0.794, 10s auc is 0.794, 18s auc is 0.805
Epoch 43 val loss is 2.287, total scene, click auc is 0.766, like auc is 0.798, follow auc is 0.812, 5s auc is 0.772, 10s auc is 0.769, 18s auc is 0.782
Epoch 43 val loss is 2.191, scene 1, click auc is 0.659, like auc is 0.721, follow auc is 0.642, 5s auc is 0.676, 10s auc is 0.683, 18s auc is 0.701
Epoch 43 val loss is 2.191, scene 2, click auc is 0.717, like auc is 0.788, follow auc is 0.815, 5s auc is 0.707, 10s auc is 0.720, 18s auc is 0.743
Epoch 43 val loss is 2.191, scene 3, click auc is 0.733, like auc is 0.771, follow auc is 0.750, 5s auc is 0.737, 10s auc is 0.751, 18s auc is 0.766
Epoch 43 val loss is 2.191, scene 4, click auc is 0.714, like auc is 0.753, follow auc is 0.675, 5s auc is 0.708, 10s auc is 0.718, 18s auc is 0.718
Epoch 44 train loss is 2.189, total scene, click auc is 0.790, like auc is 0.814, follow auc is 0.857, 5s auc is 0.795, 10s auc is 0.794, 18s auc is 0.805
Epoch 44 val loss is 2.283, total scene, click auc is 0.766, like auc is 0.799, follow auc is 0.814, 5s auc is 0.772, 10s auc is 0.770, 18s auc is 0.782
Epoch 44 val loss is 2.189, scene 1, click auc is 0.661, like auc is 0.718, follow auc is 0.744, 5s auc is 0.678, 10s auc is 0.685, 18s auc is 0.703
Epoch 44 val loss is 2.189, scene 2, click auc is 0.718, like auc is 0.789, follow auc is 0.817, 5s auc is 0.707, 10s auc is 0.721, 18s auc is 0.744
Epoch 44 val loss is 2.189, scene 3, click auc is 0.734, like auc is 0.766, follow auc is 0.734, 5s auc is 0.738, 10s auc is 0.752, 18s auc is 0.766
Epoch 44 val loss is 2.189, scene 4, click auc is 0.714, like auc is 0.760, follow auc is 0.693, 5s auc is 0.708, 10s auc is 0.717, 18s auc is 0.717
Epoch 45 train loss is 2.186, total scene, click auc is 0.791, like auc is 0.816, follow auc is 0.856, 5s auc is 0.795, 10s auc is 0.795, 18s auc is 0.806
Epoch 45 val loss is 2.283, total scene, click auc is 0.767, like auc is 0.800, follow auc is 0.813, 5s auc is 0.772, 10s auc is 0.770, 18s auc is 0.783
Epoch 45 val loss is 2.186, scene 1, click auc is 0.661, like auc is 0.724, follow auc is 0.711, 5s auc is 0.678, 10s auc is 0.683, 18s auc is 0.702
Epoch 45 val loss is 2.186, scene 2, click auc is 0.718, like auc is 0.791, follow auc is 0.816, 5s auc is 0.708, 10s auc is 0.721, 18s auc is 0.744
Epoch 45 val loss is 2.186, scene 3, click auc is 0.735, like auc is 0.767, follow auc is 0.752, 5s auc is 0.739, 10s auc is 0.753, 18s auc is 0.768
Epoch 45 val loss is 2.186, scene 4, click auc is 0.715, like auc is 0.759, follow auc is 0.659, 5s auc is 0.709, 10s auc is 0.719, 18s auc is 0.719
Epoch 46 train loss is 2.184, total scene, click auc is 0.792, like auc is 0.817, follow auc is 0.858, 5s auc is 0.796, 10s auc is 0.795, 18s auc is 0.807
Epoch 46 val loss is 2.282, total scene, click auc is 0.767, like auc is 0.801, follow auc is 0.817, 5s auc is 0.773, 10s auc is 0.770, 18s auc is 0.783
Epoch 46 val loss is 2.184, scene 1, click auc is 0.662, like auc is 0.724, follow auc is 0.698, 5s auc is 0.678, 10s auc is 0.686, 18s auc is 0.704
Epoch 46 val loss is 2.184, scene 2, click auc is 0.719, like auc is 0.792, follow auc is 0.821, 5s auc is 0.708, 10s auc is 0.721, 18s auc is 0.745
Epoch 46 val loss is 2.184, scene 3, click auc is 0.735, like auc is 0.771, follow auc is 0.761, 5s auc is 0.739, 10s auc is 0.754, 18s auc is 0.768
Epoch 46 val loss is 2.184, scene 4, click auc is 0.715, like auc is 0.759, follow auc is 0.693, 5s auc is 0.709, 10s auc is 0.718, 18s auc is 0.718
Epoch 47 train loss is 2.181, total scene, click auc is 0.792, like auc is 0.818, follow auc is 0.858, 5s auc is 0.796, 10s auc is 0.796, 18s auc is 0.807
Epoch 47 val loss is 2.281, total scene, click auc is 0.767, like auc is 0.802, follow auc is 0.811, 5s auc is 0.773, 10s auc is 0.771, 18s auc is 0.783
Epoch 47 val loss is 2.181, scene 1, click auc is 0.662, like auc is 0.723, follow auc is 0.669, 5s auc is 0.679, 10s auc is 0.685, 18s auc is 0.703
Epoch 47 val loss is 2.181, scene 2, click auc is 0.719, like auc is 0.793, follow auc is 0.812, 5s auc is 0.709, 10s auc is 0.722, 18s auc is 0.745
Epoch 47 val loss is 2.181, scene 3, click auc is 0.734, like auc is 0.768, follow auc is 0.744, 5s auc is 0.739, 10s auc is 0.753, 18s auc is 0.768
Epoch 47 val loss is 2.181, scene 4, click auc is 0.716, like auc is 0.761, follow auc is 0.670, 5s auc is 0.710, 10s auc is 0.720, 18s auc is 0.720
Epoch 48 train loss is 2.179, total scene, click auc is 0.793, like auc is 0.820, follow auc is 0.858, 5s auc is 0.797, 10s auc is 0.796, 18s auc is 0.808
Epoch 48 val loss is 2.280, total scene, click auc is 0.767, like auc is 0.802, follow auc is 0.806, 5s auc is 0.773, 10s auc is 0.771, 18s auc is 0.783
Epoch 48 val loss is 2.179, scene 1, click auc is 0.663, like auc is 0.725, follow auc is 0.676, 5s auc is 0.679, 10s auc is 0.685, 18s auc is 0.703
Epoch 48 val loss is 2.179, scene 2, click auc is 0.719, like auc is 0.793, follow auc is 0.808, 5s auc is 0.709, 10s auc is 0.722, 18s auc is 0.745
Epoch 48 val loss is 2.179, scene 3, click auc is 0.735, like auc is 0.768, follow auc is 0.746, 5s auc is 0.740, 10s auc is 0.753, 18s auc is 0.768
Epoch 48 val loss is 2.179, scene 4, click auc is 0.716, like auc is 0.762, follow auc is 0.689, 5s auc is 0.710, 10s auc is 0.720, 18s auc is 0.720
Epoch 49 train loss is 2.177, total scene, click auc is 0.793, like auc is 0.821, follow auc is 0.858, 5s auc is 0.797, 10s auc is 0.797, 18s auc is 0.808
Epoch 49 val loss is 2.279, total scene, click auc is 0.768, like auc is 0.805, follow auc is 0.815, 5s auc is 0.774, 10s auc is 0.771, 18s auc is 0.783
Epoch 49 val loss is 2.177, scene 1, click auc is 0.664, like auc is 0.721, follow auc is 0.666, 5s auc is 0.680, 10s auc is 0.687, 18s auc is 0.705
Epoch 49 val loss is 2.177, scene 2, click auc is 0.720, like auc is 0.796, follow auc is 0.818, 5s auc is 0.709, 10s auc is 0.722, 18s auc is 0.746
Epoch 49 val loss is 2.177, scene 3, click auc is 0.735, like auc is 0.775, follow auc is 0.762, 5s auc is 0.738, 10s auc is 0.752, 18s auc is 0.767
Epoch 49 val loss is 2.177, scene 4, click auc is 0.716, like auc is 0.763, follow auc is 0.692, 5s auc is 0.710, 10s auc is 0.720, 18s auc is 0.720
Epoch 50 train loss is 2.175, total scene, click auc is 0.794, like auc is 0.822, follow auc is 0.861, 5s auc is 0.798, 10s auc is 0.797, 18s auc is 0.809
Epoch 50 val loss is 2.278, total scene, click auc is 0.768, like auc is 0.805, follow auc is 0.816, 5s auc is 0.773, 10s auc is 0.771, 18s auc is 0.784
Epoch 50 val loss is 2.175, scene 1, click auc is 0.663, like auc is 0.729, follow auc is 0.692, 5s auc is 0.680, 10s auc is 0.687, 18s auc is 0.704
Epoch 50 val loss is 2.175, scene 2, click auc is 0.720, like auc is 0.796, follow auc is 0.820, 5s auc is 0.709, 10s auc is 0.722, 18s auc is 0.746
Epoch 50 val loss is 2.175, scene 3, click auc is 0.735, like auc is 0.767, follow auc is 0.759, 5s auc is 0.739, 10s auc is 0.753, 18s auc is 0.769
Epoch 50 val loss is 2.175, scene 4, click auc is 0.717, like auc is 0.765, follow auc is 0.704, 5s auc is 0.710, 10s auc is 0.720, 18s auc is 0.720
Epoch 51 train loss is 2.173, total scene, click auc is 0.794, like auc is 0.824, follow auc is 0.860, 5s auc is 0.798, 10s auc is 0.798, 18s auc is 0.809
Epoch 51 val loss is 2.278, total scene, click auc is 0.768, like auc is 0.807, follow auc is 0.811, 5s auc is 0.774, 10s auc is 0.772, 18s auc is 0.784
Epoch 51 val loss is 2.173, scene 1, click auc is 0.664, like auc is 0.723, follow auc is 0.619, 5s auc is 0.682, 10s auc is 0.688, 18s auc is 0.706
Epoch 51 val loss is 2.173, scene 2, click auc is 0.720, like auc is 0.798, follow auc is 0.815, 5s auc is 0.710, 10s auc is 0.723, 18s auc is 0.747
Epoch 51 val loss is 2.173, scene 3, click auc is 0.736, like auc is 0.785, follow auc is 0.755, 5s auc is 0.740, 10s auc is 0.754, 18s auc is 0.769
Epoch 51 val loss is 2.173, scene 4, click auc is 0.717, like auc is 0.765, follow auc is 0.685, 5s auc is 0.711, 10s auc is 0.721, 18s auc is 0.721
Epoch 52 train loss is 2.171, total scene, click auc is 0.794, like auc is 0.825, follow auc is 0.862, 5s auc is 0.799, 10s auc is 0.798, 18s auc is 0.809
Epoch 52 val loss is 2.277, total scene, click auc is 0.768, like auc is 0.808, follow auc is 0.815, 5s auc is 0.774, 10s auc is 0.772, 18s auc is 0.784
Epoch 52 val loss is 2.171, scene 1, click auc is 0.664, like auc is 0.719, follow auc is 0.637, 5s auc is 0.681, 10s auc is 0.687, 18s auc is 0.702
Epoch 52 val loss is 2.171, scene 2, click auc is 0.720, like auc is 0.799, follow auc is 0.818, 5s auc is 0.710, 10s auc is 0.723, 18s auc is 0.747
Epoch 52 val loss is 2.171, scene 3, click auc is 0.735, like auc is 0.785, follow auc is 0.755, 5s auc is 0.739, 10s auc is 0.753, 18s auc is 0.768
Epoch 52 val loss is 2.171, scene 4, click auc is 0.717, like auc is 0.766, follow auc is 0.695, 5s auc is 0.711, 10s auc is 0.721, 18s auc is 0.721
Epoch 53 train loss is 2.169, total scene, click auc is 0.795, like auc is 0.826, follow auc is 0.863, 5s auc is 0.799, 10s auc is 0.799, 18s auc is 0.810
Epoch 53 val loss is 2.278, total scene, click auc is 0.768, like auc is 0.808, follow auc is 0.812, 5s auc is 0.774, 10s auc is 0.772, 18s auc is 0.784
Epoch 53 val loss is 2.169, scene 1, click auc is 0.665, like auc is 0.731, follow auc is 0.636, 5s auc is 0.683, 10s auc is 0.689, 18s auc is 0.707
Epoch 53 val loss is 2.169, scene 2, click auc is 0.721, like auc is 0.800, follow auc is 0.815, 5s auc is 0.710, 10s auc is 0.723, 18s auc is 0.746
Epoch 53 val loss is 2.169, scene 3, click auc is 0.735, like auc is 0.773, follow auc is 0.758, 5s auc is 0.739, 10s auc is 0.753, 18s auc is 0.768
Epoch 53 val loss is 2.169, scene 4, click auc is 0.717, like auc is 0.767, follow auc is 0.686, 5s auc is 0.711, 10s auc is 0.720, 18s auc is 0.720
Epoch 54 train loss is 2.167, total scene, click auc is 0.795, like auc is 0.827, follow auc is 0.862, 5s auc is 0.799, 10s auc is 0.799, 18s auc is 0.810
Epoch 54 val loss is 2.276, total scene, click auc is 0.768, like auc is 0.810, follow auc is 0.815, 5s auc is 0.774, 10s auc is 0.772, 18s auc is 0.785
Epoch 54 val loss is 2.167, scene 1, click auc is 0.665, like auc is 0.724, follow auc is 0.588, 5s auc is 0.682, 10s auc is 0.687, 18s auc is 0.705
Epoch 54 val loss is 2.167, scene 2, click auc is 0.721, like auc is 0.802, follow auc is 0.817, 5s auc is 0.710, 10s auc is 0.723, 18s auc is 0.747
Epoch 54 val loss is 2.167, scene 3, click auc is 0.735, like auc is 0.787, follow auc is 0.768, 5s auc is 0.739, 10s auc is 0.753, 18s auc is 0.768
Epoch 54 val loss is 2.167, scene 4, click auc is 0.718, like auc is 0.768, follow auc is 0.681, 5s auc is 0.712, 10s auc is 0.722, 18s auc is 0.722
Epoch 55 train loss is 2.166, total scene, click auc is 0.796, like auc is 0.829, follow auc is 0.861, 5s auc is 0.800, 10s auc is 0.799, 18s auc is 0.810
Epoch 55 val loss is 2.275, total scene, click auc is 0.769, like auc is 0.812, follow auc is 0.810, 5s auc is 0.775, 10s auc is 0.772, 18s auc is 0.785
Epoch 55 val loss is 2.166, scene 1, click auc is 0.665, like auc is 0.726, follow auc is 0.590, 5s auc is 0.681, 10s auc is 0.687, 18s auc is 0.706
Epoch 55 val loss is 2.166, scene 2, click auc is 0.721, like auc is 0.803, follow auc is 0.813, 5s auc is 0.711, 10s auc is 0.724, 18s auc is 0.747
Epoch 55 val loss is 2.166, scene 3, click auc is 0.735, like auc is 0.785, follow auc is 0.754, 5s auc is 0.740, 10s auc is 0.754, 18s auc is 0.768
Epoch 55 val loss is 2.166, scene 4, click auc is 0.717, like auc is 0.773, follow auc is 0.668, 5s auc is 0.712, 10s auc is 0.722, 18s auc is 0.722
Epoch 56 train loss is 2.164, total scene, click auc is 0.796, like auc is 0.830, follow auc is 0.864, 5s auc is 0.800, 10s auc is 0.800, 18s auc is 0.811
Epoch 56 val loss is 2.276, total scene, click auc is 0.769, like auc is 0.812, follow auc is 0.812, 5s auc is 0.775, 10s auc is 0.772, 18s auc is 0.785
Epoch 56 val loss is 2.164, scene 1, click auc is 0.666, like auc is 0.728, follow auc is 0.569, 5s auc is 0.682, 10s auc is 0.688, 18s auc is 0.706
Epoch 56 val loss is 2.164, scene 2, click auc is 0.721, like auc is 0.803, follow auc is 0.814, 5s auc is 0.711, 10s auc is 0.724, 18s auc is 0.747
Epoch 56 val loss is 2.164, scene 3, click auc is 0.736, like auc is 0.783, follow auc is 0.769, 5s auc is 0.739, 10s auc is 0.753, 18s auc is 0.769
Epoch 56 val loss is 2.164, scene 4, click auc is 0.717, like auc is 0.770, follow auc is 0.701, 5s auc is 0.711, 10s auc is 0.721, 18s auc is 0.721
Epoch 57 train loss is 2.163, total scene, click auc is 0.796, like auc is 0.831, follow auc is 0.864, 5s auc is 0.800, 10s auc is 0.800, 18s auc is 0.811
Epoch 57 val loss is 2.273, total scene, click auc is 0.769, like auc is 0.813, follow auc is 0.810, 5s auc is 0.775, 10s auc is 0.773, 18s auc is 0.785
Epoch 57 val loss is 2.163, scene 1, click auc is 0.665, like auc is 0.723, follow auc is 0.591, 5s auc is 0.681, 10s auc is 0.688, 18s auc is 0.706
Epoch 57 val loss is 2.163, scene 2, click auc is 0.722, like auc is 0.805, follow auc is 0.812, 5s auc is 0.711, 10s auc is 0.724, 18s auc is 0.748
Epoch 57 val loss is 2.163, scene 3, click auc is 0.736, like auc is 0.785, follow auc is 0.754, 5s auc is 0.740, 10s auc is 0.754, 18s auc is 0.769
Epoch 57 val loss is 2.163, scene 4, click auc is 0.718, like auc is 0.770, follow auc is 0.702, 5s auc is 0.712, 10s auc is 0.722, 18s auc is 0.722
Epoch 58 train loss is 2.161, total scene, click auc is 0.797, like auc is 0.832, follow auc is 0.865, 5s auc is 0.800, 10s auc is 0.800, 18s auc is 0.811
Epoch 58 val loss is 2.276, total scene, click auc is 0.769, like auc is 0.813, follow auc is 0.813, 5s auc is 0.775, 10s auc is 0.772, 18s auc is 0.785
Epoch 58 val loss is 2.161, scene 1, click auc is 0.666, like auc is 0.726, follow auc is 0.562, 5s auc is 0.683, 10s auc is 0.689, 18s auc is 0.706
Epoch 58 val loss is 2.161, scene 2, click auc is 0.721, like auc is 0.806, follow auc is 0.815, 5s auc is 0.711, 10s auc is 0.724, 18s auc is 0.748
Epoch 58 val loss is 2.161, scene 3, click auc is 0.736, like auc is 0.783, follow auc is 0.756, 5s auc is 0.740, 10s auc is 0.755, 18s auc is 0.769
Epoch 58 val loss is 2.161, scene 4, click auc is 0.718, like auc is 0.772, follow auc is 0.703, 5s auc is 0.712, 10s auc is 0.722, 18s auc is 0.722
Epoch 59 train loss is 2.160, total scene, click auc is 0.797, like auc is 0.833, follow auc is 0.864, 5s auc is 0.801, 10s auc is 0.801, 18s auc is 0.812
Epoch 59 val loss is 2.273, total scene, click auc is 0.769, like auc is 0.815, follow auc is 0.810, 5s auc is 0.775, 10s auc is 0.772, 18s auc is 0.785
Epoch 59 val loss is 2.160, scene 1, click auc is 0.666, like auc is 0.724, follow auc is 0.624, 5s auc is 0.682, 10s auc is 0.688, 18s auc is 0.705
Epoch 59 val loss is 2.160, scene 2, click auc is 0.721, like auc is 0.807, follow auc is 0.811, 5s auc is 0.711, 10s auc is 0.724, 18s auc is 0.748
Epoch 59 val loss is 2.160, scene 3, click auc is 0.735, like auc is 0.786, follow auc is 0.761, 5s auc is 0.740, 10s auc is 0.753, 18s auc is 0.769
Epoch 59 val loss is 2.160, scene 4, click auc is 0.718, like auc is 0.774, follow auc is 0.693, 5s auc is 0.712, 10s auc is 0.723, 18s auc is 0.723
Epoch 60 train loss is 2.159, total scene, click auc is 0.797, like auc is 0.834, follow auc is 0.866, 5s auc is 0.801, 10s auc is 0.801, 18s auc is 0.812
Epoch 60 val loss is 2.274, total scene, click auc is 0.769, like auc is 0.814, follow auc is 0.817, 5s auc is 0.775, 10s auc is 0.773, 18s auc is 0.785
Epoch 60 val loss is 2.159, scene 1, click auc is 0.667, like auc is 0.720, follow auc is 0.622, 5s auc is 0.683, 10s auc is 0.689, 18s auc is 0.708
Epoch 60 val loss is 2.159, scene 2, click auc is 0.722, like auc is 0.806, follow auc is 0.819, 5s auc is 0.712, 10s auc is 0.724, 18s auc is 0.748
Epoch 60 val loss is 2.159, scene 3, click auc is 0.736, like auc is 0.791, follow auc is 0.761, 5s auc is 0.740, 10s auc is 0.754, 18s auc is 0.769
Epoch 60 val loss is 2.159, scene 4, click auc is 0.719, like auc is 0.773, follow auc is 0.713, 5s auc is 0.713, 10s auc is 0.722, 18s auc is 0.722
Epoch 61 train loss is 2.157, total scene, click auc is 0.797, like auc is 0.836, follow auc is 0.866, 5s auc is 0.801, 10s auc is 0.801, 18s auc is 0.812
Epoch 61 val loss is 2.277, total scene, click auc is 0.769, like auc is 0.816, follow auc is 0.808, 5s auc is 0.775, 10s auc is 0.773, 18s auc is 0.785
Epoch 61 val loss is 2.157, scene 1, click auc is 0.665, like auc is 0.729, follow auc is 0.615, 5s auc is 0.682, 10s auc is 0.688, 18s auc is 0.705
Epoch 61 val loss is 2.157, scene 2, click auc is 0.722, like auc is 0.808, follow auc is 0.810, 5s auc is 0.712, 10s auc is 0.724, 18s auc is 0.748
Epoch 61 val loss is 2.157, scene 3, click auc is 0.736, like auc is 0.784, follow auc is 0.765, 5s auc is 0.741, 10s auc is 0.754, 18s auc is 0.769
Epoch 61 val loss is 2.157, scene 4, click auc is 0.719, like auc is 0.778, follow auc is 0.680, 5s auc is 0.712, 10s auc is 0.722, 18s auc is 0.722
Epoch 62 train loss is 2.156, total scene, click auc is 0.797, like auc is 0.837, follow auc is 0.868, 5s auc is 0.801, 10s auc is 0.801, 18s auc is 0.812
Epoch 62 val loss is 2.274, total scene, click auc is 0.770, like auc is 0.818, follow auc is 0.812, 5s auc is 0.775, 10s auc is 0.773, 18s auc is 0.786
Epoch 62 val loss is 2.156, scene 1, click auc is 0.666, like auc is 0.726, follow auc is 0.563, 5s auc is 0.683, 10s auc is 0.688, 18s auc is 0.706
Epoch 62 val loss is 2.156, scene 2, click auc is 0.722, like auc is 0.811, follow auc is 0.815, 5s auc is 0.712, 10s auc is 0.725, 18s auc is 0.748
Epoch 62 val loss is 2.156, scene 3, click auc is 0.736, like auc is 0.792, follow auc is 0.761, 5s auc is 0.741, 10s auc is 0.754, 18s auc is 0.769
Epoch 62 val loss is 2.156, scene 4, click auc is 0.719, like auc is 0.776, follow auc is 0.686, 5s auc is 0.712, 10s auc is 0.722, 18s auc is 0.722
Epoch 63 train loss is 2.155, total scene, click auc is 0.798, like auc is 0.837, follow auc is 0.866, 5s auc is 0.802, 10s auc is 0.802, 18s auc is 0.813
Epoch 63 val loss is 2.273, total scene, click auc is 0.770, like auc is 0.818, follow auc is 0.810, 5s auc is 0.775, 10s auc is 0.773, 18s auc is 0.786
Epoch 63 val loss is 2.155, scene 1, click auc is 0.666, like auc is 0.730, follow auc is 0.611, 5s auc is 0.683, 10s auc is 0.688, 18s auc is 0.705
Epoch 63 val loss is 2.155, scene 2, click auc is 0.722, like auc is 0.811, follow auc is 0.812, 5s auc is 0.712, 10s auc is 0.725, 18s auc is 0.749
Epoch 63 val loss is 2.155, scene 3, click auc is 0.736, like auc is 0.791, follow auc is 0.756, 5s auc is 0.740, 10s auc is 0.754, 18s auc is 0.769
Epoch 63 val loss is 2.155, scene 4, click auc is 0.718, like auc is 0.777, follow auc is 0.704, 5s auc is 0.713, 10s auc is 0.722, 18s auc is 0.722
Epoch 64 train loss is 2.154, total scene, click auc is 0.798, like auc is 0.839, follow auc is 0.868, 5s auc is 0.802, 10s auc is 0.802, 18s auc is 0.813
Epoch 64 val loss is 2.274, total scene, click auc is 0.770, like auc is 0.819, follow auc is 0.811, 5s auc is 0.775, 10s auc is 0.773, 18s auc is 0.786
Epoch 64 val loss is 2.154, scene 1, click auc is 0.667, like auc is 0.733, follow auc is 0.581, 5s auc is 0.684, 10s auc is 0.689, 18s auc is 0.708
Epoch 64 val loss is 2.154, scene 2, click auc is 0.722, like auc is 0.812, follow auc is 0.811, 5s auc is 0.712, 10s auc is 0.725, 18s auc is 0.749
Epoch 64 val loss is 2.154, scene 3, click auc is 0.735, like auc is 0.784, follow auc is 0.767, 5s auc is 0.740, 10s auc is 0.754, 18s auc is 0.769
Epoch 64 val loss is 2.154, scene 4, click auc is 0.719, like auc is 0.780, follow auc is 0.689, 5s auc is 0.713, 10s auc is 0.722, 18s auc is 0.722
Epoch 65 train loss is 2.152, total scene, click auc is 0.798, like auc is 0.840, follow auc is 0.867, 5s auc is 0.802, 10s auc is 0.802, 18s auc is 0.813
Epoch 65 val loss is 2.270, total scene, click auc is 0.769, like auc is 0.821, follow auc is 0.809, 5s auc is 0.775, 10s auc is 0.773, 18s auc is 0.786
Epoch 65 val loss is 2.152, scene 1, click auc is 0.666, like auc is 0.727, follow auc is 0.647, 5s auc is 0.681, 10s auc is 0.688, 18s auc is 0.705
Epoch 65 val loss is 2.152, scene 2, click auc is 0.722, like auc is 0.814, follow auc is 0.811, 5s auc is 0.712, 10s auc is 0.725, 18s auc is 0.749
Epoch 65 val loss is 2.152, scene 3, click auc is 0.735, like auc is 0.796, follow auc is 0.762, 5s auc is 0.740, 10s auc is 0.753, 18s auc is 0.768
Epoch 65 val loss is 2.152, scene 4, click auc is 0.719, like auc is 0.783, follow auc is 0.687, 5s auc is 0.713, 10s auc is 0.723, 18s auc is 0.723
Epoch 66 train loss is 2.152, total scene, click auc is 0.798, like auc is 0.841, follow auc is 0.868, 5s auc is 0.802, 10s auc is 0.802, 18s auc is 0.813
Epoch 66 val loss is 2.273, total scene, click auc is 0.769, like auc is 0.821, follow auc is 0.812, 5s auc is 0.775, 10s auc is 0.773, 18s auc is 0.786
Epoch 66 val loss is 2.152, scene 1, click auc is 0.666, like auc is 0.731, follow auc is 0.631, 5s auc is 0.683, 10s auc is 0.688, 18s auc is 0.705
Epoch 66 val loss is 2.152, scene 2, click auc is 0.722, like auc is 0.814, follow auc is 0.811, 5s auc is 0.712, 10s auc is 0.725, 18s auc is 0.749
Epoch 66 val loss is 2.152, scene 3, click auc is 0.736, like auc is 0.791, follow auc is 0.769, 5s auc is 0.740, 10s auc is 0.754, 18s auc is 0.769
Epoch 66 val loss is 2.152, scene 4, click auc is 0.719, like auc is 0.782, follow auc is 0.707, 5s auc is 0.712, 10s auc is 0.722, 18s auc is 0.722
Epoch 67 train loss is 2.150, total scene, click auc is 0.799, like auc is 0.842, follow auc is 0.868, 5s auc is 0.803, 10s auc is 0.802, 18s auc is 0.814
Epoch 67 val loss is 2.273, total scene, click auc is 0.770, like auc is 0.822, follow auc is 0.808, 5s auc is 0.775, 10s auc is 0.773, 18s auc is 0.786
Epoch 67 val loss is 2.150, scene 1, click auc is 0.667, like auc is 0.732, follow auc is 0.589, 5s auc is 0.684, 10s auc is 0.689, 18s auc is 0.707
Epoch 67 val loss is 2.150, scene 2, click auc is 0.722, like auc is 0.815, follow auc is 0.811, 5s auc is 0.712, 10s auc is 0.725, 18s auc is 0.749
Epoch 67 val loss is 2.150, scene 3, click auc is 0.736, like auc is 0.788, follow auc is 0.764, 5s auc is 0.740, 10s auc is 0.754, 18s auc is 0.770
Epoch 67 val loss is 2.150, scene 4, click auc is 0.719, like auc is 0.782, follow auc is 0.676, 5s auc is 0.713, 10s auc is 0.723, 18s auc is 0.723
Epoch 68 train loss is 2.149, total scene, click auc is 0.799, like auc is 0.843, follow auc is 0.869, 5s auc is 0.803, 10s auc is 0.803, 18s auc is 0.814
Epoch 68 val loss is 2.273, total scene, click auc is 0.770, like auc is 0.820, follow auc is 0.812, 5s auc is 0.775, 10s auc is 0.773, 18s auc is 0.786
Epoch 68 val loss is 2.149, scene 1, click auc is 0.666, like auc is 0.738, follow auc is 0.594, 5s auc is 0.683, 10s auc is 0.687, 18s auc is 0.705
Epoch 68 val loss is 2.149, scene 2, click auc is 0.722, like auc is 0.814, follow auc is 0.815, 5s auc is 0.712, 10s auc is 0.725, 18s auc is 0.749
Epoch 68 val loss is 2.149, scene 3, click auc is 0.736, like auc is 0.782, follow auc is 0.767, 5s auc is 0.741, 10s auc is 0.754, 18s auc is 0.769
Epoch 68 val loss is 2.149, scene 4, click auc is 0.719, like auc is 0.782, follow auc is 0.683, 5s auc is 0.713, 10s auc is 0.723, 18s auc is 0.723
Epoch 69 train loss is 2.148, total scene, click auc is 0.799, like auc is 0.844, follow auc is 0.869, 5s auc is 0.803, 10s auc is 0.803, 18s auc is 0.814
Epoch 69 val loss is 2.271, total scene, click auc is 0.770, like auc is 0.823, follow auc is 0.811, 5s auc is 0.775, 10s auc is 0.773, 18s auc is 0.786
Epoch 69 val loss is 2.148, scene 1, click auc is 0.666, like auc is 0.726, follow auc is 0.560, 5s auc is 0.683, 10s auc is 0.687, 18s auc is 0.704
Epoch 69 val loss is 2.148, scene 2, click auc is 0.723, like auc is 0.816, follow auc is 0.813, 5s auc is 0.712, 10s auc is 0.725, 18s auc is 0.749
Epoch 69 val loss is 2.148, scene 3, click auc is 0.736, like auc is 0.800, follow auc is 0.770, 5s auc is 0.740, 10s auc is 0.754, 18s auc is 0.770
Epoch 69 val loss is 2.148, scene 4, click auc is 0.719, like auc is 0.782, follow auc is 0.688, 5s auc is 0.713, 10s auc is 0.722, 18s auc is 0.722
Epoch 70 train loss is 2.147, total scene, click auc is 0.799, like auc is 0.845, follow auc is 0.869, 5s auc is 0.803, 10s auc is 0.803, 18s auc is 0.814
Epoch 70 val loss is 2.271, total scene, click auc is 0.770, like auc is 0.823, follow auc is 0.813, 5s auc is 0.775, 10s auc is 0.773, 18s auc is 0.786
Epoch 70 val loss is 2.147, scene 1, click auc is 0.667, like auc is 0.733, follow auc is 0.652, 5s auc is 0.684, 10s auc is 0.689, 18s auc is 0.706
Epoch 70 val loss is 2.147, scene 2, click auc is 0.723, like auc is 0.816, follow auc is 0.815, 5s auc is 0.712, 10s auc is 0.725, 18s auc is 0.749
Epoch 70 val loss is 2.147, scene 3, click auc is 0.736, like auc is 0.789, follow auc is 0.769, 5s auc is 0.740, 10s auc is 0.754, 18s auc is 0.769
Epoch 70 val loss is 2.147, scene 4, click auc is 0.719, like auc is 0.784, follow auc is 0.701, 5s auc is 0.713, 10s auc is 0.723, 18s auc is 0.723
Epoch 71 train loss is 2.146, total scene, click auc is 0.799, like auc is 0.846, follow auc is 0.871, 5s auc is 0.803, 10s auc is 0.803, 18s auc is 0.814
Epoch 71 val loss is 2.276, total scene, click auc is 0.770, like auc is 0.825, follow auc is 0.810, 5s auc is 0.775, 10s auc is 0.773, 18s auc is 0.786
Epoch 71 val loss is 2.146, scene 1, click auc is 0.666, like auc is 0.733, follow auc is 0.604, 5s auc is 0.683, 10s auc is 0.688, 18s auc is 0.704
Epoch 71 val loss is 2.146, scene 2, click auc is 0.722, like auc is 0.819, follow auc is 0.812, 5s auc is 0.712, 10s auc is 0.725, 18s auc is 0.749
Epoch 71 val loss is 2.146, scene 3, click auc is 0.736, like auc is 0.792, follow auc is 0.777, 5s auc is 0.740, 10s auc is 0.754, 18s auc is 0.769
Epoch 71 val loss is 2.146, scene 4, click auc is 0.719, like auc is 0.784, follow auc is 0.657, 5s auc is 0.712, 10s auc is 0.723, 18s auc is 0.723
Epoch 72 train loss is 2.145, total scene, click auc is 0.800, like auc is 0.847, follow auc is 0.870, 5s auc is 0.803, 10s auc is 0.803, 18s auc is 0.814
Epoch 72 val loss is 2.272, total scene, click auc is 0.770, like auc is 0.826, follow auc is 0.814, 5s auc is 0.776, 10s auc is 0.773, 18s auc is 0.786
Epoch 72 val loss is 2.145, scene 1, click auc is 0.667, like auc is 0.736, follow auc is 0.626, 5s auc is 0.684, 10s auc is 0.689, 18s auc is 0.707
Epoch 72 val loss is 2.145, scene 2, click auc is 0.723, like auc is 0.820, follow auc is 0.817, 5s auc is 0.712, 10s auc is 0.725, 18s auc is 0.749
Epoch 72 val loss is 2.145, scene 3, click auc is 0.736, like auc is 0.791, follow auc is 0.771, 5s auc is 0.740, 10s auc is 0.754, 18s auc is 0.769
Epoch 72 val loss is 2.145, scene 4, click auc is 0.719, like auc is 0.786, follow auc is 0.689, 5s auc is 0.713, 10s auc is 0.723, 18s auc is 0.723
Epoch 73 train loss is 2.144, total scene, click auc is 0.800, like auc is 0.848, follow auc is 0.872, 5s auc is 0.804, 10s auc is 0.803, 18s auc is 0.815
Epoch 73 val loss is 2.276, total scene, click auc is 0.770, like auc is 0.826, follow auc is 0.810, 5s auc is 0.775, 10s auc is 0.773, 18s auc is 0.786
Epoch 73 val loss is 2.144, scene 1, click auc is 0.665, like auc is 0.729, follow auc is 0.587, 5s auc is 0.682, 10s auc is 0.686, 18s auc is 0.703
Epoch 73 val loss is 2.144, scene 2, click auc is 0.723, like auc is 0.820, follow auc is 0.810, 5s auc is 0.712, 10s auc is 0.725, 18s auc is 0.749
Epoch 73 val loss is 2.144, scene 3, click auc is 0.736, like auc is 0.798, follow auc is 0.766, 5s auc is 0.740, 10s auc is 0.754, 18s auc is 0.769
Epoch 73 val loss is 2.144, scene 4, click auc is 0.719, like auc is 0.788, follow auc is 0.687, 5s auc is 0.712, 10s auc is 0.722, 18s auc is 0.722
Epoch 74 train loss is 2.144, total scene, click auc is 0.800, like auc is 0.850, follow auc is 0.872, 5s auc is 0.804, 10s auc is 0.804, 18s auc is 0.815
Epoch 74 val loss is 2.271, total scene, click auc is 0.770, like auc is 0.827, follow auc is 0.811, 5s auc is 0.775, 10s auc is 0.773, 18s auc is 0.786
Epoch 74 val loss is 2.144, scene 1, click auc is 0.667, like auc is 0.736, follow auc is 0.559, 5s auc is 0.683, 10s auc is 0.688, 18s auc is 0.705
Epoch 74 val loss is 2.144, scene 2, click auc is 0.723, like auc is 0.821, follow auc is 0.813, 5s auc is 0.712, 10s auc is 0.725, 18s auc is 0.749
Epoch 74 val loss is 2.144, scene 3, click auc is 0.736, like auc is 0.803, follow auc is 0.776, 5s auc is 0.740, 10s auc is 0.754, 18s auc is 0.769
Epoch 74 val loss is 2.144, scene 4, click auc is 0.719, like auc is 0.788, follow auc is 0.679, 5s auc is 0.713, 10s auc is 0.723, 18s auc is 0.723
Epoch 75 train loss is 2.142, total scene, click auc is 0.800, like auc is 0.850, follow auc is 0.872, 5s auc is 0.804, 10s auc is 0.804, 18s auc is 0.815
Epoch 75 val loss is 2.275, total scene, click auc is 0.770, like auc is 0.828, follow auc is 0.806, 5s auc is 0.776, 10s auc is 0.773, 18s auc is 0.786
Epoch 75 val loss is 2.142, scene 1, click auc is 0.667, like auc is 0.737, follow auc is 0.562, 5s auc is 0.684, 10s auc is 0.688, 18s auc is 0.706
Epoch 75 val loss is 2.142, scene 2, click auc is 0.723, like auc is 0.823, follow auc is 0.809, 5s auc is 0.712, 10s auc is 0.725, 18s auc is 0.749
Epoch 75 val loss is 2.142, scene 3, click auc is 0.735, like auc is 0.794, follow auc is 0.767, 5s auc is 0.739, 10s auc is 0.752, 18s auc is 0.768
Epoch 75 val loss is 2.142, scene 4, click auc is 0.719, like auc is 0.791, follow auc is 0.687, 5s auc is 0.713, 10s auc is 0.723, 18s auc is 0.723
Epoch 76 train loss is 2.141, total scene, click auc is 0.800, like auc is 0.851, follow auc is 0.873, 5s auc is 0.804, 10s auc is 0.804, 18s auc is 0.815
Epoch 76 val loss is 2.272, total scene, click auc is 0.770, like auc is 0.828, follow auc is 0.808, 5s auc is 0.775, 10s auc is 0.773, 18s auc is 0.786
Epoch 76 val loss is 2.141, scene 1, click auc is 0.667, like auc is 0.739, follow auc is 0.542, 5s auc is 0.685, 10s auc is 0.688, 18s auc is 0.706
Epoch 76 val loss is 2.141, scene 2, click auc is 0.723, like auc is 0.822, follow auc is 0.811, 5s auc is 0.712, 10s auc is 0.725, 18s auc is 0.749
Epoch 76 val loss is 2.141, scene 3, click auc is 0.736, like auc is 0.796, follow auc is 0.775, 5s auc is 0.740, 10s auc is 0.753, 18s auc is 0.769
Epoch 76 val loss is 2.141, scene 4, click auc is 0.719, like auc is 0.790, follow auc is 0.680, 5s auc is 0.713, 10s auc is 0.722, 18s auc is 0.722
Epoch 77 train loss is 2.141, total scene, click auc is 0.800, like auc is 0.852, follow auc is 0.874, 5s auc is 0.804, 10s auc is 0.804, 18s auc is 0.815
Epoch 77 val loss is 2.273, total scene, click auc is 0.770, like auc is 0.829, follow auc is 0.807, 5s auc is 0.775, 10s auc is 0.773, 18s auc is 0.786
Epoch 77 val loss is 2.141, scene 1, click auc is 0.666, like auc is 0.732, follow auc is 0.561, 5s auc is 0.683, 10s auc is 0.688, 18s auc is 0.705
Epoch 77 val loss is 2.141, scene 2, click auc is 0.723, like auc is 0.823, follow auc is 0.807, 5s auc is 0.712, 10s auc is 0.725, 18s auc is 0.749
Epoch 77 val loss is 2.141, scene 3, click auc is 0.735, like auc is 0.800, follow auc is 0.763, 5s auc is 0.739, 10s auc is 0.753, 18s auc is 0.768
Epoch 77 val loss is 2.141, scene 4, click auc is 0.719, like auc is 0.788, follow auc is 0.674, 5s auc is 0.713, 10s auc is 0.722, 18s auc is 0.722
Epoch 78 train loss is 2.140, total scene, click auc is 0.800, like auc is 0.853, follow auc is 0.874, 5s auc is 0.804, 10s auc is 0.804, 18s auc is 0.815
Epoch 78 val loss is 2.273, total scene, click auc is 0.770, like auc is 0.830, follow auc is 0.803, 5s auc is 0.776, 10s auc is 0.773, 18s auc is 0.786
Epoch 78 val loss is 2.140, scene 1, click auc is 0.667, like auc is 0.736, follow auc is 0.570, 5s auc is 0.684, 10s auc is 0.689, 18s auc is 0.705
Epoch 78 val loss is 2.140, scene 2, click auc is 0.723, like auc is 0.825, follow auc is 0.805, 5s auc is 0.712, 10s auc is 0.725, 18s auc is 0.749
Epoch 78 val loss is 2.140, scene 3, click auc is 0.736, like auc is 0.802, follow auc is 0.755, 5s auc is 0.740, 10s auc is 0.753, 18s auc is 0.769
Epoch 78 val loss is 2.140, scene 4, click auc is 0.719, like auc is 0.790, follow auc is 0.671, 5s auc is 0.713, 10s auc is 0.722, 18s auc is 0.722
Epoch 79 train loss is 2.140, total scene, click auc is 0.801, like auc is 0.854, follow auc is 0.874, 5s auc is 0.804, 10s auc is 0.804, 18s auc is 0.815
Epoch 79 val loss is 2.274, total scene, click auc is 0.770, like auc is 0.830, follow auc is 0.809, 5s auc is 0.775, 10s auc is 0.773, 18s auc is 0.786
Epoch 79 val loss is 2.140, scene 1, click auc is 0.667, like auc is 0.738, follow auc is 0.607, 5s auc is 0.683, 10s auc is 0.688, 18s auc is 0.705
Epoch 79 val loss is 2.140, scene 2, click auc is 0.723, like auc is 0.825, follow auc is 0.813, 5s auc is 0.712, 10s auc is 0.725, 18s auc is 0.749
Epoch 79 val loss is 2.140, scene 3, click auc is 0.735, like auc is 0.798, follow auc is 0.770, 5s auc is 0.740, 10s auc is 0.753, 18s auc is 0.769
Epoch 79 val loss is 2.140, scene 4, click auc is 0.719, like auc is 0.793, follow auc is 0.675, 5s auc is 0.713, 10s auc is 0.723, 18s auc is 0.723
Epoch 80 train loss is 2.138, total scene, click auc is 0.801, like auc is 0.855, follow auc is 0.873, 5s auc is 0.804, 10s auc is 0.804, 18s auc is 0.816
Epoch 80 val loss is 2.271, total scene, click auc is 0.770, like auc is 0.832, follow auc is 0.806, 5s auc is 0.776, 10s auc is 0.773, 18s auc is 0.786
Epoch 80 val loss is 2.138, scene 1, click auc is 0.666, like auc is 0.733, follow auc is 0.561, 5s auc is 0.682, 10s auc is 0.686, 18s auc is 0.704
Epoch 80 val loss is 2.138, scene 2, click auc is 0.723, like auc is 0.826, follow auc is 0.807, 5s auc is 0.712, 10s auc is 0.725, 18s auc is 0.750
Epoch 80 val loss is 2.138, scene 3, click auc is 0.735, like auc is 0.800, follow auc is 0.759, 5s auc is 0.739, 10s auc is 0.753, 18s auc is 0.769
Epoch 80 val loss is 2.138, scene 4, click auc is 0.719, like auc is 0.795, follow auc is 0.685, 5s auc is 0.713, 10s auc is 0.722, 18s auc is 0.722
Epoch 81 train loss is 2.138, total scene, click auc is 0.801, like auc is 0.856, follow auc is 0.875, 5s auc is 0.805, 10s auc is 0.805, 18s auc is 0.816
Epoch 81 val loss is 2.272, total scene, click auc is 0.770, like auc is 0.832, follow auc is 0.811, 5s auc is 0.775, 10s auc is 0.773, 18s auc is 0.786
Epoch 81 val loss is 2.138, scene 1, click auc is 0.666, like auc is 0.739, follow auc is 0.609, 5s auc is 0.684, 10s auc is 0.688, 18s auc is 0.705
Epoch 81 val loss is 2.138, scene 2, click auc is 0.722, like auc is 0.827, follow auc is 0.813, 5s auc is 0.712, 10s auc is 0.725, 18s auc is 0.749
Epoch 81 val loss is 2.138, scene 3, click auc is 0.735, like auc is 0.802, follow auc is 0.770, 5s auc is 0.739, 10s auc is 0.753, 18s auc is 0.769
Epoch 81 val loss is 2.138, scene 4, click auc is 0.719, like auc is 0.793, follow auc is 0.691, 5s auc is 0.712, 10s auc is 0.722, 18s auc is 0.722
Epoch 82 train loss is 2.136, total scene, click auc is 0.801, like auc is 0.857, follow auc is 0.875, 5s auc is 0.805, 10s auc is 0.805, 18s auc is 0.816
Epoch 82 val loss is 2.274, total scene, click auc is 0.770, like auc is 0.832, follow auc is 0.804, 5s auc is 0.775, 10s auc is 0.773, 18s auc is 0.786
Epoch 82 val loss is 2.136, scene 1, click auc is 0.666, like auc is 0.740, follow auc is 0.625, 5s auc is 0.682, 10s auc is 0.686, 18s auc is 0.704
Epoch 82 val loss is 2.136, scene 2, click auc is 0.723, like auc is 0.827, follow auc is 0.804, 5s auc is 0.712, 10s auc is 0.725, 18s auc is 0.750
Epoch 82 val loss is 2.136, scene 3, click auc is 0.735, like auc is 0.801, follow auc is 0.766, 5s auc is 0.739, 10s auc is 0.752, 18s auc is 0.768
Epoch 82 val loss is 2.136, scene 4, click auc is 0.719, like auc is 0.796, follow auc is 0.661, 5s auc is 0.713, 10s auc is 0.722, 18s auc is 0.722
Epoch 83 train loss is 2.136, total scene, click auc is 0.801, like auc is 0.858, follow auc is 0.875, 5s auc is 0.805, 10s auc is 0.805, 18s auc is 0.816
Epoch 83 val loss is 2.275, total scene, click auc is 0.770, like auc is 0.833, follow auc is 0.810, 5s auc is 0.775, 10s auc is 0.773, 18s auc is 0.786
Epoch 83 val loss is 2.136, scene 1, click auc is 0.667, like auc is 0.732, follow auc is 0.544, 5s auc is 0.683, 10s auc is 0.688, 18s auc is 0.705
Epoch 83 val loss is 2.136, scene 2, click auc is 0.723, like auc is 0.828, follow auc is 0.813, 5s auc is 0.712, 10s auc is 0.725, 18s auc is 0.749
Epoch 83 val loss is 2.136, scene 3, click auc is 0.735, like auc is 0.805, follow auc is 0.770, 5s auc is 0.739, 10s auc is 0.752, 18s auc is 0.768
Epoch 83 val loss is 2.136, scene 4, click auc is 0.718, like auc is 0.793, follow auc is 0.695, 5s auc is 0.712, 10s auc is 0.721, 18s auc is 0.721
Epoch 84 train loss is 2.136, total scene, click auc is 0.801, like auc is 0.859, follow auc is 0.876, 5s auc is 0.805, 10s auc is 0.805, 18s auc is 0.816
Epoch 84 val loss is 2.275, total scene, click auc is 0.770, like auc is 0.834, follow auc is 0.813, 5s auc is 0.775, 10s auc is 0.773, 18s auc is 0.786
Epoch 84 val loss is 2.136, scene 1, click auc is 0.666, like auc is 0.741, follow auc is 0.616, 5s auc is 0.683, 10s auc is 0.687, 18s auc is 0.704
Epoch 84 val loss is 2.136, scene 2, click auc is 0.723, like auc is 0.829, follow auc is 0.813, 5s auc is 0.712, 10s auc is 0.725, 18s auc is 0.749
Epoch 84 val loss is 2.136, scene 3, click auc is 0.735, like auc is 0.800, follow auc is 0.771, 5s auc is 0.740, 10s auc is 0.753, 18s auc is 0.768
Epoch 84 val loss is 2.136, scene 4, click auc is 0.718, like auc is 0.794, follow auc is 0.686, 5s auc is 0.712, 10s auc is 0.722, 18s auc is 0.722
Epoch 85 train loss is 2.135, total scene, click auc is 0.801, like auc is 0.860, follow auc is 0.876, 5s auc is 0.805, 10s auc is 0.805, 18s auc is 0.816
Epoch 85 val loss is 2.273, total scene, click auc is 0.770, like auc is 0.835, follow auc is 0.808, 5s auc is 0.775, 10s auc is 0.773, 18s auc is 0.786
Epoch 85 val loss is 2.135, scene 1, click auc is 0.667, like auc is 0.742, follow auc is 0.602, 5s auc is 0.681, 10s auc is 0.686, 18s auc is 0.702
Epoch 85 val loss is 2.135, scene 2, click auc is 0.723, like auc is 0.830, follow auc is 0.810, 5s auc is 0.712, 10s auc is 0.725, 18s auc is 0.749
Epoch 85 val loss is 2.135, scene 3, click auc is 0.734, like auc is 0.799, follow auc is 0.773, 5s auc is 0.739, 10s auc is 0.752, 18s auc is 0.768
Epoch 85 val loss is 2.135, scene 4, click auc is 0.719, like auc is 0.800, follow auc is 0.672, 5s auc is 0.712, 10s auc is 0.722, 18s auc is 0.722
Epoch 86 train loss is 2.134, total scene, click auc is 0.802, like auc is 0.861, follow auc is 0.876, 5s auc is 0.805, 10s auc is 0.805, 18s auc is 0.816
Epoch 86 val loss is 2.274, total scene, click auc is 0.770, like auc is 0.836, follow auc is 0.808, 5s auc is 0.775, 10s auc is 0.773, 18s auc is 0.786
Epoch 86 val loss is 2.134, scene 1, click auc is 0.667, like auc is 0.739, follow auc is 0.545, 5s auc is 0.683, 10s auc is 0.688, 18s auc is 0.705
Epoch 86 val loss is 2.134, scene 2, click auc is 0.723, like auc is 0.831, follow auc is 0.809, 5s auc is 0.712, 10s auc is 0.725, 18s auc is 0.750
Epoch 86 val loss is 2.134, scene 3, click auc is 0.735, like auc is 0.807, follow auc is 0.770, 5s auc is 0.739, 10s auc is 0.752, 18s auc is 0.768
Epoch 86 val loss is 2.134, scene 4, click auc is 0.718, like auc is 0.799, follow auc is 0.674, 5s auc is 0.712, 10s auc is 0.722, 18s auc is 0.722
Epoch 87 train loss is 2.134, total scene, click auc is 0.802, like auc is 0.861, follow auc is 0.878, 5s auc is 0.805, 10s auc is 0.805, 18s auc is 0.816
Epoch 87 val loss is 2.272, total scene, click auc is 0.769, like auc is 0.836, follow auc is 0.808, 5s auc is 0.775, 10s auc is 0.773, 18s auc is 0.786
Epoch 87 val loss is 2.134, scene 1, click auc is 0.666, like auc is 0.740, follow auc is 0.573, 5s auc is 0.683, 10s auc is 0.688, 18s auc is 0.704
Epoch 87 val loss is 2.134, scene 2, click auc is 0.722, like auc is 0.831, follow auc is 0.808, 5s auc is 0.712, 10s auc is 0.725, 18s auc is 0.750
Epoch 87 val loss is 2.134, scene 3, click auc is 0.734, like auc is 0.808, follow auc is 0.775, 5s auc is 0.739, 10s auc is 0.752, 18s auc is 0.768
Epoch 87 val loss is 2.134, scene 4, click auc is 0.718, like auc is 0.796, follow auc is 0.679, 5s auc is 0.712, 10s auc is 0.722, 18s auc is 0.722
Epoch 88 train loss is 2.132, total scene, click auc is 0.802, like auc is 0.862, follow auc is 0.878, 5s auc is 0.805, 10s auc is 0.805, 18s auc is 0.817
Epoch 88 val loss is 2.280, total scene, click auc is 0.769, like auc is 0.835, follow auc is 0.808, 5s auc is 0.775, 10s auc is 0.773, 18s auc is 0.786
Epoch 88 val loss is 2.132, scene 1, click auc is 0.666, like auc is 0.742, follow auc is 0.572, 5s auc is 0.683, 10s auc is 0.687, 18s auc is 0.704
Epoch 88 val loss is 2.132, scene 2, click auc is 0.722, like auc is 0.830, follow auc is 0.808, 5s auc is 0.712, 10s auc is 0.725, 18s auc is 0.749
Epoch 88 val loss is 2.132, scene 3, click auc is 0.735, like auc is 0.801, follow auc is 0.762, 5s auc is 0.739, 10s auc is 0.752, 18s auc is 0.768
Epoch 88 val loss is 2.132, scene 4, click auc is 0.718, like auc is 0.798, follow auc is 0.700, 5s auc is 0.712, 10s auc is 0.722, 18s auc is 0.722
Epoch 89 train loss is 2.132, total scene, click auc is 0.802, like auc is 0.863, follow auc is 0.878, 5s auc is 0.806, 10s auc is 0.806, 18s auc is 0.817
Epoch 89 val loss is 2.276, total scene, click auc is 0.770, like auc is 0.838, follow auc is 0.815, 5s auc is 0.775, 10s auc is 0.773, 18s auc is 0.786
Epoch 89 val loss is 2.132, scene 1, click auc is 0.666, like auc is 0.740, follow auc is 0.560, 5s auc is 0.682, 10s auc is 0.686, 18s auc is 0.703
Epoch 89 val loss is 2.132, scene 2, click auc is 0.723, like auc is 0.833, follow auc is 0.816, 5s auc is 0.712, 10s auc is 0.725, 18s auc is 0.750
Epoch 89 val loss is 2.132, scene 3, click auc is 0.735, like auc is 0.810, follow auc is 0.778, 5s auc is 0.740, 10s auc is 0.753, 18s auc is 0.768
Epoch 89 val loss is 2.132, scene 4, click auc is 0.718, like auc is 0.801, follow auc is 0.677, 5s auc is 0.712, 10s auc is 0.721, 18s auc is 0.721
Epoch 90 train loss is 2.132, total scene, click auc is 0.802, like auc is 0.864, follow auc is 0.878, 5s auc is 0.806, 10s auc is 0.806, 18s auc is 0.817
Epoch 90 val loss is 2.277, total scene, click auc is 0.769, like auc is 0.838, follow auc is 0.811, 5s auc is 0.775, 10s auc is 0.773, 18s auc is 0.786
Epoch 90 val loss is 2.132, scene 1, click auc is 0.666, like auc is 0.743, follow auc is 0.516, 5s auc is 0.681, 10s auc is 0.686, 18s auc is 0.702
Epoch 90 val loss is 2.132, scene 2, click auc is 0.722, like auc is 0.834, follow auc is 0.812, 5s auc is 0.712, 10s auc is 0.725, 18s auc is 0.749
Epoch 90 val loss is 2.132, scene 3, click auc is 0.735, like auc is 0.804, follow auc is 0.771, 5s auc is 0.739, 10s auc is 0.753, 18s auc is 0.768
Epoch 90 val loss is 2.132, scene 4, click auc is 0.717, like auc is 0.802, follow auc is 0.693, 5s auc is 0.711, 10s auc is 0.721, 18s auc is 0.721
Epoch 91 train loss is 2.130, total scene, click auc is 0.802, like auc is 0.865, follow auc is 0.879, 5s auc is 0.806, 10s auc is 0.806, 18s auc is 0.817
Epoch 91 val loss is 2.276, total scene, click auc is 0.769, like auc is 0.838, follow auc is 0.806, 5s auc is 0.775, 10s auc is 0.772, 18s auc is 0.786
Epoch 91 val loss is 2.130, scene 1, click auc is 0.666, like auc is 0.743, follow auc is 0.566, 5s auc is 0.683, 10s auc is 0.687, 18s auc is 0.704
Epoch 91 val loss is 2.130, scene 2, click auc is 0.722, like auc is 0.834, follow auc is 0.807, 5s auc is 0.712, 10s auc is 0.725, 18s auc is 0.749
Epoch 91 val loss is 2.130, scene 3, click auc is 0.735, like auc is 0.806, follow auc is 0.765, 5s auc is 0.738, 10s auc is 0.752, 18s auc is 0.768
Epoch 91 val loss is 2.130, scene 4, click auc is 0.718, like auc is 0.802, follow auc is 0.694, 5s auc is 0.711, 10s auc is 0.721, 18s auc is 0.721
Epoch 92 train loss is 2.130, total scene, click auc is 0.802, like auc is 0.865, follow auc is 0.879, 5s auc is 0.806, 10s auc is 0.806, 18s auc is 0.817
Epoch 92 val loss is 2.271, total scene, click auc is 0.769, like auc is 0.840, follow auc is 0.811, 5s auc is 0.775, 10s auc is 0.773, 18s auc is 0.786
Epoch 92 val loss is 2.130, scene 1, click auc is 0.666, like auc is 0.738, follow auc is 0.591, 5s auc is 0.682, 10s auc is 0.686, 18s auc is 0.703
Epoch 92 val loss is 2.130, scene 2, click auc is 0.722, like auc is 0.835, follow auc is 0.813, 5s auc is 0.712, 10s auc is 0.725, 18s auc is 0.750
Epoch 92 val loss is 2.130, scene 3, click auc is 0.734, like auc is 0.812, follow auc is 0.763, 5s auc is 0.739, 10s auc is 0.752, 18s auc is 0.768
Epoch 92 val loss is 2.130, scene 4, click auc is 0.718, like auc is 0.804, follow auc is 0.679, 5s auc is 0.712, 10s auc is 0.721, 18s auc is 0.721
Epoch 93 train loss is 2.129, total scene, click auc is 0.802, like auc is 0.866, follow auc is 0.879, 5s auc is 0.806, 10s auc is 0.806, 18s auc is 0.817
Epoch 93 val loss is 2.279, total scene, click auc is 0.769, like auc is 0.839, follow auc is 0.809, 5s auc is 0.775, 10s auc is 0.773, 18s auc is 0.786
Epoch 93 val loss is 2.129, scene 1, click auc is 0.665, like auc is 0.745, follow auc is 0.560, 5s auc is 0.682, 10s auc is 0.685, 18s auc is 0.702
Epoch 93 val loss is 2.129, scene 2, click auc is 0.722, like auc is 0.835, follow auc is 0.810, 5s auc is 0.712, 10s auc is 0.725, 18s auc is 0.749
Epoch 93 val loss is 2.129, scene 3, click auc is 0.734, like auc is 0.803, follow auc is 0.783, 5s auc is 0.738, 10s auc is 0.752, 18s auc is 0.767
Epoch 93 val loss is 2.129, scene 4, click auc is 0.718, like auc is 0.803, follow auc is 0.678, 5s auc is 0.711, 10s auc is 0.721, 18s auc is 0.721
Epoch 94 train loss is 2.129, total scene, click auc is 0.802, like auc is 0.867, follow auc is 0.879, 5s auc is 0.806, 10s auc is 0.806, 18s auc is 0.817
Epoch 94 val loss is 2.276, total scene, click auc is 0.769, like auc is 0.840, follow auc is 0.799, 5s auc is 0.775, 10s auc is 0.772, 18s auc is 0.786
Epoch 94 val loss is 2.129, scene 1, click auc is 0.665, like auc is 0.747, follow auc is 0.560, 5s auc is 0.681, 10s auc is 0.685, 18s auc is 0.702
Epoch 94 val loss is 2.129, scene 2, click auc is 0.722, like auc is 0.836, follow auc is 0.802, 5s auc is 0.712, 10s auc is 0.724, 18s auc is 0.749
Epoch 94 val loss is 2.129, scene 3, click auc is 0.734, like auc is 0.801, follow auc is 0.759, 5s auc is 0.739, 10s auc is 0.752, 18s auc is 0.768
Epoch 94 val loss is 2.129, scene 4, click auc is 0.718, like auc is 0.803, follow auc is 0.684, 5s auc is 0.711, 10s auc is 0.721, 18s auc is 0.721
Epoch 95 train loss is 2.128, total scene, click auc is 0.802, like auc is 0.868, follow auc is 0.881, 5s auc is 0.806, 10s auc is 0.806, 18s auc is 0.817
Epoch 95 val loss is 2.278, total scene, click auc is 0.769, like auc is 0.841, follow auc is 0.803, 5s auc is 0.775, 10s auc is 0.772, 18s auc is 0.786
Epoch 95 val loss is 2.128, scene 1, click auc is 0.665, like auc is 0.744, follow auc is 0.580, 5s auc is 0.681, 10s auc is 0.685, 18s auc is 0.704
Epoch 95 val loss is 2.128, scene 2, click auc is 0.722, like auc is 0.837, follow auc is 0.804, 5s auc is 0.712, 10s auc is 0.725, 18s auc is 0.750
Epoch 95 val loss is 2.128, scene 3, click auc is 0.734, like auc is 0.806, follow auc is 0.762, 5s auc is 0.739, 10s auc is 0.752, 18s auc is 0.768
Epoch 95 val loss is 2.128, scene 4, click auc is 0.718, like auc is 0.804, follow auc is 0.678, 5s auc is 0.712, 10s auc is 0.721, 18s auc is 0.721
Epoch 96 train loss is 2.128, total scene, click auc is 0.803, like auc is 0.869, follow auc is 0.880, 5s auc is 0.806, 10s auc is 0.806, 18s auc is 0.817
Epoch 96 val loss is 2.274, total scene, click auc is 0.769, like auc is 0.841, follow auc is 0.811, 5s auc is 0.775, 10s auc is 0.772, 18s auc is 0.786
Epoch 96 val loss is 2.128, scene 1, click auc is 0.666, like auc is 0.748, follow auc is 0.531, 5s auc is 0.682, 10s auc is 0.686, 18s auc is 0.704
Epoch 96 val loss is 2.128, scene 2, click auc is 0.722, like auc is 0.836, follow auc is 0.814, 5s auc is 0.712, 10s auc is 0.725, 18s auc is 0.749
Epoch 96 val loss is 2.128, scene 3, click auc is 0.735, like auc is 0.809, follow auc is 0.783, 5s auc is 0.739, 10s auc is 0.753, 18s auc is 0.768
Epoch 96 val loss is 2.128, scene 4, click auc is 0.718, like auc is 0.806, follow auc is 0.660, 5s auc is 0.711, 10s auc is 0.721, 18s auc is 0.721
Epoch 97 train loss is 2.127, total scene, click auc is 0.803, like auc is 0.870, follow auc is 0.881, 5s auc is 0.806, 10s auc is 0.806, 18s auc is 0.818
Epoch 97 val loss is 2.273, total scene, click auc is 0.769, like auc is 0.842, follow auc is 0.808, 5s auc is 0.775, 10s auc is 0.772, 18s auc is 0.786
Epoch 97 val loss is 2.127, scene 1, click auc is 0.666, like auc is 0.743, follow auc is 0.532, 5s auc is 0.682, 10s auc is 0.686, 18s auc is 0.703
Epoch 97 val loss is 2.127, scene 2, click auc is 0.722, like auc is 0.838, follow auc is 0.809, 5s auc is 0.712, 10s auc is 0.725, 18s auc is 0.750
Epoch 97 val loss is 2.127, scene 3, click auc is 0.734, like auc is 0.807, follow auc is 0.763, 5s auc is 0.738, 10s auc is 0.752, 18s auc is 0.768
Epoch 97 val loss is 2.127, scene 4, click auc is 0.718, like auc is 0.807, follow auc is 0.699, 5s auc is 0.711, 10s auc is 0.721, 18s auc is 0.721
Epoch 98 train loss is 2.127, total scene, click auc is 0.803, like auc is 0.871, follow auc is 0.882, 5s auc is 0.806, 10s auc is 0.806, 18s auc is 0.818
Epoch 98 val loss is 2.272, total scene, click auc is 0.769, like auc is 0.843, follow auc is 0.813, 5s auc is 0.775, 10s auc is 0.772, 18s auc is 0.786
Epoch 98 val loss is 2.127, scene 1, click auc is 0.666, like auc is 0.743, follow auc is 0.580, 5s auc is 0.682, 10s auc is 0.686, 18s auc is 0.701
Epoch 98 val loss is 2.127, scene 2, click auc is 0.722, like auc is 0.839, follow auc is 0.815, 5s auc is 0.712, 10s auc is 0.725, 18s auc is 0.749
Epoch 98 val loss is 2.127, scene 3, click auc is 0.734, like auc is 0.814, follow auc is 0.767, 5s auc is 0.738, 10s auc is 0.751, 18s auc is 0.767
Epoch 98 val loss is 2.127, scene 4, click auc is 0.718, like auc is 0.806, follow auc is 0.694, 5s auc is 0.711, 10s auc is 0.721, 18s auc is 0.721
Epoch 99 train loss is 2.126, total scene, click auc is 0.803, like auc is 0.871, follow auc is 0.882, 5s auc is 0.806, 10s auc is 0.806, 18s auc is 0.818
Epoch 99 val loss is 2.276, total scene, click auc is 0.769, like auc is 0.843, follow auc is 0.810, 5s auc is 0.775, 10s auc is 0.772, 18s auc is 0.786
Epoch 99 val loss is 2.126, scene 1, click auc is 0.666, like auc is 0.742, follow auc is 0.504, 5s auc is 0.682, 10s auc is 0.685, 18s auc is 0.702
Epoch 99 val loss is 2.126, scene 2, click auc is 0.722, like auc is 0.840, follow auc is 0.814, 5s auc is 0.712, 10s auc is 0.724, 18s auc is 0.749
Epoch 99 val loss is 2.126, scene 3, click auc is 0.734, like auc is 0.814, follow auc is 0.766, 5s auc is 0.739, 10s auc is 0.751, 18s auc is 0.767
Epoch 99 val loss is 2.126, scene 4, click auc is 0.717, like auc is 0.807, follow auc is 0.695, 5s auc is 0.711, 10s auc is 0.720, 18s auc is 0.720
Epoch 100 train loss is 2.126, total scene, click auc is 0.803, like auc is 0.872, follow auc is 0.882, 5s auc is 0.807, 10s auc is 0.807, 18s auc is 0.818
Epoch 100 val loss is 2.272, total scene, click auc is 0.769, like auc is 0.843, follow auc is 0.812, 5s auc is 0.775, 10s auc is 0.772, 18s auc is 0.786
Epoch 100 val loss is 2.126, scene 1, click auc is 0.666, like auc is 0.743, follow auc is 0.520, 5s auc is 0.682, 10s auc is 0.685, 18s auc is 0.702
Epoch 100 val loss is 2.126, scene 2, click auc is 0.722, like auc is 0.839, follow auc is 0.813, 5s auc is 0.712, 10s auc is 0.724, 18s auc is 0.749
Epoch 100 val loss is 2.126, scene 3, click auc is 0.734, like auc is 0.809, follow auc is 0.777, 5s auc is 0.739, 10s auc is 0.752, 18s auc is 0.767
Epoch 100 val loss is 2.126, scene 4, click auc is 0.717, like auc is 0.807, follow auc is 0.693, 5s auc is 0.711, 10s auc is 0.720, 18s auc is 0.720
