nohup: 忽略输入
2025-01-04 21:07:16.023292: I tensorflow/core/util/port.cc:110] oneDNN custom operations are on. You may see slightly different numerical results due to floating-point round-off errors from different computation orders. To turn them off, set the environment variable `TF_ENABLE_ONEDNN_OPTS=0`.
2025-01-04 21:07:16.072980: I tensorflow/core/platform/cpu_feature_guard.cc:182] This TensorFlow binary is optimized to use available CPU instructions in performance-critical operations.
To enable the following instructions: AVX2 AVX512F AVX512_VNNI FMA, in other operations, rebuild TensorFlow with the appropriate compiler flags.
2025-01-04 21:07:16.802661: W tensorflow/compiler/tf2tensorrt/utils/py_utils.cc:38] TF-TRT Warning: Could not find TensorRT
Namespace(add_num_times=2, alpha=0.4, anneal_cap=0.2, bert_mask_prob=0.3, best_metric='NDCG@10', block_num=2, cand_num=100, ch=True, context_window=2, dataset_path='data/KuaiRand/kuai.csv', decay_step=5, device='cpu', dilations=[1, 4], dropout=0.3, early_stop=True, embedding_size=32, epochs=20, eval=True, factor_num=128, gamma=0.5, hidden_size=128, hidden_size_list=[128, 128], init_method='default', is_mp=False, is_parallel=False, is_pretrain=1, item_min=10, k=20, kd=False, kernel_size=3, l2_emb=0.0, latent_dim=128, lifelong_eval=True, ll_max_itemnum=0, local_rank=None, loss_type='BPR', lr=0.0001, max_len=20, mess_dropout=0.1, metric_ks=[5, 20], model_name='ple', mtl_task_num=6, negsample_savefolder='./data/neg_data/', negsample_size=99, node_dropout=0.1, num_embedding=1, num_gpu=1, num_groups=4, num_heads=4, num_items=1, num_labels=1, num_ng=4, num_users=1, optimizer='default', pad_token=0, pretrain_path='', prun_rate=0, re_epochs=20, reg_1=0.0, reg_2=0.0, rho=0.5, sample='random', sample_method='high-pop', sample_ratio=0.3, save_path='./checkpoint/', seed=100, source_path='', target_path='', task=-1, task1_out=0, task2_out=0, task3_out=0, task4_out=0, task_name='mtl', task_num=4, temp=7, test_batch_size=4096, test_method='ufo', test_size=0.1, total_anneal_steps=1000, train_batch_size=4096, user_profile='gender', val_batch_size=4096, val_method='ufo', val_size=0.1111, valid_rate=100, weight_decay=0.0)
digit_columns: ['show_user_num', 'play_user_num', 'complete_play_user_num', 'valid_play_user_num'] to index
  0%|          | 0/4 [00:00<?, ?it/s] 25%|██▌       | 1/4 [00:00<00:00,  6.17it/s] 50%|█████     | 2/4 [00:00<00:00,  6.26it/s] 75%|███████▌  | 3/4 [00:00<00:00,  6.12it/s]100%|██████████| 4/4 [00:00<00:00,  6.32it/s]100%|██████████| 4/4 [00:00<00:00,  6.27it/s]
categorical_columns: ['user_id', 'video_id', 'follow_user_num_range', 'tab', 'fans_user_num_range', 'friend_user_num_range', 'author_id', 'video_type', 'music_type', 'show_user_num', 'play_user_num', 'complete_play_user_num', 'valid_play_user_num'] to index
  0%|          | 0/13 [00:00<?, ?it/s] 15%|█▌        | 2/13 [00:00<00:01, 10.60it/s] 31%|███       | 4/13 [00:00<00:01,  8.62it/s] 38%|███▊      | 5/13 [00:00<00:01,  7.25it/s] 46%|████▌     | 6/13 [00:00<00:01,  6.68it/s] 54%|█████▍    | 7/13 [00:00<00:00,  6.89it/s] 62%|██████▏   | 8/13 [00:01<00:00,  6.56it/s] 77%|███████▋  | 10/13 [00:01<00:00,  9.08it/s] 92%|█████████▏| 12/13 [00:01<00:00, 10.85it/s]100%|██████████| 13/13 [00:01<00:00,  9.04it/s]
0it [00:00, ?it/s]19it [00:00, 200.57it/s]
Epoch 1 train loss is 4.034, click auc is 0.621, like auc is 0.512, follow auc is 0.491, 5s auc is 0.637, 10s auc is 0.618, 18s auc is 0.606
Epoch 1 val loss is 3.717, click auc is 0.673, like auc is 0.632, follow auc is 0.549, 5s auc is 0.682, 10s auc is 0.675, 18s auc is 0.679
Epoch 2 train loss is 2.564, click auc is 0.677, like auc is 0.568, follow auc is 0.530, 5s auc is 0.685, 10s auc is 0.680, 18s auc is 0.682
Epoch 2 val loss is 2.501, click auc is 0.679, like auc is 0.639, follow auc is 0.595, 5s auc is 0.688, 10s auc is 0.683, 18s auc is 0.689
Epoch 3 train loss is 2.497, click auc is 0.682, like auc is 0.658, follow auc is 0.569, 5s auc is 0.690, 10s auc is 0.688, 18s auc is 0.695
Epoch 3 val loss is 2.493, click auc is 0.683, like auc is 0.663, follow auc is 0.640, 5s auc is 0.691, 10s auc is 0.687, 18s auc is 0.695
Epoch 4 train loss is 2.488, click auc is 0.687, like auc is 0.677, follow auc is 0.627, 5s auc is 0.695, 10s auc is 0.693, 18s auc is 0.702
Epoch 4 val loss is 2.486, click auc is 0.686, like auc is 0.678, follow auc is 0.690, 5s auc is 0.694, 10s auc is 0.691, 18s auc is 0.701
Epoch 5 train loss is 2.478, click auc is 0.692, like auc is 0.688, follow auc is 0.679, 5s auc is 0.699, 10s auc is 0.698, 18s auc is 0.708
Epoch 5 val loss is 2.482, click auc is 0.690, like auc is 0.689, follow auc is 0.730, 5s auc is 0.696, 10s auc is 0.695, 18s auc is 0.707
Epoch 6 train loss is 2.468, click auc is 0.696, like auc is 0.697, follow auc is 0.714, 5s auc is 0.704, 10s auc is 0.703, 18s auc is 0.714
Epoch 6 val loss is 2.469, click auc is 0.695, like auc is 0.697, follow auc is 0.750, 5s auc is 0.702, 10s auc is 0.700, 18s auc is 0.711
Epoch 7 train loss is 2.457, click auc is 0.702, like auc is 0.705, follow auc is 0.736, 5s auc is 0.709, 10s auc is 0.708, 18s auc is 0.720
Epoch 7 val loss is 2.462, click auc is 0.699, like auc is 0.704, follow auc is 0.763, 5s auc is 0.706, 10s auc is 0.705, 18s auc is 0.717
Epoch 8 train loss is 2.445, click auc is 0.707, like auc is 0.712, follow auc is 0.747, 5s auc is 0.714, 10s auc is 0.713, 18s auc is 0.726
Epoch 8 val loss is 2.451, click auc is 0.703, like auc is 0.709, follow auc is 0.774, 5s auc is 0.710, 10s auc is 0.709, 18s auc is 0.722
Epoch 9 train loss is 2.433, click auc is 0.712, like auc is 0.717, follow auc is 0.756, 5s auc is 0.719, 10s auc is 0.719, 18s auc is 0.731
Epoch 9 val loss is 2.442, click auc is 0.707, like auc is 0.715, follow auc is 0.786, 5s auc is 0.714, 10s auc is 0.713, 18s auc is 0.727
Epoch 10 train loss is 2.421, click auc is 0.717, like auc is 0.722, follow auc is 0.766, 5s auc is 0.724, 10s auc is 0.724, 18s auc is 0.736
Epoch 10 val loss is 2.437, click auc is 0.710, like auc is 0.719, follow auc is 0.789, 5s auc is 0.717, 10s auc is 0.715, 18s auc is 0.729
Epoch 11 train loss is 2.409, click auc is 0.722, like auc is 0.727, follow auc is 0.772, 5s auc is 0.729, 10s auc is 0.728, 18s auc is 0.741
Epoch 11 val loss is 2.426, click auc is 0.715, like auc is 0.723, follow auc is 0.802, 5s auc is 0.721, 10s auc is 0.721, 18s auc is 0.735
Epoch 12 train loss is 2.397, click auc is 0.727, like auc is 0.732, follow auc is 0.777, 5s auc is 0.733, 10s auc is 0.733, 18s auc is 0.746
Epoch 12 val loss is 2.418, click auc is 0.718, like auc is 0.723, follow auc is 0.802, 5s auc is 0.724, 10s auc is 0.724, 18s auc is 0.738
Epoch 13 train loss is 2.385, click auc is 0.731, like auc is 0.737, follow auc is 0.785, 5s auc is 0.738, 10s auc is 0.737, 18s auc is 0.750
Epoch 13 val loss is 2.408, click auc is 0.722, like auc is 0.730, follow auc is 0.811, 5s auc is 0.728, 10s auc is 0.728, 18s auc is 0.741
Epoch 14 train loss is 2.375, click auc is 0.736, like auc is 0.741, follow auc is 0.786, 5s auc is 0.742, 10s auc is 0.741, 18s auc is 0.754
Epoch 14 val loss is 2.399, click auc is 0.726, like auc is 0.736, follow auc is 0.809, 5s auc is 0.732, 10s auc is 0.731, 18s auc is 0.745
Epoch 15 train loss is 2.363, click auc is 0.740, like auc is 0.745, follow auc is 0.796, 5s auc is 0.746, 10s auc is 0.745, 18s auc is 0.758
Epoch 15 val loss is 2.390, click auc is 0.729, like auc is 0.738, follow auc is 0.816, 5s auc is 0.736, 10s auc is 0.734, 18s auc is 0.748
Epoch 16 train loss is 2.353, click auc is 0.743, like auc is 0.749, follow auc is 0.799, 5s auc is 0.749, 10s auc is 0.749, 18s auc is 0.761
Epoch 16 val loss is 2.383, click auc is 0.732, like auc is 0.742, follow auc is 0.818, 5s auc is 0.738, 10s auc is 0.737, 18s auc is 0.751
Epoch 17 train loss is 2.342, click auc is 0.747, like auc is 0.754, follow auc is 0.799, 5s auc is 0.753, 10s auc is 0.752, 18s auc is 0.765
Epoch 17 val loss is 2.375, click auc is 0.735, like auc is 0.745, follow auc is 0.814, 5s auc is 0.741, 10s auc is 0.740, 18s auc is 0.754
Epoch 18 train loss is 2.332, click auc is 0.750, like auc is 0.757, follow auc is 0.805, 5s auc is 0.756, 10s auc is 0.755, 18s auc is 0.768
Epoch 18 val loss is 2.369, click auc is 0.738, like auc is 0.747, follow auc is 0.809, 5s auc is 0.744, 10s auc is 0.742, 18s auc is 0.756
Epoch 19 train loss is 2.323, click auc is 0.753, like auc is 0.761, follow auc is 0.809, 5s auc is 0.759, 10s auc is 0.758, 18s auc is 0.771
Epoch 19 val loss is 2.365, click auc is 0.739, like auc is 0.750, follow auc is 0.820, 5s auc is 0.746, 10s auc is 0.744, 18s auc is 0.757
Epoch 20 train loss is 2.313, click auc is 0.756, like auc is 0.764, follow auc is 0.811, 5s auc is 0.762, 10s auc is 0.761, 18s auc is 0.773
Epoch 20 val loss is 2.356, click auc is 0.742, like auc is 0.753, follow auc is 0.815, 5s auc is 0.748, 10s auc is 0.747, 18s auc is 0.760
